# JRE version: Java(TM) SE Runtime Environment (8.0_191-b12) (build 1.8.0_191-b12)
# Java VM: Java HotSpot(TM) 64-Bit Server VM (25.191-b12 mixed mode linux-amd64 compressed oops)
Heap:
 PSYoungGen      total 54784K, used 35139K [0x00000000d6e00000, 0x00000000db100000, 0x0000000100000000)
  eden space 44032K, 76% used [0x00000000d6e00000,0x00000000d8eb5218,0x00000000d9900000)
  from space 10752K, 15% used [0x00000000da680000,0x00000000da81ba00,0x00000000db100000)
  to   space 12288K, 0% used [0x00000000d9900000,0x00000000d9900000,0x00000000da500000)
 ParOldGen       total 62976K, used 9921K [0x0000000084a00000, 0x0000000088780000, 0x00000000d6e00000)
  object space 62976K, 15% used [0x0000000084a00000,0x00000000853b0690,0x0000000088780000)
 Metaspace       used 22825K, capacity 23211K, committed 23344K, reserved 1069056K
  class space    used 2716K, capacity 2848K, committed 2944K, reserved 1048576K
GC Heap History (10 events):
Event: 5.437 GC heap before
{Heap before GC invocations=3 (full 0):
 PSYoungGen      total 36864K, used 36848K [0x00000000d6e00000, 0x00000000d9700000, 0x0000000100000000)
  eden space 31744K, 100% used [0x00000000d6e00000,0x00000000d8d00000,0x00000000d8d00000)
  from space 5120K, 99% used [0x00000000d9200000,0x00000000d96fc050,0x00000000d9700000)
  to   space 5120K, 0% used [0x00000000d8d00000,0x00000000d8d00000,0x00000000d9200000)
 ParOldGen       total 84992K, used 1659K [0x0000000084a00000, 0x0000000089d00000, 0x00000000d6e00000)
  object space 84992K, 1% used [0x0000000084a00000,0x0000000084b9ec40,0x0000000089d00000)
 Metaspace       used 18781K, capacity 19008K, committed 19328K, reserved 1067008K
  class space    used 2284K, capacity 2398K, committed 2432K, reserved 1048576K
Event: 5.451 GC heap after
Heap after GC invocations=3 (full 0):
 PSYoungGen      total 36864K, used 5099K [0x00000000d6e00000, 0x00000000d9700000, 0x0000000100000000)
  eden space 31744K, 0% used [0x00000000d6e00000,0x00000000d6e00000,0x00000000d8d00000)
  from space 5120K, 99% used [0x00000000d8d00000,0x00000000d91fafc0,0x00000000d9200000)
  to   space 5120K, 0% used [0x00000000d9200000,0x00000000d9200000,0x00000000d9700000)
 ParOldGen       total 84992K, used 6542K [0x0000000084a00000, 0x0000000089d00000, 0x00000000d6e00000)
  object space 84992K, 7% used [0x0000000084a00000,0x0000000085063b60,0x0000000089d00000)
 Metaspace       used 18781K, capacity 19008K, committed 19328K, reserved 1067008K
  class space    used 2284K, capacity 2398K, committed 2432K, reserved 1048576K
}
Event: 5.956 GC heap before
{Heap before GC invocations=4 (full 0):
 PSYoungGen      total 36864K, used 22920K [0x00000000d6e00000, 0x00000000d9700000, 0x0000000100000000)
  eden space 31744K, 56% used [0x00000000d6e00000,0x00000000d7f670f8,0x00000000d8d00000)
  from space 5120K, 99% used [0x00000000d8d00000,0x00000000d91fafc0,0x00000000d9200000)
  to   space 5120K, 0% used [0x00000000d9200000,0x00000000d9200000,0x00000000d9700000)
 ParOldGen       total 84992K, used 6542K [0x0000000084a00000, 0x0000000089d00000, 0x00000000d6e00000)
  object space 84992K, 7% used [0x0000000084a00000,0x0000000085063b60,0x0000000089d00000)
 Metaspace       used 20796K, capacity 21105K, committed 21296K, reserved 1069056K
  class space    used 2569K, capacity 2688K, committed 2688K, reserved 1048576K
Event: 5.966 GC heap after
Heap after GC invocations=4 (full 0):
 PSYoungGen      total 36864K, used 5095K [0x00000000d6e00000, 0x00000000db600000, 0x0000000100000000)
  eden space 31744K, 0% used [0x00000000d6e00000,0x00000000d6e00000,0x00000000d8d00000)
  from space 5120K, 99% used [0x00000000d9200000,0x00000000d96f9d88,0x00000000d9700000)
  to   space 5120K, 0% used [0x00000000d8d00000,0x00000000d8d00000,0x00000000d9200000)
 ParOldGen       total 84992K, used 9800K [0x0000000084a00000, 0x0000000089d00000, 0x00000000d6e00000)
  object space 84992K, 11% used [0x0000000084a00000,0x0000000085392110,0x0000000089d00000)
 Metaspace       used 20796K, capacity 21105K, committed 21296K, reserved 1069056K
  class space    used 2569K, capacity 2688K, committed 2688K, reserved 1048576K
}
Event: 5.966 GC heap before
{Heap before GC invocations=5 (full 1):
 PSYoungGen      total 36864K, used 5095K [0x00000000d6e00000, 0x00000000db600000, 0x0000000100000000)
  eden space 31744K, 0% used [0x00000000d6e00000,0x00000000d6e00000,0x00000000d8d00000)
  from space 5120K, 99% used [0x00000000d9200000,0x00000000d96f9d88,0x00000000d9700000)
  to   space 5120K, 0% used [0x00000000d8d00000,0x00000000d8d00000,0x00000000d9200000)
 ParOldGen       total 84992K, used 9800K [0x0000000084a00000, 0x0000000089d00000, 0x00000000d6e00000)
  object space 84992K, 11% used [0x0000000084a00000,0x0000000085392110,0x0000000089d00000)
 Metaspace       used 20796K, capacity 21105K, committed 21296K, reserved 1069056K
  class space    used 2569K, capacity 2688K, committed 2688K, reserved 1048576K
Event: 6.023 GC heap after
Heap after GC invocations=5 (full 1):
 PSYoungGen      total 36864K, used 0K [0x00000000d6e00000, 0x00000000db600000, 0x0000000100000000)
  eden space 31744K, 0% used [0x00000000d6e00000,0x00000000d6e00000,0x00000000d8d00000)
  from space 5120K, 0% used [0x00000000d9200000,0x00000000d9200000,0x00000000d9700000)
  to   space 5120K, 0% used [0x00000000d8d00000,0x00000000d8d00000,0x00000000d9200000)
 ParOldGen       total 62976K, used 9905K [0x0000000084a00000, 0x0000000088780000, 0x00000000d6e00000)
  object space 62976K, 15% used [0x0000000084a00000,0x00000000853ac690,0x0000000088780000)
 Metaspace       used 20796K, capacity 21105K, committed 21296K, reserved 1069056K
  class space    used 2569K, capacity 2688K, committed 2688K, reserved 1048576K
}
Event: 11.386 GC heap before
{Heap before GC invocations=6 (full 1):
 PSYoungGen      total 36864K, used 31744K [0x00000000d6e00000, 0x00000000db600000, 0x0000000100000000)
  eden space 31744K, 100% used [0x00000000d6e00000,0x00000000d8d00000,0x00000000d8d00000)
  from space 5120K, 0% used [0x00000000d9200000,0x00000000d9200000,0x00000000d9700000)
  to   space 5120K, 0% used [0x00000000d8d00000,0x00000000d8d00000,0x00000000d9200000)
 ParOldGen       total 62976K, used 9905K [0x0000000084a00000, 0x0000000088780000, 0x00000000d6e00000)
  object space 62976K, 15% used [0x0000000084a00000,0x00000000853ac690,0x0000000088780000)
 Metaspace       used 22026K, capacity 22341K, committed 22448K, reserved 1069056K
  class space    used 2694K, capacity 2805K, committed 2816K, reserved 1048576K
Event: 11.391 GC heap after
Heap after GC invocations=6 (full 1):
 PSYoungGen      total 36864K, used 1804K [0x00000000d6e00000, 0x00000000db200000, 0x0000000100000000)
  eden space 31744K, 0% used [0x00000000d6e00000,0x00000000d6e00000,0x00000000d8d00000)
  from space 5120K, 35% used [0x00000000d8d00000,0x00000000d8ec3238,0x00000000d9200000)
  to   space 11776K, 0% used [0x00000000da680000,0x00000000da680000,0x00000000db200000)
 ParOldGen       total 62976K, used 9913K [0x0000000084a00000, 0x0000000088780000, 0x00000000d6e00000)
  object space 62976K, 15% used [0x0000000084a00000,0x00000000853ae690,0x0000000088780000)
 Metaspace       used 22026K, capacity 22341K, committed 22448K, reserved 1069056K
  class space    used 2694K, capacity 2805K, committed 2816K, reserved 1048576K
}
Event: 55.140 GC heap before
{Heap before GC invocations=7 (full 1):
 PSYoungGen      total 36864K, used 33548K [0x00000000d6e00000, 0x00000000db200000, 0x0000000100000000)
  eden space 31744K, 100% used [0x00000000d6e00000,0x00000000d8d00000,0x00000000d8d00000)
  from space 5120K, 35% used [0x00000000d8d00000,0x00000000d8ec3238,0x00000000d9200000)
  to   space 11776K, 0% used [0x00000000da680000,0x00000000da680000,0x00000000db200000)
 ParOldGen       total 62976K, used 9913K [0x0000000084a00000, 0x0000000088780000, 0x00000000d6e00000)
  object space 62976K, 15% used [0x0000000084a00000,0x00000000853ae690,0x0000000088780000)
 Metaspace       used 22532K, capacity 22891K, committed 23088K, reserved 1069056K
  class space    used 2707K, capacity 2838K, committed 2944K, reserved 1048576K
Event: 55.149 GC heap after
Heap after GC invocations=7 (full 1):
 PSYoungGen      total 54784K, used 1646K [0x00000000d6e00000, 0x00000000db100000, 0x0000000100000000)
  eden space 44032K, 0% used [0x00000000d6e00000,0x00000000d6e00000,0x00000000d9900000)
  from space 10752K, 15% used [0x00000000da680000,0x00000000da81ba00,0x00000000db100000)
  to   space 12288K, 0% used [0x00000000d9900000,0x00000000d9900000,0x00000000da500000)
 ParOldGen       total 62976K, used 9921K [0x0000000084a00000, 0x0000000088780000, 0x00000000d6e00000)
  object space 62976K, 15% used [0x0000000084a00000,0x00000000853b0690,0x0000000088780000)
 Metaspace       used 22532K, capacity 22891K, committed 23088K, reserved 1069056K
  class space    used 2707K, capacity 2838K, committed 2944K, reserved 1048576K
}

