<?xml version="1.0" encoding="UTF-8"?>
<!-- Generated by org.testng.reporters.JUnitXMLReporter -->
<testsuite hostname="rohini" ignored="0" name="Data Profiling Group" tests="3" failures="1" timestamp="05 Mar 2019 14:54:09 GMT" time="81.442" errors="0">
  <testcase name="groupExecute" time="12.93" classname="com.inferyx.framework.dataProfiling.group.DataProfilingGroupExecute"/>
  <testcase name="groupKilled" time="41.939" classname="com.inferyx.framework.dataProfiling.group.DataProfilingGroupExecute"/>
  <testcase name="groupRestart" time="26.508" classname="com.inferyx.framework.dataProfiling.group.DataProfilingGroupExecute">
    <failure type="org.openqa.selenium.WebDriverException" message="unknown error: Element &amp;lt;a ng-disabled=&amp;quot;[&amp;apos;Killed&amp;apos;,&amp;apos;Failed&amp;apos;].indexOf(row.entity.status)==-1&amp;quot; ng-click=&amp;quot;grid.appScope.restartExec(row.entity)&amp;quot; disabled=&amp;quot;disabled&amp;quot;&amp;gt;...&amp;lt;/a&amp;gt; is not clickable at point (1118, 609). Other element would receive the click: &amp;lt;li&amp;gt;...&amp;lt;/li&amp;gt;
  (Session info: chrome=71.0.3578.98)
  (Driver info: chromedriver=2.41.578700 (2f1ed5f9343c13f73144538f15c00b370eda6706),platform=Linux 4.15.0-45-generic x86_64) (WARNING: The server did not provide any stacktrace information)
Command duration or timeout: 408 milliseconds
Build info: version: &amp;apos;3.2.0&amp;apos;, revision: &amp;apos;8c03df6b79&amp;apos;, time: &amp;apos;2017-02-23 10:51:31 +0000&amp;apos;
System info: host: &amp;apos;rohini&amp;apos;, ip: &amp;apos;10.10.0.14&amp;apos;, os.name: &amp;apos;Linux&amp;apos;, os.arch: &amp;apos;amd64&amp;apos;, os.version: &amp;apos;4.15.0-45-generic&amp;apos;, java.version: &amp;apos;1.8.0_191&amp;apos;
Driver info: org.openqa.selenium.chrome.ChromeDriver
Capabilities [{mobileEmulationEnabled=false, hasTouchScreen=false, platform=LINUX, acceptSslCerts=false, goog:chromeOptions={debuggerAddress=localhost:41867}, acceptInsecureCerts=false, webStorageEnabled=true, browserName=chrome, takesScreenshot=true, javascriptEnabled=true, setWindowRect=true, unexpectedAlertBehaviour=, applicationCacheEnabled=false, rotatable=false, networkConnectionEnabled=false, chrome={chromedriverVersion=2.41.578700 (2f1ed5f9343c13f73144538f15c00b370eda6706), userDataDir=/tmp/.org.chromium.Chromium.azzRxL}, takesHeapSnapshot=true, pageLoadStrategy=normal, databaseEnabled=false, handlesAlerts=true, version=71.0.3578.98, browserConnectionEnabled=false, nativeEvents=true, locationContextEnabled=true, cssSelectorsEnabled=true}]
Session ID: 1a450ab36f237a42310df5db9b0b821f">
      <![CDATA[org.openqa.selenium.WebDriverException: unknown error: Element <a ng-disabled="['Killed','Failed'].indexOf(row.entity.status)==-1" ng-click="grid.appScope.restartExec(row.entity)" disabled="disabled">...</a> is not clickable at point (1118, 609). Other element would receive the click: <li>...</li>
  (Session info: chrome=71.0.3578.98)
  (Driver info: chromedriver=2.41.578700 (2f1ed5f9343c13f73144538f15c00b370eda6706),platform=Linux 4.15.0-45-generic x86_64) (WARNING: The server did not provide any stacktrace information)
Command duration or timeout: 408 milliseconds
Build info: version: '3.2.0', revision: '8c03df6b79', time: '2017-02-23 10:51:31 +0000'
System info: host: 'rohini', ip: '10.10.0.14', os.name: 'Linux', os.arch: 'amd64', os.version: '4.15.0-45-generic', java.version: '1.8.0_191'
Driver info: org.openqa.selenium.chrome.ChromeDriver
Capabilities [{mobileEmulationEnabled=false, hasTouchScreen=false, platform=LINUX, acceptSslCerts=false, goog:chromeOptions={debuggerAddress=localhost:41867}, acceptInsecureCerts=false, webStorageEnabled=true, browserName=chrome, takesScreenshot=true, javascriptEnabled=true, setWindowRect=true, unexpectedAlertBehaviour=, applicationCacheEnabled=false, rotatable=false, networkConnectionEnabled=false, chrome={chromedriverVersion=2.41.578700 (2f1ed5f9343c13f73144538f15c00b370eda6706), userDataDir=/tmp/.org.chromium.Chromium.azzRxL}, takesHeapSnapshot=true, pageLoadStrategy=normal, databaseEnabled=false, handlesAlerts=true, version=71.0.3578.98, browserConnectionEnabled=false, nativeEvents=true, locationContextEnabled=true, cssSelectorsEnabled=true}]
Session ID: 1a450ab36f237a42310df5db9b0b821f
at org.openqa.selenium.remote.ErrorHandler.createThrowable(ErrorHandler.java:216)
at org.openqa.selenium.remote.ErrorHandler.throwIfResponseFailed(ErrorHandler.java:168)
at org.openqa.selenium.remote.RemoteWebDriver.execute(RemoteWebDriver.java:638)
at org.openqa.selenium.remote.RemoteWebElement.execute(RemoteWebElement.java:274)
at org.openqa.selenium.remote.RemoteWebElement.click(RemoteWebElement.java:84)
at com.inferyx.framework.dataProfiling.group.DataProfilingGroupExecute.groupRestart(DataProfilingGroupExecute.java:92)
... Removed 29 stack frames]]>
    </failure>
  </testcase> <!-- groupRestart -->
</testsuite> <!-- Data Profiling Group -->
