<?xml version="1.0" encoding="UTF-8"?>
<!-- Generated by org.testng.reporters.JUnitXMLReporter -->
<testsuite hostname="gridedge1" ignored="0" name="DATA DISCOVERY" tests="9" failures="0" timestamp="07 Feb 2019 07:15:56 GMT" time="26.945" errors="0">
  <testcase name="dataDiscoveryList" time="1.176" classname="com.inferyx.framework.dataDiscovery.DataDiscovery"/>
  <testcase name="dataDiscoveryCard" time="1.157" classname="com.inferyx.framework.dataDiscovery.DataDiscovery"/>
  <testcase name="downloadSample" time="3.095" classname="com.inferyx.framework.dataDiscovery.DataDiscovery"/>
  <testcase name="dataDiscoveryCardMetaComp" time="2.193" classname="com.inferyx.framework.dataDiscovery.DataDiscovery"/>
  <testcase name="dataStore" time="2.254" classname="com.inferyx.framework.dataDiscovery.DataDiscovery"/>
  <testcase name="dataDiscoveryCardEdit" time="2.471" classname="com.inferyx.framework.dataDiscovery.DataDiscovery"/>
  <testcase name="knowledgeGraph" time="2.198" classname="com.inferyx.framework.dataDiscovery.DataDiscovery"/>
  <testcase name="dataDiscoverySampleRecord" time="2.184" classname="com.inferyx.framework.dataDiscovery.DataDiscovery"/>
  <testcase name="closeIcon" time="10.188" classname="com.inferyx.framework.dataDiscovery.DataDiscovery"/>
</testsuite> <!-- DATA DISCOVERY -->
