<?xml version="1.0" encoding="UTF-8"?>
<!-- Generated by org.testng.reporters.JUnitXMLReporter -->
<testsuite hostname="gridedge1" ignored="0" name="DATA Preaparation.Datapod" tests="16" failures="1" timestamp="07 Feb 2019 15:44:00 GMT" time="353.515" errors="0">
  <testcase name="@BeforeMethod setUp" time="8.016" classname="com.inferyx.framework.dataPreparation.datapod.DatapodAdd">
    <failure type="org.openqa.selenium.NoSuchElementException" message="no such element: Unable to locate element: {&amp;quot;method&amp;quot;:&amp;quot;xpath&amp;quot;,&amp;quot;selector&amp;quot;:&amp;quot;/html/body/screenshot/div[4]/div[2]/div/div[4]/div/div/div[3]/div/div/div[1]/div[2]/a&amp;quot;}
  (Session info: chrome=72.0.3626.81)
  (Driver info: chromedriver=2.46.628388 (4a34a70827ac54148e092aafb70504c4ea7ae926),platform=Linux 4.2.0-42-generic x86_64) (WARNING: The server did not provide any stacktrace information)
Command duration or timeout: 5.01 seconds
For documentation on this error, please visit: http://seleniumhq.org/exceptions/no_such_element.html
Build info: version: &amp;apos;3.2.0&amp;apos;, revision: &amp;apos;8c03df6b79&amp;apos;, time: &amp;apos;2017-02-23 10:51:31 +0000&amp;apos;
System info: host: &amp;apos;gridedge1&amp;apos;, ip: &amp;apos;127.0.1.1&amp;apos;, os.name: &amp;apos;Linux&amp;apos;, os.arch: &amp;apos;amd64&amp;apos;, os.version: &amp;apos;4.2.0-42-generic&amp;apos;, java.version: &amp;apos;1.8.0_151&amp;apos;
Driver info: org.openqa.selenium.chrome.ChromeDriver
Capabilities [{mobileEmulationEnabled=false, timeouts={implicit=0, pageLoad=300000, script=30000}, hasTouchScreen=false, platform=LINUX, acceptSslCerts=false, goog:chromeOptions={debuggerAddress=localhost:36220}, acceptInsecureCerts=false, webStorageEnabled=true, browserName=chrome, takesScreenshot=true, javascriptEnabled=true, setWindowRect=true, unexpectedAlertBehaviour=ignore, applicationCacheEnabled=false, rotatable=false, networkConnectionEnabled=false, chrome={chromedriverVersion=2.46.628388 (4a34a70827ac54148e092aafb70504c4ea7ae926), userDataDir=/tmp/.org.chromium.Chromium.z9eHgp}, takesHeapSnapshot=true, pageLoadStrategy=normal, strictFileInteractability=false, databaseEnabled=false, handlesAlerts=true, version=72.0.3626.81, browserConnectionEnabled=false, proxy={}, nativeEvents=true, locationContextEnabled=true, cssSelectorsEnabled=true}]
Session ID: b3051383148ea6530cc125ca15946ddb
*** Element info: {Using=xpath, value=/html/body/screenshot/div[4]/div[2]/div/div[4]/div/div/div[3]/div/div/div[1]/div[2]/a}">
      <![CDATA[org.openqa.selenium.NoSuchElementException: no such element: Unable to locate element: {"method":"xpath","selector":"/html/body/screenshot/div[4]/div[2]/div/div[4]/div/div/div[3]/div/div/div[1]/div[2]/a"}
  (Session info: chrome=72.0.3626.81)
  (Driver info: chromedriver=2.46.628388 (4a34a70827ac54148e092aafb70504c4ea7ae926),platform=Linux 4.2.0-42-generic x86_64) (WARNING: The server did not provide any stacktrace information)
Command duration or timeout: 5.01 seconds
For documentation on this error, please visit: http://seleniumhq.org/exceptions/no_such_element.html
Build info: version: '3.2.0', revision: '8c03df6b79', time: '2017-02-23 10:51:31 +0000'
System info: host: 'gridedge1', ip: '127.0.1.1', os.name: 'Linux', os.arch: 'amd64', os.version: '4.2.0-42-generic', java.version: '1.8.0_151'
Driver info: org.openqa.selenium.chrome.ChromeDriver
Capabilities [{mobileEmulationEnabled=false, timeouts={implicit=0, pageLoad=300000, script=30000}, hasTouchScreen=false, platform=LINUX, acceptSslCerts=false, goog:chromeOptions={debuggerAddress=localhost:36220}, acceptInsecureCerts=false, webStorageEnabled=true, browserName=chrome, takesScreenshot=true, javascriptEnabled=true, setWindowRect=true, unexpectedAlertBehaviour=ignore, applicationCacheEnabled=false, rotatable=false, networkConnectionEnabled=false, chrome={chromedriverVersion=2.46.628388 (4a34a70827ac54148e092aafb70504c4ea7ae926), userDataDir=/tmp/.org.chromium.Chromium.z9eHgp}, takesHeapSnapshot=true, pageLoadStrategy=normal, strictFileInteractability=false, databaseEnabled=false, handlesAlerts=true, version=72.0.3626.81, browserConnectionEnabled=false, proxy={}, nativeEvents=true, locationContextEnabled=true, cssSelectorsEnabled=true}]
Session ID: b3051383148ea6530cc125ca15946ddb
*** Element info: {Using=xpath, value=/html/body/screenshot/div[4]/div[2]/div/div[4]/div/div/div[3]/div/div/div[1]/div[2]/a}
at org.openqa.selenium.remote.ErrorHandler.createThrowable(ErrorHandler.java:216)
at org.openqa.selenium.remote.ErrorHandler.throwIfResponseFailed(ErrorHandler.java:168)
at org.openqa.selenium.remote.RemoteWebDriver.execute(RemoteWebDriver.java:638)
at org.openqa.selenium.remote.RemoteWebDriver.findElement(RemoteWebDriver.java:371)
at org.openqa.selenium.remote.RemoteWebDriver.findElementByXPath(RemoteWebDriver.java:476)
at org.openqa.selenium.By$ByXPath.findElement(By.java:361)
at org.openqa.selenium.remote.RemoteWebDriver.findElement(RemoteWebDriver.java:363)
at com.inferyx.framework.dataPreparation.datapod.DatapodAdd.setUp(DatapodAdd.java:27)
... Removed 32 stack frames]]>
    </failure>
  </testcase> <!-- @BeforeMethod setUp -->
  <testcase name="@BeforeMethod setUp" time="0.0" classname="com.inferyx.framework.dataPreparation.datapod.DatapodAdd">
    <skipped/>
  </testcase> <!-- @BeforeMethod setUp -->
  <testcase name="@BeforeMethod setUp" time="0.0" classname="com.inferyx.framework.dataPreparation.datapod.DatapodAdd">
    <skipped/>
  </testcase> <!-- @BeforeMethod setUp -->
  <testcase name="@BeforeMethod setUp" time="5.823" classname="com.inferyx.framework.dataPreparation.datapod.DatapodActionView">
    <failure type="java.lang.NullPointerException">
      <![CDATA[java.lang.NullPointerException
at com.inferyx.framework.dataPreparation.datapod.DatapodActionView.setUp(DatapodActionView.java:25)
... Removed 28 stack frames]]>
    </failure>
  </testcase> <!-- @BeforeMethod setUp -->
  <testcase name="@AfterMethod AfterMethod" time="0.0" classname="com.inferyx.framework.dataPreparation.datapod.DatapodActionView">
    <skipped/>
  </testcase> <!-- @AfterMethod AfterMethod -->
  <testcase name="@BeforeMethod setUp" time="3.022" classname="com.inferyx.framework.dataPreparation.datapod.DatapodActionEdit">
    <failure type="org.openqa.selenium.WebDriverException" message="chrome not reachable
  (Session info: chrome=72.0.3626.81)
  (Driver info: chromedriver=2.46.628388 (4a34a70827ac54148e092aafb70504c4ea7ae926),platform=Linux 4.2.0-42-generic x86_64) (WARNING: The server did not provide any stacktrace information)
Command duration or timeout: 7 milliseconds
Build info: version: &amp;apos;3.2.0&amp;apos;, revision: &amp;apos;8c03df6b79&amp;apos;, time: &amp;apos;2017-02-23 10:51:31 +0000&amp;apos;
System info: host: &amp;apos;gridedge1&amp;apos;, ip: &amp;apos;127.0.1.1&amp;apos;, os.name: &amp;apos;Linux&amp;apos;, os.arch: &amp;apos;amd64&amp;apos;, os.version: &amp;apos;4.2.0-42-generic&amp;apos;, java.version: &amp;apos;1.8.0_151&amp;apos;
Driver info: org.openqa.selenium.chrome.ChromeDriver
Capabilities [{mobileEmulationEnabled=false, timeouts={implicit=0, pageLoad=300000, script=30000}, hasTouchScreen=false, platform=LINUX, acceptSslCerts=false, goog:chromeOptions={debuggerAddress=localhost:36220}, acceptInsecureCerts=false, webStorageEnabled=true, browserName=chrome, takesScreenshot=true, javascriptEnabled=true, setWindowRect=true, unexpectedAlertBehaviour=ignore, applicationCacheEnabled=false, rotatable=false, networkConnectionEnabled=false, chrome={chromedriverVersion=2.46.628388 (4a34a70827ac54148e092aafb70504c4ea7ae926), userDataDir=/tmp/.org.chromium.Chromium.z9eHgp}, takesHeapSnapshot=true, pageLoadStrategy=normal, strictFileInteractability=false, databaseEnabled=false, handlesAlerts=true, version=72.0.3626.81, browserConnectionEnabled=false, proxy={}, nativeEvents=true, locationContextEnabled=true, cssSelectorsEnabled=true}]
Session ID: b3051383148ea6530cc125ca15946ddb
*** Element info: {Using=css selector, value=button.btn.green.btn-xs.btn-outline.dropdown-toggle}">
      <![CDATA[org.openqa.selenium.WebDriverException: chrome not reachable
  (Session info: chrome=72.0.3626.81)
  (Driver info: chromedriver=2.46.628388 (4a34a70827ac54148e092aafb70504c4ea7ae926),platform=Linux 4.2.0-42-generic x86_64) (WARNING: The server did not provide any stacktrace information)
Command duration or timeout: 7 milliseconds
Build info: version: '3.2.0', revision: '8c03df6b79', time: '2017-02-23 10:51:31 +0000'
System info: host: 'gridedge1', ip: '127.0.1.1', os.name: 'Linux', os.arch: 'amd64', os.version: '4.2.0-42-generic', java.version: '1.8.0_151'
Driver info: org.openqa.selenium.chrome.ChromeDriver
Capabilities [{mobileEmulationEnabled=false, timeouts={implicit=0, pageLoad=300000, script=30000}, hasTouchScreen=false, platform=LINUX, acceptSslCerts=false, goog:chromeOptions={debuggerAddress=localhost:36220}, acceptInsecureCerts=false, webStorageEnabled=true, browserName=chrome, takesScreenshot=true, javascriptEnabled=true, setWindowRect=true, unexpectedAlertBehaviour=ignore, applicationCacheEnabled=false, rotatable=false, networkConnectionEnabled=false, chrome={chromedriverVersion=2.46.628388 (4a34a70827ac54148e092aafb70504c4ea7ae926), userDataDir=/tmp/.org.chromium.Chromium.z9eHgp}, takesHeapSnapshot=true, pageLoadStrategy=normal, strictFileInteractability=false, databaseEnabled=false, handlesAlerts=true, version=72.0.3626.81, browserConnectionEnabled=false, proxy={}, nativeEvents=true, locationContextEnabled=true, cssSelectorsEnabled=true}]
Session ID: b3051383148ea6530cc125ca15946ddb
*** Element info: {Using=css selector, value=button.btn.green.btn-xs.btn-outline.dropdown-toggle}
at org.openqa.selenium.remote.ErrorHandler.createThrowable(ErrorHandler.java:216)
at org.openqa.selenium.remote.ErrorHandler.throwIfResponseFailed(ErrorHandler.java:168)
at org.openqa.selenium.remote.RemoteWebDriver.execute(RemoteWebDriver.java:638)
at org.openqa.selenium.remote.RemoteWebDriver.findElement(RemoteWebDriver.java:371)
at org.openqa.selenium.remote.RemoteWebDriver.findElementByCssSelector(RemoteWebDriver.java:468)
at org.openqa.selenium.By$ByCssSelector.findElement(By.java:430)
at org.openqa.selenium.remote.RemoteWebDriver.findElement(RemoteWebDriver.java:363)
at com.inferyx.framework.dataPreparation.datapod.DatapodActionEdit.setUp(DatapodActionEdit.java:25)
... Removed 32 stack frames]]>
    </failure>
  </testcase> <!-- @BeforeMethod setUp -->
  <testcase name="@AfterMethod AfterMethod" time="0.0" classname="com.inferyx.framework.dataPreparation.datapod.DatapodActionEdit">
    <skipped/>
  </testcase> <!-- @AfterMethod AfterMethod -->
  <testcase name="@BeforeMethod setUp" time="3.012" classname="com.inferyx.framework.dataPreparation.datapod.DatapodActionDelete">
    <failure type="org.openqa.selenium.WebDriverException" message="chrome not reachable
  (Session info: chrome=72.0.3626.81)
  (Driver info: chromedriver=2.46.628388 (4a34a70827ac54148e092aafb70504c4ea7ae926),platform=Linux 4.2.0-42-generic x86_64) (WARNING: The server did not provide any stacktrace information)
Command duration or timeout: 10 milliseconds
Build info: version: &amp;apos;3.2.0&amp;apos;, revision: &amp;apos;8c03df6b79&amp;apos;, time: &amp;apos;2017-02-23 10:51:31 +0000&amp;apos;
System info: host: &amp;apos;gridedge1&amp;apos;, ip: &amp;apos;127.0.1.1&amp;apos;, os.name: &amp;apos;Linux&amp;apos;, os.arch: &amp;apos;amd64&amp;apos;, os.version: &amp;apos;4.2.0-42-generic&amp;apos;, java.version: &amp;apos;1.8.0_151&amp;apos;
Driver info: org.openqa.selenium.chrome.ChromeDriver
Capabilities [{mobileEmulationEnabled=false, timeouts={implicit=0, pageLoad=300000, script=30000}, hasTouchScreen=false, platform=LINUX, acceptSslCerts=false, goog:chromeOptions={debuggerAddress=localhost:36220}, acceptInsecureCerts=false, webStorageEnabled=true, browserName=chrome, takesScreenshot=true, javascriptEnabled=true, setWindowRect=true, unexpectedAlertBehaviour=ignore, applicationCacheEnabled=false, rotatable=false, networkConnectionEnabled=false, chrome={chromedriverVersion=2.46.628388 (4a34a70827ac54148e092aafb70504c4ea7ae926), userDataDir=/tmp/.org.chromium.Chromium.z9eHgp}, takesHeapSnapshot=true, pageLoadStrategy=normal, strictFileInteractability=false, databaseEnabled=false, handlesAlerts=true, version=72.0.3626.81, browserConnectionEnabled=false, proxy={}, nativeEvents=true, locationContextEnabled=true, cssSelectorsEnabled=true}]
Session ID: b3051383148ea6530cc125ca15946ddb
*** Element info: {Using=css selector, value=button.btn.green.btn-xs.btn-outline.dropdown-toggle}">
      <![CDATA[org.openqa.selenium.WebDriverException: chrome not reachable
  (Session info: chrome=72.0.3626.81)
  (Driver info: chromedriver=2.46.628388 (4a34a70827ac54148e092aafb70504c4ea7ae926),platform=Linux 4.2.0-42-generic x86_64) (WARNING: The server did not provide any stacktrace information)
Command duration or timeout: 10 milliseconds
Build info: version: '3.2.0', revision: '8c03df6b79', time: '2017-02-23 10:51:31 +0000'
System info: host: 'gridedge1', ip: '127.0.1.1', os.name: 'Linux', os.arch: 'amd64', os.version: '4.2.0-42-generic', java.version: '1.8.0_151'
Driver info: org.openqa.selenium.chrome.ChromeDriver
Capabilities [{mobileEmulationEnabled=false, timeouts={implicit=0, pageLoad=300000, script=30000}, hasTouchScreen=false, platform=LINUX, acceptSslCerts=false, goog:chromeOptions={debuggerAddress=localhost:36220}, acceptInsecureCerts=false, webStorageEnabled=true, browserName=chrome, takesScreenshot=true, javascriptEnabled=true, setWindowRect=true, unexpectedAlertBehaviour=ignore, applicationCacheEnabled=false, rotatable=false, networkConnectionEnabled=false, chrome={chromedriverVersion=2.46.628388 (4a34a70827ac54148e092aafb70504c4ea7ae926), userDataDir=/tmp/.org.chromium.Chromium.z9eHgp}, takesHeapSnapshot=true, pageLoadStrategy=normal, strictFileInteractability=false, databaseEnabled=false, handlesAlerts=true, version=72.0.3626.81, browserConnectionEnabled=false, proxy={}, nativeEvents=true, locationContextEnabled=true, cssSelectorsEnabled=true}]
Session ID: b3051383148ea6530cc125ca15946ddb
*** Element info: {Using=css selector, value=button.btn.green.btn-xs.btn-outline.dropdown-toggle}
at org.openqa.selenium.remote.ErrorHandler.createThrowable(ErrorHandler.java:216)
at org.openqa.selenium.remote.ErrorHandler.throwIfResponseFailed(ErrorHandler.java:168)
at org.openqa.selenium.remote.RemoteWebDriver.execute(RemoteWebDriver.java:638)
at org.openqa.selenium.remote.RemoteWebDriver.findElement(RemoteWebDriver.java:371)
at org.openqa.selenium.remote.RemoteWebDriver.findElementByCssSelector(RemoteWebDriver.java:468)
at org.openqa.selenium.By$ByCssSelector.findElement(By.java:430)
at org.openqa.selenium.remote.RemoteWebDriver.findElement(RemoteWebDriver.java:363)
at com.inferyx.framework.dataPreparation.datapod.DatapodActionDelete.setUp(DatapodActionDelete.java:25)
... Removed 32 stack frames]]>
    </failure>
  </testcase> <!-- @BeforeMethod setUp -->
  <testcase name="@AfterMethod AfterMethod" time="0.0" classname="com.inferyx.framework.dataPreparation.datapod.DatapodActionDelete">
    <skipped/>
  </testcase> <!-- @AfterMethod AfterMethod -->
  <testcase name="@BeforeMethod setUp" time="3.011" classname="com.inferyx.framework.dataPreparation.datapod.DatapodActionRestore">
    <failure type="org.openqa.selenium.WebDriverException" message="chrome not reachable
  (Session info: chrome=72.0.3626.81)
  (Driver info: chromedriver=2.46.628388 (4a34a70827ac54148e092aafb70504c4ea7ae926),platform=Linux 4.2.0-42-generic x86_64) (WARNING: The server did not provide any stacktrace information)
Command duration or timeout: 10 milliseconds
Build info: version: &amp;apos;3.2.0&amp;apos;, revision: &amp;apos;8c03df6b79&amp;apos;, time: &amp;apos;2017-02-23 10:51:31 +0000&amp;apos;
System info: host: &amp;apos;gridedge1&amp;apos;, ip: &amp;apos;127.0.1.1&amp;apos;, os.name: &amp;apos;Linux&amp;apos;, os.arch: &amp;apos;amd64&amp;apos;, os.version: &amp;apos;4.2.0-42-generic&amp;apos;, java.version: &amp;apos;1.8.0_151&amp;apos;
Driver info: org.openqa.selenium.chrome.ChromeDriver
Capabilities [{mobileEmulationEnabled=false, timeouts={implicit=0, pageLoad=300000, script=30000}, hasTouchScreen=false, platform=LINUX, acceptSslCerts=false, goog:chromeOptions={debuggerAddress=localhost:36220}, acceptInsecureCerts=false, webStorageEnabled=true, browserName=chrome, takesScreenshot=true, javascriptEnabled=true, setWindowRect=true, unexpectedAlertBehaviour=ignore, applicationCacheEnabled=false, rotatable=false, networkConnectionEnabled=false, chrome={chromedriverVersion=2.46.628388 (4a34a70827ac54148e092aafb70504c4ea7ae926), userDataDir=/tmp/.org.chromium.Chromium.z9eHgp}, takesHeapSnapshot=true, pageLoadStrategy=normal, strictFileInteractability=false, databaseEnabled=false, handlesAlerts=true, version=72.0.3626.81, browserConnectionEnabled=false, proxy={}, nativeEvents=true, locationContextEnabled=true, cssSelectorsEnabled=true}]
Session ID: b3051383148ea6530cc125ca15946ddb
*** Element info: {Using=css selector, value=button.btn.green.btn-xs.btn-outline.dropdown-toggle}">
      <![CDATA[org.openqa.selenium.WebDriverException: chrome not reachable
  (Session info: chrome=72.0.3626.81)
  (Driver info: chromedriver=2.46.628388 (4a34a70827ac54148e092aafb70504c4ea7ae926),platform=Linux 4.2.0-42-generic x86_64) (WARNING: The server did not provide any stacktrace information)
Command duration or timeout: 10 milliseconds
Build info: version: '3.2.0', revision: '8c03df6b79', time: '2017-02-23 10:51:31 +0000'
System info: host: 'gridedge1', ip: '127.0.1.1', os.name: 'Linux', os.arch: 'amd64', os.version: '4.2.0-42-generic', java.version: '1.8.0_151'
Driver info: org.openqa.selenium.chrome.ChromeDriver
Capabilities [{mobileEmulationEnabled=false, timeouts={implicit=0, pageLoad=300000, script=30000}, hasTouchScreen=false, platform=LINUX, acceptSslCerts=false, goog:chromeOptions={debuggerAddress=localhost:36220}, acceptInsecureCerts=false, webStorageEnabled=true, browserName=chrome, takesScreenshot=true, javascriptEnabled=true, setWindowRect=true, unexpectedAlertBehaviour=ignore, applicationCacheEnabled=false, rotatable=false, networkConnectionEnabled=false, chrome={chromedriverVersion=2.46.628388 (4a34a70827ac54148e092aafb70504c4ea7ae926), userDataDir=/tmp/.org.chromium.Chromium.z9eHgp}, takesHeapSnapshot=true, pageLoadStrategy=normal, strictFileInteractability=false, databaseEnabled=false, handlesAlerts=true, version=72.0.3626.81, browserConnectionEnabled=false, proxy={}, nativeEvents=true, locationContextEnabled=true, cssSelectorsEnabled=true}]
Session ID: b3051383148ea6530cc125ca15946ddb
*** Element info: {Using=css selector, value=button.btn.green.btn-xs.btn-outline.dropdown-toggle}
at org.openqa.selenium.remote.ErrorHandler.createThrowable(ErrorHandler.java:216)
at org.openqa.selenium.remote.ErrorHandler.throwIfResponseFailed(ErrorHandler.java:168)
at org.openqa.selenium.remote.RemoteWebDriver.execute(RemoteWebDriver.java:638)
at org.openqa.selenium.remote.RemoteWebDriver.findElement(RemoteWebDriver.java:371)
at org.openqa.selenium.remote.RemoteWebDriver.findElementByCssSelector(RemoteWebDriver.java:468)
at org.openqa.selenium.By$ByCssSelector.findElement(By.java:430)
at org.openqa.selenium.remote.RemoteWebDriver.findElement(RemoteWebDriver.java:363)
at com.inferyx.framework.dataPreparation.datapod.DatapodActionRestore.setUp(DatapodActionRestore.java:22)
... Removed 32 stack frames]]>
    </failure>
  </testcase> <!-- @BeforeMethod setUp -->
  <testcase name="@AfterMethod AfterMethod" time="0.0" classname="com.inferyx.framework.dataPreparation.datapod.DatapodActionRestore">
    <skipped/>
  </testcase> <!-- @AfterMethod AfterMethod -->
  <testcase name="@BeforeMethod setUp" time="3.009" classname="com.inferyx.framework.dataPreparation.datapod.DatapodActionLock">
    <failure type="org.openqa.selenium.WebDriverException" message="chrome not reachable
  (Session info: chrome=72.0.3626.81)
  (Driver info: chromedriver=2.46.628388 (4a34a70827ac54148e092aafb70504c4ea7ae926),platform=Linux 4.2.0-42-generic x86_64) (WARNING: The server did not provide any stacktrace information)
Command duration or timeout: 8 milliseconds
Build info: version: &amp;apos;3.2.0&amp;apos;, revision: &amp;apos;8c03df6b79&amp;apos;, time: &amp;apos;2017-02-23 10:51:31 +0000&amp;apos;
System info: host: &amp;apos;gridedge1&amp;apos;, ip: &amp;apos;127.0.1.1&amp;apos;, os.name: &amp;apos;Linux&amp;apos;, os.arch: &amp;apos;amd64&amp;apos;, os.version: &amp;apos;4.2.0-42-generic&amp;apos;, java.version: &amp;apos;1.8.0_151&amp;apos;
Driver info: org.openqa.selenium.chrome.ChromeDriver
Capabilities [{mobileEmulationEnabled=false, timeouts={implicit=0, pageLoad=300000, script=30000}, hasTouchScreen=false, platform=LINUX, acceptSslCerts=false, goog:chromeOptions={debuggerAddress=localhost:36220}, acceptInsecureCerts=false, webStorageEnabled=true, browserName=chrome, takesScreenshot=true, javascriptEnabled=true, setWindowRect=true, unexpectedAlertBehaviour=ignore, applicationCacheEnabled=false, rotatable=false, networkConnectionEnabled=false, chrome={chromedriverVersion=2.46.628388 (4a34a70827ac54148e092aafb70504c4ea7ae926), userDataDir=/tmp/.org.chromium.Chromium.z9eHgp}, takesHeapSnapshot=true, pageLoadStrategy=normal, strictFileInteractability=false, databaseEnabled=false, handlesAlerts=true, version=72.0.3626.81, browserConnectionEnabled=false, proxy={}, nativeEvents=true, locationContextEnabled=true, cssSelectorsEnabled=true}]
Session ID: b3051383148ea6530cc125ca15946ddb
*** Element info: {Using=css selector, value=button.btn.green.btn-xs.btn-outline.dropdown-toggle}">
      <![CDATA[org.openqa.selenium.WebDriverException: chrome not reachable
  (Session info: chrome=72.0.3626.81)
  (Driver info: chromedriver=2.46.628388 (4a34a70827ac54148e092aafb70504c4ea7ae926),platform=Linux 4.2.0-42-generic x86_64) (WARNING: The server did not provide any stacktrace information)
Command duration or timeout: 8 milliseconds
Build info: version: '3.2.0', revision: '8c03df6b79', time: '2017-02-23 10:51:31 +0000'
System info: host: 'gridedge1', ip: '127.0.1.1', os.name: 'Linux', os.arch: 'amd64', os.version: '4.2.0-42-generic', java.version: '1.8.0_151'
Driver info: org.openqa.selenium.chrome.ChromeDriver
Capabilities [{mobileEmulationEnabled=false, timeouts={implicit=0, pageLoad=300000, script=30000}, hasTouchScreen=false, platform=LINUX, acceptSslCerts=false, goog:chromeOptions={debuggerAddress=localhost:36220}, acceptInsecureCerts=false, webStorageEnabled=true, browserName=chrome, takesScreenshot=true, javascriptEnabled=true, setWindowRect=true, unexpectedAlertBehaviour=ignore, applicationCacheEnabled=false, rotatable=false, networkConnectionEnabled=false, chrome={chromedriverVersion=2.46.628388 (4a34a70827ac54148e092aafb70504c4ea7ae926), userDataDir=/tmp/.org.chromium.Chromium.z9eHgp}, takesHeapSnapshot=true, pageLoadStrategy=normal, strictFileInteractability=false, databaseEnabled=false, handlesAlerts=true, version=72.0.3626.81, browserConnectionEnabled=false, proxy={}, nativeEvents=true, locationContextEnabled=true, cssSelectorsEnabled=true}]
Session ID: b3051383148ea6530cc125ca15946ddb
*** Element info: {Using=css selector, value=button.btn.green.btn-xs.btn-outline.dropdown-toggle}
at org.openqa.selenium.remote.ErrorHandler.createThrowable(ErrorHandler.java:216)
at org.openqa.selenium.remote.ErrorHandler.throwIfResponseFailed(ErrorHandler.java:168)
at org.openqa.selenium.remote.RemoteWebDriver.execute(RemoteWebDriver.java:638)
at org.openqa.selenium.remote.RemoteWebDriver.findElement(RemoteWebDriver.java:371)
at org.openqa.selenium.remote.RemoteWebDriver.findElementByCssSelector(RemoteWebDriver.java:468)
at org.openqa.selenium.By$ByCssSelector.findElement(By.java:430)
at org.openqa.selenium.remote.RemoteWebDriver.findElement(RemoteWebDriver.java:363)
at com.inferyx.framework.dataPreparation.datapod.DatapodActionLock.setUp(DatapodActionLock.java:24)
... Removed 32 stack frames]]>
    </failure>
  </testcase> <!-- @BeforeMethod setUp -->
  <testcase name="@AfterMethod AfterMethod" time="0.0" classname="com.inferyx.framework.dataPreparation.datapod.DatapodActionLock">
    <skipped/>
  </testcase> <!-- @AfterMethod AfterMethod -->
  <testcase name="@BeforeMethod setUp" time="3.007" classname="com.inferyx.framework.dataPreparation.datapod.DatapodActionUnLock">
    <failure type="org.openqa.selenium.WebDriverException" message="chrome not reachable
  (Session info: chrome=72.0.3626.81)
  (Driver info: chromedriver=2.46.628388 (4a34a70827ac54148e092aafb70504c4ea7ae926),platform=Linux 4.2.0-42-generic x86_64) (WARNING: The server did not provide any stacktrace information)
Command duration or timeout: 7 milliseconds
Build info: version: &amp;apos;3.2.0&amp;apos;, revision: &amp;apos;8c03df6b79&amp;apos;, time: &amp;apos;2017-02-23 10:51:31 +0000&amp;apos;
System info: host: &amp;apos;gridedge1&amp;apos;, ip: &amp;apos;127.0.1.1&amp;apos;, os.name: &amp;apos;Linux&amp;apos;, os.arch: &amp;apos;amd64&amp;apos;, os.version: &amp;apos;4.2.0-42-generic&amp;apos;, java.version: &amp;apos;1.8.0_151&amp;apos;
Driver info: org.openqa.selenium.chrome.ChromeDriver
Capabilities [{mobileEmulationEnabled=false, timeouts={implicit=0, pageLoad=300000, script=30000}, hasTouchScreen=false, platform=LINUX, acceptSslCerts=false, goog:chromeOptions={debuggerAddress=localhost:36220}, acceptInsecureCerts=false, webStorageEnabled=true, browserName=chrome, takesScreenshot=true, javascriptEnabled=true, setWindowRect=true, unexpectedAlertBehaviour=ignore, applicationCacheEnabled=false, rotatable=false, networkConnectionEnabled=false, chrome={chromedriverVersion=2.46.628388 (4a34a70827ac54148e092aafb70504c4ea7ae926), userDataDir=/tmp/.org.chromium.Chromium.z9eHgp}, takesHeapSnapshot=true, pageLoadStrategy=normal, strictFileInteractability=false, databaseEnabled=false, handlesAlerts=true, version=72.0.3626.81, browserConnectionEnabled=false, proxy={}, nativeEvents=true, locationContextEnabled=true, cssSelectorsEnabled=true}]
Session ID: b3051383148ea6530cc125ca15946ddb
*** Element info: {Using=css selector, value=button.btn.green.btn-xs.btn-outline.dropdown-toggle}">
      <![CDATA[org.openqa.selenium.WebDriverException: chrome not reachable
  (Session info: chrome=72.0.3626.81)
  (Driver info: chromedriver=2.46.628388 (4a34a70827ac54148e092aafb70504c4ea7ae926),platform=Linux 4.2.0-42-generic x86_64) (WARNING: The server did not provide any stacktrace information)
Command duration or timeout: 7 milliseconds
Build info: version: '3.2.0', revision: '8c03df6b79', time: '2017-02-23 10:51:31 +0000'
System info: host: 'gridedge1', ip: '127.0.1.1', os.name: 'Linux', os.arch: 'amd64', os.version: '4.2.0-42-generic', java.version: '1.8.0_151'
Driver info: org.openqa.selenium.chrome.ChromeDriver
Capabilities [{mobileEmulationEnabled=false, timeouts={implicit=0, pageLoad=300000, script=30000}, hasTouchScreen=false, platform=LINUX, acceptSslCerts=false, goog:chromeOptions={debuggerAddress=localhost:36220}, acceptInsecureCerts=false, webStorageEnabled=true, browserName=chrome, takesScreenshot=true, javascriptEnabled=true, setWindowRect=true, unexpectedAlertBehaviour=ignore, applicationCacheEnabled=false, rotatable=false, networkConnectionEnabled=false, chrome={chromedriverVersion=2.46.628388 (4a34a70827ac54148e092aafb70504c4ea7ae926), userDataDir=/tmp/.org.chromium.Chromium.z9eHgp}, takesHeapSnapshot=true, pageLoadStrategy=normal, strictFileInteractability=false, databaseEnabled=false, handlesAlerts=true, version=72.0.3626.81, browserConnectionEnabled=false, proxy={}, nativeEvents=true, locationContextEnabled=true, cssSelectorsEnabled=true}]
Session ID: b3051383148ea6530cc125ca15946ddb
*** Element info: {Using=css selector, value=button.btn.green.btn-xs.btn-outline.dropdown-toggle}
at org.openqa.selenium.remote.ErrorHandler.createThrowable(ErrorHandler.java:216)
at org.openqa.selenium.remote.ErrorHandler.throwIfResponseFailed(ErrorHandler.java:168)
at org.openqa.selenium.remote.RemoteWebDriver.execute(RemoteWebDriver.java:638)
at org.openqa.selenium.remote.RemoteWebDriver.findElement(RemoteWebDriver.java:371)
at org.openqa.selenium.remote.RemoteWebDriver.findElementByCssSelector(RemoteWebDriver.java:468)
at org.openqa.selenium.By$ByCssSelector.findElement(By.java:430)
at org.openqa.selenium.remote.RemoteWebDriver.findElement(RemoteWebDriver.java:363)
at com.inferyx.framework.dataPreparation.datapod.DatapodActionUnLock.setUp(DatapodActionUnLock.java:24)
... Removed 32 stack frames]]>
    </failure>
  </testcase> <!-- @BeforeMethod setUp -->
  <testcase name="@AfterMethod AfterMethod" time="0.0" classname="com.inferyx.framework.dataPreparation.datapod.DatapodActionUnLock">
    <skipped/>
  </testcase> <!-- @AfterMethod AfterMethod -->
  <testcase name="@BeforeMethod setUp" time="3.007" classname="com.inferyx.framework.dataPreparation.datapod.DatapodActionPublish">
    <failure type="org.openqa.selenium.WebDriverException" message="chrome not reachable
  (Session info: chrome=72.0.3626.81)
  (Driver info: chromedriver=2.46.628388 (4a34a70827ac54148e092aafb70504c4ea7ae926),platform=Linux 4.2.0-42-generic x86_64) (WARNING: The server did not provide any stacktrace information)
Command duration or timeout: 7 milliseconds
Build info: version: &amp;apos;3.2.0&amp;apos;, revision: &amp;apos;8c03df6b79&amp;apos;, time: &amp;apos;2017-02-23 10:51:31 +0000&amp;apos;
System info: host: &amp;apos;gridedge1&amp;apos;, ip: &amp;apos;127.0.1.1&amp;apos;, os.name: &amp;apos;Linux&amp;apos;, os.arch: &amp;apos;amd64&amp;apos;, os.version: &amp;apos;4.2.0-42-generic&amp;apos;, java.version: &amp;apos;1.8.0_151&amp;apos;
Driver info: org.openqa.selenium.chrome.ChromeDriver
Capabilities [{mobileEmulationEnabled=false, timeouts={implicit=0, pageLoad=300000, script=30000}, hasTouchScreen=false, platform=LINUX, acceptSslCerts=false, goog:chromeOptions={debuggerAddress=localhost:36220}, acceptInsecureCerts=false, webStorageEnabled=true, browserName=chrome, takesScreenshot=true, javascriptEnabled=true, setWindowRect=true, unexpectedAlertBehaviour=ignore, applicationCacheEnabled=false, rotatable=false, networkConnectionEnabled=false, chrome={chromedriverVersion=2.46.628388 (4a34a70827ac54148e092aafb70504c4ea7ae926), userDataDir=/tmp/.org.chromium.Chromium.z9eHgp}, takesHeapSnapshot=true, pageLoadStrategy=normal, strictFileInteractability=false, databaseEnabled=false, handlesAlerts=true, version=72.0.3626.81, browserConnectionEnabled=false, proxy={}, nativeEvents=true, locationContextEnabled=true, cssSelectorsEnabled=true}]
Session ID: b3051383148ea6530cc125ca15946ddb
*** Element info: {Using=css selector, value=button.btn.green.btn-xs.btn-outline.dropdown-toggle}">
      <![CDATA[org.openqa.selenium.WebDriverException: chrome not reachable
  (Session info: chrome=72.0.3626.81)
  (Driver info: chromedriver=2.46.628388 (4a34a70827ac54148e092aafb70504c4ea7ae926),platform=Linux 4.2.0-42-generic x86_64) (WARNING: The server did not provide any stacktrace information)
Command duration or timeout: 7 milliseconds
Build info: version: '3.2.0', revision: '8c03df6b79', time: '2017-02-23 10:51:31 +0000'
System info: host: 'gridedge1', ip: '127.0.1.1', os.name: 'Linux', os.arch: 'amd64', os.version: '4.2.0-42-generic', java.version: '1.8.0_151'
Driver info: org.openqa.selenium.chrome.ChromeDriver
Capabilities [{mobileEmulationEnabled=false, timeouts={implicit=0, pageLoad=300000, script=30000}, hasTouchScreen=false, platform=LINUX, acceptSslCerts=false, goog:chromeOptions={debuggerAddress=localhost:36220}, acceptInsecureCerts=false, webStorageEnabled=true, browserName=chrome, takesScreenshot=true, javascriptEnabled=true, setWindowRect=true, unexpectedAlertBehaviour=ignore, applicationCacheEnabled=false, rotatable=false, networkConnectionEnabled=false, chrome={chromedriverVersion=2.46.628388 (4a34a70827ac54148e092aafb70504c4ea7ae926), userDataDir=/tmp/.org.chromium.Chromium.z9eHgp}, takesHeapSnapshot=true, pageLoadStrategy=normal, strictFileInteractability=false, databaseEnabled=false, handlesAlerts=true, version=72.0.3626.81, browserConnectionEnabled=false, proxy={}, nativeEvents=true, locationContextEnabled=true, cssSelectorsEnabled=true}]
Session ID: b3051383148ea6530cc125ca15946ddb
*** Element info: {Using=css selector, value=button.btn.green.btn-xs.btn-outline.dropdown-toggle}
at org.openqa.selenium.remote.ErrorHandler.createThrowable(ErrorHandler.java:216)
at org.openqa.selenium.remote.ErrorHandler.throwIfResponseFailed(ErrorHandler.java:168)
at org.openqa.selenium.remote.RemoteWebDriver.execute(RemoteWebDriver.java:638)
at org.openqa.selenium.remote.RemoteWebDriver.findElement(RemoteWebDriver.java:371)
at org.openqa.selenium.remote.RemoteWebDriver.findElementByCssSelector(RemoteWebDriver.java:468)
at org.openqa.selenium.By$ByCssSelector.findElement(By.java:430)
at org.openqa.selenium.remote.RemoteWebDriver.findElement(RemoteWebDriver.java:363)
at com.inferyx.framework.dataPreparation.datapod.DatapodActionPublish.setUp(DatapodActionPublish.java:25)
... Removed 32 stack frames]]>
    </failure>
  </testcase> <!-- @BeforeMethod setUp -->
  <testcase name="@AfterMethod AfterMethod" time="0.0" classname="com.inferyx.framework.dataPreparation.datapod.DatapodActionPublish">
    <skipped/>
  </testcase> <!-- @AfterMethod AfterMethod -->
  <testcase name="@BeforeMethod setUp" time="3.013" classname="com.inferyx.framework.dataPreparation.datapod.DatapodActionUnPublish">
    <failure type="org.openqa.selenium.WebDriverException" message="chrome not reachable
  (Session info: chrome=72.0.3626.81)
  (Driver info: chromedriver=2.46.628388 (4a34a70827ac54148e092aafb70504c4ea7ae926),platform=Linux 4.2.0-42-generic x86_64) (WARNING: The server did not provide any stacktrace information)
Command duration or timeout: 12 milliseconds
Build info: version: &amp;apos;3.2.0&amp;apos;, revision: &amp;apos;8c03df6b79&amp;apos;, time: &amp;apos;2017-02-23 10:51:31 +0000&amp;apos;
System info: host: &amp;apos;gridedge1&amp;apos;, ip: &amp;apos;127.0.1.1&amp;apos;, os.name: &amp;apos;Linux&amp;apos;, os.arch: &amp;apos;amd64&amp;apos;, os.version: &amp;apos;4.2.0-42-generic&amp;apos;, java.version: &amp;apos;1.8.0_151&amp;apos;
Driver info: org.openqa.selenium.chrome.ChromeDriver
Capabilities [{mobileEmulationEnabled=false, timeouts={implicit=0, pageLoad=300000, script=30000}, hasTouchScreen=false, platform=LINUX, acceptSslCerts=false, goog:chromeOptions={debuggerAddress=localhost:36220}, acceptInsecureCerts=false, webStorageEnabled=true, browserName=chrome, takesScreenshot=true, javascriptEnabled=true, setWindowRect=true, unexpectedAlertBehaviour=ignore, applicationCacheEnabled=false, rotatable=false, networkConnectionEnabled=false, chrome={chromedriverVersion=2.46.628388 (4a34a70827ac54148e092aafb70504c4ea7ae926), userDataDir=/tmp/.org.chromium.Chromium.z9eHgp}, takesHeapSnapshot=true, pageLoadStrategy=normal, strictFileInteractability=false, databaseEnabled=false, handlesAlerts=true, version=72.0.3626.81, browserConnectionEnabled=false, proxy={}, nativeEvents=true, locationContextEnabled=true, cssSelectorsEnabled=true}]
Session ID: b3051383148ea6530cc125ca15946ddb
*** Element info: {Using=css selector, value=button.btn.green.btn-xs.btn-outline.dropdown-toggle}">
      <![CDATA[org.openqa.selenium.WebDriverException: chrome not reachable
  (Session info: chrome=72.0.3626.81)
  (Driver info: chromedriver=2.46.628388 (4a34a70827ac54148e092aafb70504c4ea7ae926),platform=Linux 4.2.0-42-generic x86_64) (WARNING: The server did not provide any stacktrace information)
Command duration or timeout: 12 milliseconds
Build info: version: '3.2.0', revision: '8c03df6b79', time: '2017-02-23 10:51:31 +0000'
System info: host: 'gridedge1', ip: '127.0.1.1', os.name: 'Linux', os.arch: 'amd64', os.version: '4.2.0-42-generic', java.version: '1.8.0_151'
Driver info: org.openqa.selenium.chrome.ChromeDriver
Capabilities [{mobileEmulationEnabled=false, timeouts={implicit=0, pageLoad=300000, script=30000}, hasTouchScreen=false, platform=LINUX, acceptSslCerts=false, goog:chromeOptions={debuggerAddress=localhost:36220}, acceptInsecureCerts=false, webStorageEnabled=true, browserName=chrome, takesScreenshot=true, javascriptEnabled=true, setWindowRect=true, unexpectedAlertBehaviour=ignore, applicationCacheEnabled=false, rotatable=false, networkConnectionEnabled=false, chrome={chromedriverVersion=2.46.628388 (4a34a70827ac54148e092aafb70504c4ea7ae926), userDataDir=/tmp/.org.chromium.Chromium.z9eHgp}, takesHeapSnapshot=true, pageLoadStrategy=normal, strictFileInteractability=false, databaseEnabled=false, handlesAlerts=true, version=72.0.3626.81, browserConnectionEnabled=false, proxy={}, nativeEvents=true, locationContextEnabled=true, cssSelectorsEnabled=true}]
Session ID: b3051383148ea6530cc125ca15946ddb
*** Element info: {Using=css selector, value=button.btn.green.btn-xs.btn-outline.dropdown-toggle}
at org.openqa.selenium.remote.ErrorHandler.createThrowable(ErrorHandler.java:216)
at org.openqa.selenium.remote.ErrorHandler.throwIfResponseFailed(ErrorHandler.java:168)
at org.openqa.selenium.remote.RemoteWebDriver.execute(RemoteWebDriver.java:638)
at org.openqa.selenium.remote.RemoteWebDriver.findElement(RemoteWebDriver.java:371)
at org.openqa.selenium.remote.RemoteWebDriver.findElementByCssSelector(RemoteWebDriver.java:468)
at org.openqa.selenium.By$ByCssSelector.findElement(By.java:430)
at org.openqa.selenium.remote.RemoteWebDriver.findElement(RemoteWebDriver.java:363)
at com.inferyx.framework.dataPreparation.datapod.DatapodActionUnPublish.setUp(DatapodActionUnPublish.java:24)
... Removed 32 stack frames]]>
    </failure>
  </testcase> <!-- @BeforeMethod setUp -->
  <testcase name="@AfterMethod AfterMethod" time="0.0" classname="com.inferyx.framework.dataPreparation.datapod.DatapodActionUnPublish">
    <skipped/>
  </testcase> <!-- @AfterMethod AfterMethod -->
  <testcase name="@BeforeMethod setUp" time="3.009" classname="com.inferyx.framework.dataPreparation.datapod.DatapodActionClone">
    <failure type="org.openqa.selenium.WebDriverException" message="chrome not reachable
  (Session info: chrome=72.0.3626.81)
  (Driver info: chromedriver=2.46.628388 (4a34a70827ac54148e092aafb70504c4ea7ae926),platform=Linux 4.2.0-42-generic x86_64) (WARNING: The server did not provide any stacktrace information)
Command duration or timeout: 7 milliseconds
Build info: version: &amp;apos;3.2.0&amp;apos;, revision: &amp;apos;8c03df6b79&amp;apos;, time: &amp;apos;2017-02-23 10:51:31 +0000&amp;apos;
System info: host: &amp;apos;gridedge1&amp;apos;, ip: &amp;apos;127.0.1.1&amp;apos;, os.name: &amp;apos;Linux&amp;apos;, os.arch: &amp;apos;amd64&amp;apos;, os.version: &amp;apos;4.2.0-42-generic&amp;apos;, java.version: &amp;apos;1.8.0_151&amp;apos;
Driver info: org.openqa.selenium.chrome.ChromeDriver
Capabilities [{mobileEmulationEnabled=false, timeouts={implicit=0, pageLoad=300000, script=30000}, hasTouchScreen=false, platform=LINUX, acceptSslCerts=false, goog:chromeOptions={debuggerAddress=localhost:36220}, acceptInsecureCerts=false, webStorageEnabled=true, browserName=chrome, takesScreenshot=true, javascriptEnabled=true, setWindowRect=true, unexpectedAlertBehaviour=ignore, applicationCacheEnabled=false, rotatable=false, networkConnectionEnabled=false, chrome={chromedriverVersion=2.46.628388 (4a34a70827ac54148e092aafb70504c4ea7ae926), userDataDir=/tmp/.org.chromium.Chromium.z9eHgp}, takesHeapSnapshot=true, pageLoadStrategy=normal, strictFileInteractability=false, databaseEnabled=false, handlesAlerts=true, version=72.0.3626.81, browserConnectionEnabled=false, proxy={}, nativeEvents=true, locationContextEnabled=true, cssSelectorsEnabled=true}]
Session ID: b3051383148ea6530cc125ca15946ddb
*** Element info: {Using=css selector, value=button.btn.green.btn-xs.btn-outline.dropdown-toggle}">
      <![CDATA[org.openqa.selenium.WebDriverException: chrome not reachable
  (Session info: chrome=72.0.3626.81)
  (Driver info: chromedriver=2.46.628388 (4a34a70827ac54148e092aafb70504c4ea7ae926),platform=Linux 4.2.0-42-generic x86_64) (WARNING: The server did not provide any stacktrace information)
Command duration or timeout: 7 milliseconds
Build info: version: '3.2.0', revision: '8c03df6b79', time: '2017-02-23 10:51:31 +0000'
System info: host: 'gridedge1', ip: '127.0.1.1', os.name: 'Linux', os.arch: 'amd64', os.version: '4.2.0-42-generic', java.version: '1.8.0_151'
Driver info: org.openqa.selenium.chrome.ChromeDriver
Capabilities [{mobileEmulationEnabled=false, timeouts={implicit=0, pageLoad=300000, script=30000}, hasTouchScreen=false, platform=LINUX, acceptSslCerts=false, goog:chromeOptions={debuggerAddress=localhost:36220}, acceptInsecureCerts=false, webStorageEnabled=true, browserName=chrome, takesScreenshot=true, javascriptEnabled=true, setWindowRect=true, unexpectedAlertBehaviour=ignore, applicationCacheEnabled=false, rotatable=false, networkConnectionEnabled=false, chrome={chromedriverVersion=2.46.628388 (4a34a70827ac54148e092aafb70504c4ea7ae926), userDataDir=/tmp/.org.chromium.Chromium.z9eHgp}, takesHeapSnapshot=true, pageLoadStrategy=normal, strictFileInteractability=false, databaseEnabled=false, handlesAlerts=true, version=72.0.3626.81, browserConnectionEnabled=false, proxy={}, nativeEvents=true, locationContextEnabled=true, cssSelectorsEnabled=true}]
Session ID: b3051383148ea6530cc125ca15946ddb
*** Element info: {Using=css selector, value=button.btn.green.btn-xs.btn-outline.dropdown-toggle}
at org.openqa.selenium.remote.ErrorHandler.createThrowable(ErrorHandler.java:216)
at org.openqa.selenium.remote.ErrorHandler.throwIfResponseFailed(ErrorHandler.java:168)
at org.openqa.selenium.remote.RemoteWebDriver.execute(RemoteWebDriver.java:638)
at org.openqa.selenium.remote.RemoteWebDriver.findElement(RemoteWebDriver.java:371)
at org.openqa.selenium.remote.RemoteWebDriver.findElementByCssSelector(RemoteWebDriver.java:468)
at org.openqa.selenium.By$ByCssSelector.findElement(By.java:430)
at org.openqa.selenium.remote.RemoteWebDriver.findElement(RemoteWebDriver.java:363)
at com.inferyx.framework.dataPreparation.datapod.DatapodActionClone.setUp(DatapodActionClone.java:25)
... Removed 32 stack frames]]>
    </failure>
  </testcase> <!-- @BeforeMethod setUp -->
  <testcase name="@AfterMethod AfterMethod" time="0.0" classname="com.inferyx.framework.dataPreparation.datapod.DatapodActionClone">
    <skipped/>
  </testcase> <!-- @AfterMethod AfterMethod -->
  <testcase name="@BeforeMethod setUp" time="3.008" classname="com.inferyx.framework.dataPreparation.datapod.DatapodActionExport">
    <failure type="org.openqa.selenium.WebDriverException" message="chrome not reachable
  (Session info: chrome=72.0.3626.81)
  (Driver info: chromedriver=2.46.628388 (4a34a70827ac54148e092aafb70504c4ea7ae926),platform=Linux 4.2.0-42-generic x86_64) (WARNING: The server did not provide any stacktrace information)
Command duration or timeout: 7 milliseconds
Build info: version: &amp;apos;3.2.0&amp;apos;, revision: &amp;apos;8c03df6b79&amp;apos;, time: &amp;apos;2017-02-23 10:51:31 +0000&amp;apos;
System info: host: &amp;apos;gridedge1&amp;apos;, ip: &amp;apos;127.0.1.1&amp;apos;, os.name: &amp;apos;Linux&amp;apos;, os.arch: &amp;apos;amd64&amp;apos;, os.version: &amp;apos;4.2.0-42-generic&amp;apos;, java.version: &amp;apos;1.8.0_151&amp;apos;
Driver info: org.openqa.selenium.chrome.ChromeDriver
Capabilities [{mobileEmulationEnabled=false, timeouts={implicit=0, pageLoad=300000, script=30000}, hasTouchScreen=false, platform=LINUX, acceptSslCerts=false, goog:chromeOptions={debuggerAddress=localhost:36220}, acceptInsecureCerts=false, webStorageEnabled=true, browserName=chrome, takesScreenshot=true, javascriptEnabled=true, setWindowRect=true, unexpectedAlertBehaviour=ignore, applicationCacheEnabled=false, rotatable=false, networkConnectionEnabled=false, chrome={chromedriverVersion=2.46.628388 (4a34a70827ac54148e092aafb70504c4ea7ae926), userDataDir=/tmp/.org.chromium.Chromium.z9eHgp}, takesHeapSnapshot=true, pageLoadStrategy=normal, strictFileInteractability=false, databaseEnabled=false, handlesAlerts=true, version=72.0.3626.81, browserConnectionEnabled=false, proxy={}, nativeEvents=true, locationContextEnabled=true, cssSelectorsEnabled=true}]
Session ID: b3051383148ea6530cc125ca15946ddb
*** Element info: {Using=css selector, value=button.btn.green.btn-xs.btn-outline.dropdown-toggle}">
      <![CDATA[org.openqa.selenium.WebDriverException: chrome not reachable
  (Session info: chrome=72.0.3626.81)
  (Driver info: chromedriver=2.46.628388 (4a34a70827ac54148e092aafb70504c4ea7ae926),platform=Linux 4.2.0-42-generic x86_64) (WARNING: The server did not provide any stacktrace information)
Command duration or timeout: 7 milliseconds
Build info: version: '3.2.0', revision: '8c03df6b79', time: '2017-02-23 10:51:31 +0000'
System info: host: 'gridedge1', ip: '127.0.1.1', os.name: 'Linux', os.arch: 'amd64', os.version: '4.2.0-42-generic', java.version: '1.8.0_151'
Driver info: org.openqa.selenium.chrome.ChromeDriver
Capabilities [{mobileEmulationEnabled=false, timeouts={implicit=0, pageLoad=300000, script=30000}, hasTouchScreen=false, platform=LINUX, acceptSslCerts=false, goog:chromeOptions={debuggerAddress=localhost:36220}, acceptInsecureCerts=false, webStorageEnabled=true, browserName=chrome, takesScreenshot=true, javascriptEnabled=true, setWindowRect=true, unexpectedAlertBehaviour=ignore, applicationCacheEnabled=false, rotatable=false, networkConnectionEnabled=false, chrome={chromedriverVersion=2.46.628388 (4a34a70827ac54148e092aafb70504c4ea7ae926), userDataDir=/tmp/.org.chromium.Chromium.z9eHgp}, takesHeapSnapshot=true, pageLoadStrategy=normal, strictFileInteractability=false, databaseEnabled=false, handlesAlerts=true, version=72.0.3626.81, browserConnectionEnabled=false, proxy={}, nativeEvents=true, locationContextEnabled=true, cssSelectorsEnabled=true}]
Session ID: b3051383148ea6530cc125ca15946ddb
*** Element info: {Using=css selector, value=button.btn.green.btn-xs.btn-outline.dropdown-toggle}
at org.openqa.selenium.remote.ErrorHandler.createThrowable(ErrorHandler.java:216)
at org.openqa.selenium.remote.ErrorHandler.throwIfResponseFailed(ErrorHandler.java:168)
at org.openqa.selenium.remote.RemoteWebDriver.execute(RemoteWebDriver.java:638)
at org.openqa.selenium.remote.RemoteWebDriver.findElement(RemoteWebDriver.java:371)
at org.openqa.selenium.remote.RemoteWebDriver.findElementByCssSelector(RemoteWebDriver.java:468)
at org.openqa.selenium.By$ByCssSelector.findElement(By.java:430)
at org.openqa.selenium.remote.RemoteWebDriver.findElement(RemoteWebDriver.java:363)
at com.inferyx.framework.dataPreparation.datapod.DatapodActionExport.setUp(DatapodActionExport.java:25)
... Removed 32 stack frames]]>
    </failure>
  </testcase> <!-- @BeforeMethod setUp -->
  <testcase name="@AfterMethod AfterMethod" time="0.0" classname="com.inferyx.framework.dataPreparation.datapod.DatapodActionExport">
    <skipped/>
  </testcase> <!-- @AfterMethod AfterMethod -->
  <testcase name="dataPreparationList" time="2.326" classname="com.inferyx.framework.dataPreparation.datapod.DataPreaparation"/>
  <testcase name="dataDatapod" time="3.211" classname="com.inferyx.framework.dataPreparation.datapod.DataPreaparation"/>
  <testcase name="validateAdd" time="301.613" classname="com.inferyx.framework.dataPreparation.datapod.DatapodAdd">
    <failure type="org.openqa.selenium.ElementNotInteractableException" message="element not interactable
  (Session info: chrome=72.0.3626.81)
  (Driver info: chromedriver=2.46.628388 (4a34a70827ac54148e092aafb70504c4ea7ae926),platform=Linux 4.2.0-42-generic x86_64) (WARNING: The server did not provide any stacktrace information)
Command duration or timeout: 202 milliseconds
Build info: version: &amp;apos;3.2.0&amp;apos;, revision: &amp;apos;8c03df6b79&amp;apos;, time: &amp;apos;2017-02-23 10:51:31 +0000&amp;apos;
System info: host: &amp;apos;gridedge1&amp;apos;, ip: &amp;apos;127.0.1.1&amp;apos;, os.name: &amp;apos;Linux&amp;apos;, os.arch: &amp;apos;amd64&amp;apos;, os.version: &amp;apos;4.2.0-42-generic&amp;apos;, java.version: &amp;apos;1.8.0_151&amp;apos;
Driver info: org.openqa.selenium.chrome.ChromeDriver
Capabilities [{mobileEmulationEnabled=false, timeouts={implicit=0, pageLoad=300000, script=30000}, hasTouchScreen=false, platform=LINUX, acceptSslCerts=false, goog:chromeOptions={debuggerAddress=localhost:36220}, acceptInsecureCerts=false, webStorageEnabled=true, browserName=chrome, takesScreenshot=true, javascriptEnabled=true, setWindowRect=true, unexpectedAlertBehaviour=ignore, applicationCacheEnabled=false, rotatable=false, networkConnectionEnabled=false, chrome={chromedriverVersion=2.46.628388 (4a34a70827ac54148e092aafb70504c4ea7ae926), userDataDir=/tmp/.org.chromium.Chromium.z9eHgp}, takesHeapSnapshot=true, pageLoadStrategy=normal, strictFileInteractability=false, databaseEnabled=false, handlesAlerts=true, version=72.0.3626.81, browserConnectionEnabled=false, proxy={}, nativeEvents=true, locationContextEnabled=true, cssSelectorsEnabled=true}]
Session ID: b3051383148ea6530cc125ca15946ddb">
      <![CDATA[org.openqa.selenium.ElementNotInteractableException: element not interactable
  (Session info: chrome=72.0.3626.81)
  (Driver info: chromedriver=2.46.628388 (4a34a70827ac54148e092aafb70504c4ea7ae926),platform=Linux 4.2.0-42-generic x86_64) (WARNING: The server did not provide any stacktrace information)
Command duration or timeout: 202 milliseconds
Build info: version: '3.2.0', revision: '8c03df6b79', time: '2017-02-23 10:51:31 +0000'
System info: host: 'gridedge1', ip: '127.0.1.1', os.name: 'Linux', os.arch: 'amd64', os.version: '4.2.0-42-generic', java.version: '1.8.0_151'
Driver info: org.openqa.selenium.chrome.ChromeDriver
Capabilities [{mobileEmulationEnabled=false, timeouts={implicit=0, pageLoad=300000, script=30000}, hasTouchScreen=false, platform=LINUX, acceptSslCerts=false, goog:chromeOptions={debuggerAddress=localhost:36220}, acceptInsecureCerts=false, webStorageEnabled=true, browserName=chrome, takesScreenshot=true, javascriptEnabled=true, setWindowRect=true, unexpectedAlertBehaviour=ignore, applicationCacheEnabled=false, rotatable=false, networkConnectionEnabled=false, chrome={chromedriverVersion=2.46.628388 (4a34a70827ac54148e092aafb70504c4ea7ae926), userDataDir=/tmp/.org.chromium.Chromium.z9eHgp}, takesHeapSnapshot=true, pageLoadStrategy=normal, strictFileInteractability=false, databaseEnabled=false, handlesAlerts=true, version=72.0.3626.81, browserConnectionEnabled=false, proxy={}, nativeEvents=true, locationContextEnabled=true, cssSelectorsEnabled=true}]
Session ID: b3051383148ea6530cc125ca15946ddb
at org.openqa.selenium.remote.ErrorHandler.createThrowable(ErrorHandler.java:216)
at org.openqa.selenium.remote.ErrorHandler.throwIfResponseFailed(ErrorHandler.java:168)
at org.openqa.selenium.remote.RemoteWebDriver.execute(RemoteWebDriver.java:638)
at org.openqa.selenium.remote.RemoteWebElement.execute(RemoteWebElement.java:274)
at org.openqa.selenium.remote.RemoteWebElement.sendKeys(RemoteWebElement.java:98)
at com.inferyx.framework.pages.DatapodPage.createNewDatapod(Unknown Source)
at com.inferyx.framework.dataPreparation.datapod.DatapodAdd.validateAdd(DatapodAdd.java:49)
... Removed 29 stack frames]]>
    </failure>
  </testcase> <!-- validateAdd -->
  <testcase name="validateAdd" time="0.0" classname="com.inferyx.framework.dataPreparation.datapod.DatapodAdd">
    <skipped/>
  </testcase> <!-- validateAdd -->
  <testcase name="validateAdd" time="0.0" classname="com.inferyx.framework.dataPreparation.datapod.DatapodAdd">
    <skipped/>
  </testcase> <!-- validateAdd -->
  <testcase name="validateAdd" time="0.0" classname="com.inferyx.framework.dataPreparation.datapod.DatapodAdd">
    <skipped/>
  </testcase> <!-- validateAdd -->
  <testcase name="datapodViewAction" time="0.0" classname="com.inferyx.framework.dataPreparation.datapod.DatapodActionView">
    <skipped/>
  </testcase> <!-- datapodViewAction -->
  <testcase name="datapodEditAction" time="0.0" classname="com.inferyx.framework.dataPreparation.datapod.DatapodActionEdit">
    <skipped/>
  </testcase> <!-- datapodEditAction -->
  <testcase name="datapodDeleteAction" time="0.0" classname="com.inferyx.framework.dataPreparation.datapod.DatapodActionDelete">
    <skipped/>
  </testcase> <!-- datapodDeleteAction -->
  <testcase name="datapodRestoreAction" time="0.0" classname="com.inferyx.framework.dataPreparation.datapod.DatapodActionRestore">
    <skipped/>
  </testcase> <!-- datapodRestoreAction -->
  <testcase name="datapodLockAction" time="0.0" classname="com.inferyx.framework.dataPreparation.datapod.DatapodActionLock">
    <skipped/>
  </testcase> <!-- datapodLockAction -->
  <testcase name="datapodUnLockAction" time="0.0" classname="com.inferyx.framework.dataPreparation.datapod.DatapodActionUnLock">
    <skipped/>
  </testcase> <!-- datapodUnLockAction -->
  <testcase name="datapodPublishAction" time="0.0" classname="com.inferyx.framework.dataPreparation.datapod.DatapodActionPublish">
    <skipped/>
  </testcase> <!-- datapodPublishAction -->
  <testcase name="datapodUnPublishAction" time="0.0" classname="com.inferyx.framework.dataPreparation.datapod.DatapodActionUnPublish">
    <skipped/>
  </testcase> <!-- datapodUnPublishAction -->
  <testcase name="datapodEditAction" time="0.0" classname="com.inferyx.framework.dataPreparation.datapod.DatapodActionClone">
    <skipped/>
  </testcase> <!-- datapodEditAction -->
  <testcase name="datapodEditAction" time="0.0" classname="com.inferyx.framework.dataPreparation.datapod.DatapodActionExport">
    <skipped/>
  </testcase> <!-- datapodEditAction -->
</testsuite> <!-- DATA Preaparation.Datapod -->
