<?xml version="1.0" encoding="UTF-8"?>
<!-- Generated by org.testng.reporters.JUnitXMLReporter -->
<testsuite hostname="rohini" ignored="0" name="DATA Visualization Dashboard" tests="7" failures="0" timestamp="21 Feb 2019 10:05:22 GMT" time="66.639" errors="0">
  <testcase name="Dashboard" time="2.43" classname="com.inferyx.framework.dataVisualization.dashboard.DashBoard"/>
  <testcase name="datshBoardTile" time="4.658" classname="com.inferyx.framework.dataVisualization.dashboard.DashBoard"/>
  <testcase name="datshBoardList" time="7.809" classname="com.inferyx.framework.dataVisualization.dashboard.DashBoard"/>
  <testcase name="datshBoardList" time="7.434" classname="com.inferyx.framework.dataVisualization.dashboard.DashBoardEdit"/>
  <testcase name="vizpodDelete" time="4.182" classname="com.inferyx.framework.dataVisualization.dashboard.DashBoardDelete"/>
  <testcase name="vizpodRestore" time="4.216" classname="com.inferyx.framework.dataVisualization.dashboard.DashBoardRestore"/>
  <testcase name="dashboardLockAction" time="4.2" classname="com.inferyx.framework.dataVisualization.dashboard.DashBoardLock"/>
</testsuite> <!-- DATA Visualization Dashboard -->
