<?xml version="1.0" encoding="UTF-8"?>
<!-- Generated by org.testng.reporters.JUnitXMLReporter -->
<testsuite hostname="rohini007-Inspiron-3551" ignored="0" name="DATA DISCOVERY" tests="13" failures="1" timestamp="11 Feb 2019 08:09:50 GMT" time="620.865" errors="0">
  <testcase name="dataDiscoveryList" time="1.477" classname="com.inferyx.framework.dataDiscovery.DataDiscovery"/>
  <testcase name="dataDiscoveryCard" time="3.486" classname="com.inferyx.framework.dataDiscovery.DataDiscovery"/>
  <testcase name="dataDiscoveryCardMetaComp" time="18.801" classname="com.inferyx.framework.dataDiscovery.DataDiscovery"/>
  <testcase name="datapodSampleRecord" time="20.672" classname="com.inferyx.framework.dataDiscovery.DataDiscovery"/>
  <testcase name="histogramGrid" time="5.046" classname="com.inferyx.framework.dataDiscovery.DataDiscovery"/>
  <testcase name="histogramChart" time="4.688" classname="com.inferyx.framework.dataDiscovery.DataDiscovery"/>
  <testcase name="downloadSample" time="3.644" classname="com.inferyx.framework.dataDiscovery.DataDiscovery"/>
  <testcase name="dataStore" time="28.811" classname="com.inferyx.framework.dataDiscovery.DataDiscovery"/>
  <testcase name="dataStoreResult" time="262.652" classname="com.inferyx.framework.dataDiscovery.DataDiscovery"/>
  <testcase name="dataStoreResultDownload" time="209.121" classname="com.inferyx.framework.dataDiscovery.DataDiscovery"/>
  <testcase name="datapodGraph" time="18.634" classname="com.inferyx.framework.dataDiscovery.DataDiscovery">
    <failure type="org.openqa.selenium.WebDriverException" message="unknown error: Element &amp;lt;i class=&amp;quot;fa fa-sitemap&amp;quot; style=&amp;quot;display: block;margin:0px 2px 0px 0px;color:white;&amp;quot;&amp;gt;&amp;lt;/i&amp;gt; is not clickable at point (1219, 7). Other element would receive the click: &amp;lt;a href=&amp;quot;#&amp;quot; class=&amp;quot;dropdown-toggle&amp;quot; dropdown-menu-hover=&amp;quot;&amp;quot; data-toggle=&amp;quot;dropdown&amp;quot; data-close-others=&amp;quot;true&amp;quot;&amp;gt;...&amp;lt;/a&amp;gt;
  (Session info: chrome=72.0.3626.81)
  (Driver info: chromedriver=2.41.578700 (2f1ed5f9343c13f73144538f15c00b370eda6706),platform=Linux 4.4.0-140-generic x86_64) (WARNING: The server did not provide any stacktrace information)
Command duration or timeout: 268 milliseconds
Build info: version: &amp;apos;3.2.0&amp;apos;, revision: &amp;apos;8c03df6b79&amp;apos;, time: &amp;apos;2017-02-23 10:51:31 +0000&amp;apos;
System info: host: &amp;apos;rohini007-Inspiron-3551&amp;apos;, ip: &amp;apos;127.0.1.1&amp;apos;, os.name: &amp;apos;Linux&amp;apos;, os.arch: &amp;apos;amd64&amp;apos;, os.version: &amp;apos;4.4.0-140-generic&amp;apos;, java.version: &amp;apos;1.8.0_191&amp;apos;
Driver info: org.openqa.selenium.chrome.ChromeDriver
Capabilities [{mobileEmulationEnabled=false, hasTouchScreen=false, platform=LINUX, acceptSslCerts=false, goog:chromeOptions={debuggerAddress=localhost:39394}, acceptInsecureCerts=false, webStorageEnabled=true, browserName=chrome, takesScreenshot=true, javascriptEnabled=true, setWindowRect=true, unexpectedAlertBehaviour=, applicationCacheEnabled=false, rotatable=false, networkConnectionEnabled=false, chrome={chromedriverVersion=2.41.578700 (2f1ed5f9343c13f73144538f15c00b370eda6706), userDataDir=/tmp/.org.chromium.Chromium.jo9klJ}, takesHeapSnapshot=true, pageLoadStrategy=normal, databaseEnabled=false, handlesAlerts=true, version=72.0.3626.81, browserConnectionEnabled=false, nativeEvents=true, locationContextEnabled=true, cssSelectorsEnabled=true}]
Session ID: 5b1eeb1dbc233d3b4476d0615d899a70">
      <![CDATA[org.openqa.selenium.WebDriverException: unknown error: Element <i class="fa fa-sitemap" style="display: block;margin:0px 2px 0px 0px;color:white;"></i> is not clickable at point (1219, 7). Other element would receive the click: <a href="#" class="dropdown-toggle" dropdown-menu-hover="" data-toggle="dropdown" data-close-others="true">...</a>
  (Session info: chrome=72.0.3626.81)
  (Driver info: chromedriver=2.41.578700 (2f1ed5f9343c13f73144538f15c00b370eda6706),platform=Linux 4.4.0-140-generic x86_64) (WARNING: The server did not provide any stacktrace information)
Command duration or timeout: 268 milliseconds
Build info: version: '3.2.0', revision: '8c03df6b79', time: '2017-02-23 10:51:31 +0000'
System info: host: 'rohini007-Inspiron-3551', ip: '127.0.1.1', os.name: 'Linux', os.arch: 'amd64', os.version: '4.4.0-140-generic', java.version: '1.8.0_191'
Driver info: org.openqa.selenium.chrome.ChromeDriver
Capabilities [{mobileEmulationEnabled=false, hasTouchScreen=false, platform=LINUX, acceptSslCerts=false, goog:chromeOptions={debuggerAddress=localhost:39394}, acceptInsecureCerts=false, webStorageEnabled=true, browserName=chrome, takesScreenshot=true, javascriptEnabled=true, setWindowRect=true, unexpectedAlertBehaviour=, applicationCacheEnabled=false, rotatable=false, networkConnectionEnabled=false, chrome={chromedriverVersion=2.41.578700 (2f1ed5f9343c13f73144538f15c00b370eda6706), userDataDir=/tmp/.org.chromium.Chromium.jo9klJ}, takesHeapSnapshot=true, pageLoadStrategy=normal, databaseEnabled=false, handlesAlerts=true, version=72.0.3626.81, browserConnectionEnabled=false, nativeEvents=true, locationContextEnabled=true, cssSelectorsEnabled=true}]
Session ID: 5b1eeb1dbc233d3b4476d0615d899a70
at org.openqa.selenium.remote.ErrorHandler.createThrowable(ErrorHandler.java:216)
at org.openqa.selenium.remote.ErrorHandler.throwIfResponseFailed(ErrorHandler.java:168)
at org.openqa.selenium.remote.RemoteWebDriver.execute(RemoteWebDriver.java:638)
at org.openqa.selenium.remote.RemoteWebElement.execute(RemoteWebElement.java:274)
at org.openqa.selenium.remote.RemoteWebElement.click(RemoteWebElement.java:84)
at com.inferyx.framework.dataDiscovery.DataDiscovery.datapodGraph(DataDiscovery.java:246)
... Removed 29 stack frames]]>
    </failure>
  </testcase> <!-- datapodGraph -->
  <testcase name="dataDiscoveryCardEdit" time="14.86" classname="com.inferyx.framework.dataDiscovery.DataDiscovery"/>
  <testcase name="closeIcon" time="28.853" classname="com.inferyx.framework.dataDiscovery.DataDiscovery"/>
</testsuite> <!-- DATA DISCOVERY -->
