<?xml version="1.0" encoding="UTF-8"?>
<!-- Generated by org.testng.reporters.JUnitXMLReporter -->
<testsuite hostname="rohini" ignored="0" name="Data Profiling Rule" tests="13" failures="0" timestamp="15 Feb 2019 09:31:20 GMT" time="170.891" errors="0">
  <testcase name="dataVisualization" time="11.546" classname="com.inferyx.framework.dataProfiling.rule.Rule"/>
  <testcase name="validateAdd" time="20.026" classname="com.inferyx.framework.dataProfiling.rule.RuleAdd"/>
  <testcase name="vizpodView" time="4.494" classname="com.inferyx.framework.dataProfiling.rule.RuleActionView"/>
  <testcase name="ruleEdit" time="4.472" classname="com.inferyx.framework.dataProfiling.rule.RuleActionEdit"/>
  <testcase name="vizpodDelete" time="4.257" classname="com.inferyx.framework.dataProfiling.rule.RuleActionDelete"/>
  <testcase name="ruleRestore" time="4.258" classname="com.inferyx.framework.dataProfiling.rule.RuleActionRestore"/>
  <testcase name="datapodLockAction" time="4.198" classname="com.inferyx.framework.dataProfiling.rule.RuleActionLock"/>
  <testcase name="datapodUnLockAction" time="4.207" classname="com.inferyx.framework.dataProfiling.rule.RuleActionUnlock"/>
  <testcase name="datapodPublishAction" time="4.275" classname="com.inferyx.framework.dataProfiling.rule.RuleActionPublish"/>
  <testcase name="datapodUnPublishAction" time="4.23" classname="com.inferyx.framework.dataProfiling.rule.RuleActionUnPublish"/>
  <testcase name="vizpodView" time="4.209" classname="com.inferyx.framework.dataProfiling.rule.RuleActionExecute"/>
  <testcase name="datapodEditAction" time="4.25" classname="com.inferyx.framework.dataProfiling.rule.RuleActionClone"/>
  <testcase name="datapodEditAction" time="4.252" classname="com.inferyx.framework.dataProfiling.rule.RuleActionExport"/>
</testsuite> <!-- Data Profiling Rule -->
