<?xml version="1.0" encoding="UTF-8"?>
<!-- Generated by org.testng.reporters.JUnitXMLReporter -->
<testsuite hostname="rohini007-Inspiron-3551" ignored="0" name="DATA DISCOVERY" tests="13" failures="0" timestamp="08 Feb 2019 13:36:46 GMT" time="183.086" errors="0">
  <testcase name="dataDiscoveryList" time="1.439" classname="com.inferyx.framework.dataDiscovery.DataDiscovery"/>
  <testcase name="dataDiscoveryCard" time="3.411" classname="com.inferyx.framework.dataDiscovery.DataDiscovery"/>
  <testcase name="dataDiscoveryCardEdit" time="7.625" classname="com.inferyx.framework.dataDiscovery.DataDiscovery"/>
  <testcase name="dataDiscoveryCardMetaComp" time="23.561" classname="com.inferyx.framework.dataDiscovery.DataDiscovery"/>
  <testcase name="datapodSampleRecord" time="20.648" classname="com.inferyx.framework.dataDiscovery.DataDiscovery"/>
  <testcase name="histogramGrid" time="5.101" classname="com.inferyx.framework.dataDiscovery.DataDiscovery"/>
  <testcase name="histogramChart" time="4.669" classname="com.inferyx.framework.dataDiscovery.DataDiscovery"/>
  <testcase name="downloadSample" time="3.582" classname="com.inferyx.framework.dataDiscovery.DataDiscovery"/>
  <testcase name="dataStore" time="28.415" classname="com.inferyx.framework.dataDiscovery.DataDiscovery"/>
  <testcase name="dataStoreResult" time="28.438" classname="com.inferyx.framework.dataDiscovery.DataDiscovery"/>
  <testcase name="dataStoreResultDownload" time="33.992" classname="com.inferyx.framework.dataDiscovery.DataDiscovery"/>
  <testcase name="datapodGraph" time="7.515" classname="com.inferyx.framework.dataDiscovery.DataDiscovery"/>
  <testcase name="closeIcon" time="14.627" classname="com.inferyx.framework.dataDiscovery.DataDiscovery"/>
</testsuite> <!-- DATA DISCOVERY -->
