<?xml version="1.0" encoding="UTF-8"?>
<!-- Generated by org.testng.reporters.JUnitXMLReporter -->
<testsuite hostname="gridedge1" ignored="0" name="DATA DISCOVERY" tests="9" failures="1" timestamp="06 Feb 2019 08:53:18 GMT" time="42.452" errors="0">
  <testcase name="dataDiscoveryList" time="1.221" classname="com.inferyx.framework.dataDiscovery.DataDiscovery"/>
  <testcase name="dataDiscoveryCard" time="1.158" classname="com.inferyx.framework.dataDiscovery.DataDiscovery"/>
  <testcase name="downloadSample" time="3.461" classname="com.inferyx.framework.dataDiscovery.DataDiscovery"/>
  <testcase name="dataDiscoveryCardMetaComp" time="2.099" classname="com.inferyx.framework.dataDiscovery.DataDiscovery">
    <failure type="org.openqa.selenium.WebDriverException" message="unknown error: Element &amp;lt;i class=&amp;quot;fa fa-clone&amp;quot; style=&amp;quot;display: block;margin:0px 2px 0px 0px;color:white;transform:scale(1.1,1.1);&amp;quot;&amp;gt;&amp;lt;/i&amp;gt; is not clickable at point (1122, 133). Other element would receive the click: &amp;lt;div class=&amp;quot;angular-notify angular-notify-info angular-notify-enter&amp;quot;&amp;gt;...&amp;lt;/div&amp;gt;
  (Session info: chrome=72.0.3626.81)
  (Driver info: chromedriver=2.46.628388 (4a34a70827ac54148e092aafb70504c4ea7ae926),platform=Linux 4.2.0-42-generic x86_64) (WARNING: The server did not provide any stacktrace information)
Command duration or timeout: 68 milliseconds
Build info: version: &amp;apos;3.2.0&amp;apos;, revision: &amp;apos;8c03df6b79&amp;apos;, time: &amp;apos;2017-02-23 10:51:31 +0000&amp;apos;
System info: host: &amp;apos;gridedge1&amp;apos;, ip: &amp;apos;127.0.1.1&amp;apos;, os.name: &amp;apos;Linux&amp;apos;, os.arch: &amp;apos;amd64&amp;apos;, os.version: &amp;apos;4.2.0-42-generic&amp;apos;, java.version: &amp;apos;1.8.0_151&amp;apos;
Driver info: org.openqa.selenium.chrome.ChromeDriver
Capabilities [{mobileEmulationEnabled=false, timeouts={implicit=0, pageLoad=300000, script=30000}, hasTouchScreen=false, platform=LINUX, acceptSslCerts=false, goog:chromeOptions={debuggerAddress=localhost:38537}, acceptInsecureCerts=false, webStorageEnabled=true, browserName=chrome, takesScreenshot=true, javascriptEnabled=true, setWindowRect=true, unexpectedAlertBehaviour=ignore, applicationCacheEnabled=false, rotatable=false, networkConnectionEnabled=false, chrome={chromedriverVersion=2.46.628388 (4a34a70827ac54148e092aafb70504c4ea7ae926), userDataDir=/tmp/.org.chromium.Chromium.CYinAd}, takesHeapSnapshot=true, pageLoadStrategy=normal, strictFileInteractability=false, databaseEnabled=false, handlesAlerts=true, version=72.0.3626.81, browserConnectionEnabled=false, proxy={}, nativeEvents=true, locationContextEnabled=true, cssSelectorsEnabled=true}]
Session ID: 9897ce3426aece98df28baeec02e0bdc">
      <![CDATA[org.openqa.selenium.WebDriverException: unknown error: Element <i class="fa fa-clone" style="display: block;margin:0px 2px 0px 0px;color:white;transform:scale(1.1,1.1);"></i> is not clickable at point (1122, 133). Other element would receive the click: <div class="angular-notify angular-notify-info angular-notify-enter">...</div>
  (Session info: chrome=72.0.3626.81)
  (Driver info: chromedriver=2.46.628388 (4a34a70827ac54148e092aafb70504c4ea7ae926),platform=Linux 4.2.0-42-generic x86_64) (WARNING: The server did not provide any stacktrace information)
Command duration or timeout: 68 milliseconds
Build info: version: '3.2.0', revision: '8c03df6b79', time: '2017-02-23 10:51:31 +0000'
System info: host: 'gridedge1', ip: '127.0.1.1', os.name: 'Linux', os.arch: 'amd64', os.version: '4.2.0-42-generic', java.version: '1.8.0_151'
Driver info: org.openqa.selenium.chrome.ChromeDriver
Capabilities [{mobileEmulationEnabled=false, timeouts={implicit=0, pageLoad=300000, script=30000}, hasTouchScreen=false, platform=LINUX, acceptSslCerts=false, goog:chromeOptions={debuggerAddress=localhost:38537}, acceptInsecureCerts=false, webStorageEnabled=true, browserName=chrome, takesScreenshot=true, javascriptEnabled=true, setWindowRect=true, unexpectedAlertBehaviour=ignore, applicationCacheEnabled=false, rotatable=false, networkConnectionEnabled=false, chrome={chromedriverVersion=2.46.628388 (4a34a70827ac54148e092aafb70504c4ea7ae926), userDataDir=/tmp/.org.chromium.Chromium.CYinAd}, takesHeapSnapshot=true, pageLoadStrategy=normal, strictFileInteractability=false, databaseEnabled=false, handlesAlerts=true, version=72.0.3626.81, browserConnectionEnabled=false, proxy={}, nativeEvents=true, locationContextEnabled=true, cssSelectorsEnabled=true}]
Session ID: 9897ce3426aece98df28baeec02e0bdc
at org.openqa.selenium.remote.ErrorHandler.createThrowable(ErrorHandler.java:216)
at org.openqa.selenium.remote.ErrorHandler.throwIfResponseFailed(ErrorHandler.java:168)
at org.openqa.selenium.remote.RemoteWebDriver.execute(RemoteWebDriver.java:638)
at org.openqa.selenium.remote.RemoteWebElement.execute(RemoteWebElement.java:274)
at org.openqa.selenium.remote.RemoteWebElement.click(RemoteWebElement.java:84)
at com.inferyx.framework.dataDiscovery.DataDiscovery.dataDiscoveryCardMetaComp(DataDiscovery.java:85)
... Removed 29 stack frames]]>
    </failure>
  </testcase> <!-- dataDiscoveryCardMetaComp -->
  <testcase name="dataStore" time="2.242" classname="com.inferyx.framework.dataDiscovery.DataDiscovery"/>
  <testcase name="dataDiscoveryCardEdit" time="2.427" classname="com.inferyx.framework.dataDiscovery.DataDiscovery"/>
  <testcase name="knowledgeGraph" time="2.298" classname="com.inferyx.framework.dataDiscovery.DataDiscovery"/>
  <testcase name="dataDiscoverySampleRecord" time="16.308" classname="com.inferyx.framework.dataDiscovery.DataDiscovery"/>
  <testcase name="closeIcon" time="11.169" classname="com.inferyx.framework.dataDiscovery.DataDiscovery"/>
</testsuite> <!-- DATA DISCOVERY -->
