<?xml version="1.0" encoding="UTF-8"?>
<!-- Generated by org.testng.reporters.JUnitXMLReporter -->
<testsuite hostname="rohini" ignored="0" name="DATA Visualization Dashboard" tests="33" failures="2" timestamp="10 Mar 2019 17:50:44 GMT" time="1649.737" errors="0">
  <testcase name="Dashboard" time="2.235" classname="com.inferyx.framework.dataVisualization.dashboard.DashBoard"/>
  <testcase name="datshBoardTile" time="4.634" classname="com.inferyx.framework.dataVisualization.dashboard.DashBoard"/>
  <testcase name="datshBoardList" time="7.631" classname="com.inferyx.framework.dataVisualization.dashboard.DashBoard"/>
  <testcase name="datshBoardList" time="7.162" classname="com.inferyx.framework.dataVisualization.dashboard.DashBoardEdit"/>
  <testcase name="dashboardDelete" time="4.151" classname="com.inferyx.framework.dataVisualization.dashboard.DashBoardDelete"/>
  <testcase name="dashboardRestore" time="4.142" classname="com.inferyx.framework.dataVisualization.dashboard.DashBoardRestore"/>
  <testcase name="dashboardLockAction" time="4.167" classname="com.inferyx.framework.dataVisualization.dashboard.DashBoardLock"/>
  <testcase name="dashboardUnLockAction" time="4.18" classname="com.inferyx.framework.dataVisualization.dashboard.DashBoardUnlock"/>
  <testcase name="dashboardPublishAction" time="4.178" classname="com.inferyx.framework.dataVisualization.dashboard.DashBoardPublish"/>
  <testcase name="dashboardUnPublishAction" time="4.136" classname="com.inferyx.framework.dataVisualization.dashboard.DashBoardUnPublish"/>
  <testcase name="vizpodEditAction" time="4.156" classname="com.inferyx.framework.dataVisualization.dashboard.DashBoardClone"/>
  <testcase name="vizpodEditAction" time="4.16" classname="com.inferyx.framework.dataVisualization.dashboard.DashBoardExport"/>
  <testcase name="datshBoardAdd" time="24.067" classname="com.inferyx.framework.dataVisualization.dashboard.DashBoardAdd">
    <failure type="org.openqa.selenium.WebDriverException" message="unknown error: Element &amp;lt;span class=&amp;quot;select2-selection__rendered&amp;quot; id=&amp;quot;select2-14xl-container&amp;quot; title=&amp;quot;...&amp;quot;&amp;gt;--Select Vizpod--&amp;lt;/span&amp;gt; is not clickable at point (763, 24). Other element would receive the click: &amp;lt;div data-ng-include=&amp;quot;&amp;apos;tpl/header.html&amp;apos;&amp;quot; data-ng-controller=&amp;quot;HeaderController&amp;quot; class=&amp;quot;page-header navbar navbar-fixed-top ng-scope&amp;quot;&amp;gt;...&amp;lt;/div&amp;gt;
  (Session info: chrome=71.0.3578.98)
  (Driver info: chromedriver=2.41.578700 (2f1ed5f9343c13f73144538f15c00b370eda6706),platform=Linux 4.15.0-46-generic x86_64) (WARNING: The server did not provide any stacktrace information)
Command duration or timeout: 198 milliseconds
Build info: version: &amp;apos;3.2.0&amp;apos;, revision: &amp;apos;8c03df6b79&amp;apos;, time: &amp;apos;2017-02-23 10:51:31 +0000&amp;apos;
System info: host: &amp;apos;rohini&amp;apos;, ip: &amp;apos;192.168.43.240&amp;apos;, os.name: &amp;apos;Linux&amp;apos;, os.arch: &amp;apos;amd64&amp;apos;, os.version: &amp;apos;4.15.0-46-generic&amp;apos;, java.version: &amp;apos;1.8.0_191&amp;apos;
Driver info: org.openqa.selenium.chrome.ChromeDriver
Capabilities [{mobileEmulationEnabled=false, hasTouchScreen=false, platform=LINUX, acceptSslCerts=false, goog:chromeOptions={debuggerAddress=localhost:42121}, acceptInsecureCerts=false, webStorageEnabled=true, browserName=chrome, takesScreenshot=true, javascriptEnabled=true, setWindowRect=true, unexpectedAlertBehaviour=, applicationCacheEnabled=false, rotatable=false, networkConnectionEnabled=false, chrome={chromedriverVersion=2.41.578700 (2f1ed5f9343c13f73144538f15c00b370eda6706), userDataDir=/tmp/.org.chromium.Chromium.NwNm1v}, takesHeapSnapshot=true, pageLoadStrategy=normal, databaseEnabled=false, handlesAlerts=true, version=71.0.3578.98, browserConnectionEnabled=false, nativeEvents=true, locationContextEnabled=true, cssSelectorsEnabled=true}]
Session ID: 0ecac544fd6cece506b1b3372eb68fdd">
      <![CDATA[org.openqa.selenium.WebDriverException: unknown error: Element <span class="select2-selection__rendered" id="select2-14xl-container" title="...">--Select Vizpod--</span> is not clickable at point (763, 24). Other element would receive the click: <div data-ng-include="'tpl/header.html'" data-ng-controller="HeaderController" class="page-header navbar navbar-fixed-top ng-scope">...</div>
  (Session info: chrome=71.0.3578.98)
  (Driver info: chromedriver=2.41.578700 (2f1ed5f9343c13f73144538f15c00b370eda6706),platform=Linux 4.15.0-46-generic x86_64) (WARNING: The server did not provide any stacktrace information)
Command duration or timeout: 198 milliseconds
Build info: version: '3.2.0', revision: '8c03df6b79', time: '2017-02-23 10:51:31 +0000'
System info: host: 'rohini', ip: '192.168.43.240', os.name: 'Linux', os.arch: 'amd64', os.version: '4.15.0-46-generic', java.version: '1.8.0_191'
Driver info: org.openqa.selenium.chrome.ChromeDriver
Capabilities [{mobileEmulationEnabled=false, hasTouchScreen=false, platform=LINUX, acceptSslCerts=false, goog:chromeOptions={debuggerAddress=localhost:42121}, acceptInsecureCerts=false, webStorageEnabled=true, browserName=chrome, takesScreenshot=true, javascriptEnabled=true, setWindowRect=true, unexpectedAlertBehaviour=, applicationCacheEnabled=false, rotatable=false, networkConnectionEnabled=false, chrome={chromedriverVersion=2.41.578700 (2f1ed5f9343c13f73144538f15c00b370eda6706), userDataDir=/tmp/.org.chromium.Chromium.NwNm1v}, takesHeapSnapshot=true, pageLoadStrategy=normal, databaseEnabled=false, handlesAlerts=true, version=71.0.3578.98, browserConnectionEnabled=false, nativeEvents=true, locationContextEnabled=true, cssSelectorsEnabled=true}]
Session ID: 0ecac544fd6cece506b1b3372eb68fdd
at org.openqa.selenium.remote.ErrorHandler.createThrowable(ErrorHandler.java:216)
at org.openqa.selenium.remote.ErrorHandler.throwIfResponseFailed(ErrorHandler.java:168)
at org.openqa.selenium.remote.RemoteWebDriver.execute(RemoteWebDriver.java:638)
at org.openqa.selenium.remote.RemoteWebElement.execute(RemoteWebElement.java:274)
at org.openqa.selenium.remote.RemoteWebElement.click(RemoteWebElement.java:84)
at org.openqa.selenium.support.events.EventFiringWebDriver$EventFiringWebElement$1.invoke(EventFiringWebDriver.java:332)
at com.sun.proxy.$Proxy9.click(Unknown Source)
at org.openqa.selenium.support.events.EventFiringWebDriver$EventFiringWebElement.click(EventFiringWebDriver.java:345)
at com.inferyx.framework.pages.DashboardPage.createDashboard(DashboardPage.java:61)
at com.inferyx.framework.dataVisualization.dashboard.DashBoardAdd.datshBoardAdd(DashBoardAdd.java:36)
... Removed 32 stack frames]]>
    </failure>
  </testcase> <!-- datshBoardAdd -->
  <testcase name="datshBoardSearch" time="24.845" classname="com.inferyx.framework.dataVisualization.dashboard.DashBoardSearch"/>
  <testcase name="datshBoardView" time="136.266" classname="com.inferyx.framework.dataVisualization.dashboard.DashBoardView"/>
  <testcase name="datshBoardMaximize" time="11.358" classname="com.inferyx.framework.dataVisualization.dashboard.DashBoardMenuIcon"/>
  <testcase name="datshBoardMinimize" time="11.971" classname="com.inferyx.framework.dataVisualization.dashboard.DashBoardMenuIcon"/>
  <testcase name="datshBoardGraph" time="3.311" classname="com.inferyx.framework.dataVisualization.dashboard.DashBoardMenuIcon">
    <failure type="org.openqa.selenium.WebDriverException" message="unknown error: Element &amp;lt;i class=&amp;quot;fa fa-sitemap&amp;quot; style=&amp;quot;display: block;margin:2px auto;color:#a0a0a0;&amp;quot;&amp;gt;&amp;lt;/i&amp;gt; is not clickable at point (1187, 145). Other element would receive the click: &amp;lt;a ng-click=&amp;quot;uploadAvatar()&amp;quot;&amp;gt;...&amp;lt;/a&amp;gt;
  (Session info: chrome=71.0.3578.98)
  (Driver info: chromedriver=2.41.578700 (2f1ed5f9343c13f73144538f15c00b370eda6706),platform=Linux 4.15.0-46-generic x86_64) (WARNING: The server did not provide any stacktrace information)
Command duration or timeout: 78 milliseconds
Build info: version: &amp;apos;3.2.0&amp;apos;, revision: &amp;apos;8c03df6b79&amp;apos;, time: &amp;apos;2017-02-23 10:51:31 +0000&amp;apos;
System info: host: &amp;apos;rohini&amp;apos;, ip: &amp;apos;192.168.43.240&amp;apos;, os.name: &amp;apos;Linux&amp;apos;, os.arch: &amp;apos;amd64&amp;apos;, os.version: &amp;apos;4.15.0-46-generic&amp;apos;, java.version: &amp;apos;1.8.0_191&amp;apos;
Driver info: org.openqa.selenium.chrome.ChromeDriver
Capabilities [{mobileEmulationEnabled=false, hasTouchScreen=false, platform=LINUX, acceptSslCerts=false, goog:chromeOptions={debuggerAddress=localhost:42121}, acceptInsecureCerts=false, webStorageEnabled=true, browserName=chrome, takesScreenshot=true, javascriptEnabled=true, setWindowRect=true, unexpectedAlertBehaviour=, applicationCacheEnabled=false, rotatable=false, networkConnectionEnabled=false, chrome={chromedriverVersion=2.41.578700 (2f1ed5f9343c13f73144538f15c00b370eda6706), userDataDir=/tmp/.org.chromium.Chromium.NwNm1v}, takesHeapSnapshot=true, pageLoadStrategy=normal, databaseEnabled=false, handlesAlerts=true, version=71.0.3578.98, browserConnectionEnabled=false, nativeEvents=true, locationContextEnabled=true, cssSelectorsEnabled=true}]
Session ID: 0ecac544fd6cece506b1b3372eb68fdd">
      <![CDATA[org.openqa.selenium.WebDriverException: unknown error: Element <i class="fa fa-sitemap" style="display: block;margin:2px auto;color:#a0a0a0;"></i> is not clickable at point (1187, 145). Other element would receive the click: <a ng-click="uploadAvatar()">...</a>
  (Session info: chrome=71.0.3578.98)
  (Driver info: chromedriver=2.41.578700 (2f1ed5f9343c13f73144538f15c00b370eda6706),platform=Linux 4.15.0-46-generic x86_64) (WARNING: The server did not provide any stacktrace information)
Command duration or timeout: 78 milliseconds
Build info: version: '3.2.0', revision: '8c03df6b79', time: '2017-02-23 10:51:31 +0000'
System info: host: 'rohini', ip: '192.168.43.240', os.name: 'Linux', os.arch: 'amd64', os.version: '4.15.0-46-generic', java.version: '1.8.0_191'
Driver info: org.openqa.selenium.chrome.ChromeDriver
Capabilities [{mobileEmulationEnabled=false, hasTouchScreen=false, platform=LINUX, acceptSslCerts=false, goog:chromeOptions={debuggerAddress=localhost:42121}, acceptInsecureCerts=false, webStorageEnabled=true, browserName=chrome, takesScreenshot=true, javascriptEnabled=true, setWindowRect=true, unexpectedAlertBehaviour=, applicationCacheEnabled=false, rotatable=false, networkConnectionEnabled=false, chrome={chromedriverVersion=2.41.578700 (2f1ed5f9343c13f73144538f15c00b370eda6706), userDataDir=/tmp/.org.chromium.Chromium.NwNm1v}, takesHeapSnapshot=true, pageLoadStrategy=normal, databaseEnabled=false, handlesAlerts=true, version=71.0.3578.98, browserConnectionEnabled=false, nativeEvents=true, locationContextEnabled=true, cssSelectorsEnabled=true}]
Session ID: 0ecac544fd6cece506b1b3372eb68fdd
at org.openqa.selenium.remote.ErrorHandler.createThrowable(ErrorHandler.java:216)
at org.openqa.selenium.remote.ErrorHandler.throwIfResponseFailed(ErrorHandler.java:168)
at org.openqa.selenium.remote.RemoteWebDriver.execute(RemoteWebDriver.java:638)
at org.openqa.selenium.remote.RemoteWebElement.execute(RemoteWebElement.java:274)
at org.openqa.selenium.remote.RemoteWebElement.click(RemoteWebElement.java:84)
at org.openqa.selenium.support.events.EventFiringWebDriver$EventFiringWebElement$1.invoke(EventFiringWebDriver.java:332)
at com.sun.proxy.$Proxy9.click(Unknown Source)
at org.openqa.selenium.support.events.EventFiringWebDriver$EventFiringWebElement.click(EventFiringWebDriver.java:345)
at com.inferyx.framework.dataVisualization.dashboard.DashBoardMenuIcon.datshBoardGraph(DashBoardMenuIcon.java:60)
... Removed 32 stack frames]]>
    </failure>
  </testcase> <!-- datshBoardGraph -->
  <testcase name="datshBoardRefresh" time="14.181" classname="com.inferyx.framework.dataVisualization.dashboard.DashBoardMenuIcon"/>
  <testcase name="datshBoardEdit" time="210.971" classname="com.inferyx.framework.dataVisualization.dashboard.DashBoardMenuIcon"/>
  <testcase name="datshBoardFilter" time="207.682" classname="com.inferyx.framework.dataVisualization.dashboard.DashBoardFilter"/>
  <testcase name="datshBoardClose" time="10.29" classname="com.inferyx.framework.dataVisualization.dashboard.DashBoardFilter"/>
  <testcase name="datshBoardDelete" time="11.771" classname="com.inferyx.framework.dataVisualization.dashboard.DashBoardFilter"/>
  <testcase name="datshBoardRestore" time="13.53" classname="com.inferyx.framework.dataVisualization.dashboard.DashBoardFilter"/>
  <testcase name="datshBoardView" time="357.496" classname="com.inferyx.framework.dataVisualization.dashboard.DashBoardIcon"/>
  <testcase name="datshBoardGrid" time="184.728" classname="com.inferyx.framework.dataVisualization.dashboard.DashBoardIcon"/>
  <testcase name="datshBoardChart" time="72.469" classname="com.inferyx.framework.dataVisualization.dashboard.DashBoardIcon"/>
  <testcase name="datshBoardDownload" time="19.212" classname="com.inferyx.framework.dataVisualization.dashboard.DashBoardIcon"/>
  <testcase name="datshBoardMaximize" time="19.701" classname="com.inferyx.framework.dataVisualization.dashboard.DashBoardIcon"/>
  <testcase name="datshBoardMinimizeGraph" time="35.053" classname="com.inferyx.framework.dataVisualization.dashboard.DashBoardIcon"/>
  <testcase name="datshBoardRefresh" time="24.634" classname="com.inferyx.framework.dataVisualization.dashboard.DashBoardIcon"/>
  <testcase name="datshBoardEdit" time="98.457" classname="com.inferyx.framework.dataVisualization.dashboard.DashBoardIcon"/>
  <testcase name="vizpodClosed" time="34.831" classname="com.inferyx.framework.dataVisualization.dashboard.DashBoardIcon"/>
</testsuite> <!-- DATA Visualization Dashboard -->
