<?xml version="1.0" encoding="UTF-8"?>
<!-- Generated by org.testng.reporters.JUnitXMLReporter -->
<testsuite hostname="rohini" ignored="0" name="Data Profiling Rule" tests="18" failures="0" timestamp="23 Feb 2019 14:08:36 GMT" time="373.985" errors="0">
  <testcase name="validateAdd" time="28.782" classname="com.inferyx.framework.dataProfiling.rule.RuleAdd"/>
  <testcase name="vizpodView" time="4.483" classname="com.inferyx.framework.dataProfiling.rule.RuleActionView"/>
  <testcase name="ruleEdit" time="4.43" classname="com.inferyx.framework.dataProfiling.rule.RuleActionEdit"/>
  <testcase name="ruleDelete" time="4.249" classname="com.inferyx.framework.dataProfiling.rule.RuleActionDelete"/>
  <testcase name="ruleRestore" time="4.231" classname="com.inferyx.framework.dataProfiling.rule.RuleActionRestore"/>
  <testcase name="datapodLockAction" time="4.211" classname="com.inferyx.framework.dataProfiling.rule.RuleActionLock"/>
  <testcase name="datapodUnLockAction" time="4.205" classname="com.inferyx.framework.dataProfiling.rule.RuleActionUnlock"/>
  <testcase name="datapodPublishAction" time="4.218" classname="com.inferyx.framework.dataProfiling.rule.RuleActionPublish"/>
  <testcase name="datapodUnPublishAction" time="4.196" classname="com.inferyx.framework.dataProfiling.rule.RuleActionUnPublish"/>
  <testcase name="vizpodView" time="4.192" classname="com.inferyx.framework.dataProfiling.rule.RuleActionExecute"/>
  <testcase name="ruledEditAction" time="4.215" classname="com.inferyx.framework.dataProfiling.rule.RuleActionClone"/>
  <testcase name="ruleEditAction" time="22.97" classname="com.inferyx.framework.dataProfiling.rule.RuleActionExport"/>
  <testcase name="ruleView" time="20.934" classname="com.inferyx.framework.dataProfiling.rule.RuleActionViewIcon"/>
  <testcase name="ruleGraph" time="3.272" classname="com.inferyx.framework.dataProfiling.rule.RuleActionViewIcon"/>
  <testcase name="ruleRefresh" time="3.189" classname="com.inferyx.framework.dataProfiling.rule.RuleActionViewIcon"/>
  <testcase name="ruleHome" time="3.26" classname="com.inferyx.framework.dataProfiling.rule.RuleActionViewIcon"/>
  <testcase name="ruleEdit" time="144.119" classname="com.inferyx.framework.dataProfiling.rule.RuleActionViewIcon"/>
  <testcase name="ruleClose" time="3.722" classname="com.inferyx.framework.dataProfiling.rule.RuleActionViewIcon"/>
</testsuite> <!-- Data Profiling Rule -->
