<?xml version="1.0" encoding="UTF-8"?>
<!-- Generated by org.testng.reporters.JUnitXMLReporter -->
<testsuite hostname="rohini" ignored="0" name="DATA DISCOVERY" tests="13" failures="13" timestamp="09 Mar 2019 08:05:24 GMT" time="13.098" errors="0">
  <testcase name="dataDiscoveryList" time="0.002" classname="com.inferyx.framework.dataDiscovery.DataDiscovery">
    <failure type="java.lang.NullPointerException">
      <![CDATA[java.lang.NullPointerException
at com.inferyx.framework.dataDiscovery.DataDiscovery.dataDiscoveryList(DataDiscovery.java:21)
... Removed 25 stack frames]]>
    </failure>
  </testcase> <!-- dataDiscoveryList -->
  <testcase name="dataDiscoveryCard" time="0.012" classname="com.inferyx.framework.dataDiscovery.DataDiscovery">
    <failure type="java.lang.NullPointerException">
      <![CDATA[java.lang.NullPointerException
at com.inferyx.framework.dataDiscovery.DataDiscovery.dataDiscoveryCard(DataDiscovery.java:40)
... Removed 25 stack frames]]>
    </failure>
  </testcase> <!-- dataDiscoveryCard -->
  <testcase name="dataDiscoveryCardMetaComp" time="2.002" classname="com.inferyx.framework.dataDiscovery.DataDiscovery">
    <failure type="java.lang.NullPointerException">
      <![CDATA[java.lang.NullPointerException
at com.inferyx.framework.dataDiscovery.DataDiscovery.dataDiscoveryCardMetaComp(DataDiscovery.java:58)
... Removed 25 stack frames]]>
    </failure>
  </testcase> <!-- dataDiscoveryCardMetaComp -->
  <testcase name="datapodSampleRecord" time="0.004" classname="com.inferyx.framework.dataDiscovery.DataDiscovery">
    <failure type="java.lang.NullPointerException">
      <![CDATA[java.lang.NullPointerException
at com.inferyx.framework.dataDiscovery.DataDiscovery.datapodSampleRecord(DataDiscovery.java:84)
... Removed 25 stack frames]]>
    </failure>
  </testcase> <!-- datapodSampleRecord -->
  <testcase name="histogramGrid" time="0.002" classname="com.inferyx.framework.dataDiscovery.DataDiscovery">
    <failure type="java.lang.NullPointerException">
      <![CDATA[java.lang.NullPointerException
at com.inferyx.framework.dataDiscovery.DataDiscovery.histogramGrid(DataDiscovery.java:105)
... Removed 25 stack frames]]>
    </failure>
  </testcase> <!-- histogramGrid -->
  <testcase name="histogramChart" time="0.003" classname="com.inferyx.framework.dataDiscovery.DataDiscovery">
    <failure type="java.lang.NullPointerException">
      <![CDATA[java.lang.NullPointerException
at com.inferyx.framework.dataDiscovery.DataDiscovery.histogramChart(DataDiscovery.java:131)
... Removed 25 stack frames]]>
    </failure>
  </testcase> <!-- histogramChart -->
  <testcase name="downloadSample" time="0.002" classname="com.inferyx.framework.dataDiscovery.DataDiscovery">
    <failure type="java.lang.NullPointerException">
      <![CDATA[java.lang.NullPointerException
at com.inferyx.framework.dataDiscovery.DataDiscovery.downloadSample(DataDiscovery.java:154)
... Removed 25 stack frames]]>
    </failure>
  </testcase> <!-- downloadSample -->
  <testcase name="dataStore" time="1.003" classname="com.inferyx.framework.dataDiscovery.DataDiscovery">
    <failure type="java.lang.NullPointerException">
      <![CDATA[java.lang.NullPointerException
at com.inferyx.framework.dataDiscovery.DataDiscovery.dataStore(DataDiscovery.java:177)
... Removed 25 stack frames]]>
    </failure>
  </testcase> <!-- dataStore -->
  <testcase name="dataStoreResultDownload" time="6.002" classname="com.inferyx.framework.dataDiscovery.DataDiscovery">
    <failure type="java.lang.NullPointerException">
      <![CDATA[java.lang.NullPointerException
at com.inferyx.framework.dataDiscovery.DataDiscovery.dataStoreResultDownload(DataDiscovery.java:227)
... Removed 25 stack frames]]>
    </failure>
  </testcase> <!-- dataStoreResultDownload -->
  <testcase name="datapodGraph" time="1.003" classname="com.inferyx.framework.dataDiscovery.DataDiscovery">
    <failure type="java.lang.NullPointerException">
      <![CDATA[java.lang.NullPointerException
at com.inferyx.framework.dataDiscovery.DataDiscovery.datapodGraph(DataDiscovery.java:256)
... Removed 25 stack frames]]>
    </failure>
  </testcase> <!-- datapodGraph -->
  <testcase name="datapodGraphRefresh" time="1.003" classname="com.inferyx.framework.dataDiscovery.DataDiscovery">
    <failure type="java.lang.NullPointerException">
      <![CDATA[java.lang.NullPointerException
at com.inferyx.framework.dataDiscovery.DataDiscovery.datapodGraphRefresh(DataDiscovery.java:277)
... Removed 25 stack frames]]>
    </failure>
  </testcase> <!-- datapodGraphRefresh -->
  <testcase name="dataDiscoveryCardEdit" time="0.002" classname="com.inferyx.framework.dataDiscovery.DataDiscovery">
    <failure type="java.lang.NullPointerException">
      <![CDATA[java.lang.NullPointerException
at com.inferyx.framework.dataDiscovery.DataDiscovery.dataDiscoveryCardEdit(DataDiscovery.java:295)
... Removed 25 stack frames]]>
    </failure>
  </testcase> <!-- dataDiscoveryCardEdit -->
  <testcase name="closeIcon" time="2.002" classname="com.inferyx.framework.dataDiscovery.DataDiscovery">
    <failure type="java.lang.NullPointerException">
      <![CDATA[java.lang.NullPointerException
at com.inferyx.framework.dataDiscovery.DataDiscovery.closeIcon(DataDiscovery.java:340)
... Removed 25 stack frames]]>
    </failure>
  </testcase> <!-- closeIcon -->
</testsuite> <!-- DATA DISCOVERY -->
