<?xml version="1.0" encoding="UTF-8"?>
<!-- Generated by org.testng.reporters.JUnitXMLReporter -->
<testsuite hostname="rohini" ignored="0" name="Data Profiling Rule" tests="1" failures="1" timestamp="01 Mar 2019 08:14:03 GMT" time="44.973" errors="0">
  <testcase name="ruleExecute" time="44.964" classname="com.inferyx.framework.dataProfiling.rule.DataProfilingRuleActionExecute">
    <failure type="org.openqa.selenium.StaleElementReferenceException" message="stale element reference: element is not attached to the page document
  (Session info: chrome=71.0.3578.98)
  (Driver info: chromedriver=2.41.578700 (2f1ed5f9343c13f73144538f15c00b370eda6706),platform=Linux 4.15.0-45-generic x86_64) (WARNING: The server did not provide any stacktrace information)
Command duration or timeout: 175 milliseconds
For documentation on this error, please visit: http://seleniumhq.org/exceptions/stale_element_reference.html
Build info: version: &amp;apos;3.2.0&amp;apos;, revision: &amp;apos;8c03df6b79&amp;apos;, time: &amp;apos;2017-02-23 10:51:31 +0000&amp;apos;
System info: host: &amp;apos;rohini&amp;apos;, ip: &amp;apos;10.10.0.14&amp;apos;, os.name: &amp;apos;Linux&amp;apos;, os.arch: &amp;apos;amd64&amp;apos;, os.version: &amp;apos;4.15.0-45-generic&amp;apos;, java.version: &amp;apos;1.8.0_191&amp;apos;
Driver info: org.openqa.selenium.chrome.ChromeDriver
Capabilities [{mobileEmulationEnabled=false, hasTouchScreen=false, platform=LINUX, acceptSslCerts=false, goog:chromeOptions={debuggerAddress=localhost:41187}, acceptInsecureCerts=false, webStorageEnabled=true, browserName=chrome, takesScreenshot=true, javascriptEnabled=true, setWindowRect=true, unexpectedAlertBehaviour=, applicationCacheEnabled=false, rotatable=false, networkConnectionEnabled=false, chrome={chromedriverVersion=2.41.578700 (2f1ed5f9343c13f73144538f15c00b370eda6706), userDataDir=/tmp/.org.chromium.Chromium.485jEY}, takesHeapSnapshot=true, pageLoadStrategy=normal, databaseEnabled=false, handlesAlerts=true, version=71.0.3578.98, browserConnectionEnabled=false, nativeEvents=true, locationContextEnabled=true, cssSelectorsEnabled=true}]
Session ID: 3d8f43ed3b876441e4befbfc8bb8d450">
      <![CDATA[org.openqa.selenium.StaleElementReferenceException: stale element reference: element is not attached to the page document
  (Session info: chrome=71.0.3578.98)
  (Driver info: chromedriver=2.41.578700 (2f1ed5f9343c13f73144538f15c00b370eda6706),platform=Linux 4.15.0-45-generic x86_64) (WARNING: The server did not provide any stacktrace information)
Command duration or timeout: 175 milliseconds
For documentation on this error, please visit: http://seleniumhq.org/exceptions/stale_element_reference.html
Build info: version: '3.2.0', revision: '8c03df6b79', time: '2017-02-23 10:51:31 +0000'
System info: host: 'rohini', ip: '10.10.0.14', os.name: 'Linux', os.arch: 'amd64', os.version: '4.15.0-45-generic', java.version: '1.8.0_191'
Driver info: org.openqa.selenium.chrome.ChromeDriver
Capabilities [{mobileEmulationEnabled=false, hasTouchScreen=false, platform=LINUX, acceptSslCerts=false, goog:chromeOptions={debuggerAddress=localhost:41187}, acceptInsecureCerts=false, webStorageEnabled=true, browserName=chrome, takesScreenshot=true, javascriptEnabled=true, setWindowRect=true, unexpectedAlertBehaviour=, applicationCacheEnabled=false, rotatable=false, networkConnectionEnabled=false, chrome={chromedriverVersion=2.41.578700 (2f1ed5f9343c13f73144538f15c00b370eda6706), userDataDir=/tmp/.org.chromium.Chromium.485jEY}, takesHeapSnapshot=true, pageLoadStrategy=normal, databaseEnabled=false, handlesAlerts=true, version=71.0.3578.98, browserConnectionEnabled=false, nativeEvents=true, locationContextEnabled=true, cssSelectorsEnabled=true}]
Session ID: 3d8f43ed3b876441e4befbfc8bb8d450
at org.openqa.selenium.remote.ErrorHandler.createThrowable(ErrorHandler.java:216)
at org.openqa.selenium.remote.ErrorHandler.throwIfResponseFailed(ErrorHandler.java:168)
at org.openqa.selenium.remote.RemoteWebDriver.execute(RemoteWebDriver.java:638)
at org.openqa.selenium.remote.RemoteWebElement.execute(RemoteWebElement.java:274)
at org.openqa.selenium.remote.RemoteWebElement.getText(RemoteWebElement.java:158)
at com.inferyx.framework.dataProfiling.rule.DataProfilingRuleActionExecute.ruleExecute(DataProfilingRuleActionExecute.java:39)
... Removed 29 stack frames]]>
    </failure>
  </testcase> <!-- ruleExecute -->
</testsuite> <!-- Data Profiling Rule -->
