<?xml version="1.0" encoding="UTF-8"?>
<!-- Generated by org.testng.reporters.JUnitXMLReporter -->
<testsuite hostname="rohini" ignored="0" name="DATA Visualization Dashboard" tests="7" failures="0" timestamp="23 Feb 2019 08:25:04 GMT" time="67.048" errors="0">
  <testcase name="Dashboard" time="2.388" classname="com.inferyx.framework.dataVisualization.dashboard.DashBoard"/>
  <testcase name="datshBoardTile" time="4.484" classname="com.inferyx.framework.dataVisualization.dashboard.DashBoard"/>
  <testcase name="datshBoardList" time="7.597" classname="com.inferyx.framework.dataVisualization.dashboard.DashBoard"/>
  <testcase name="datshBoardList" time="7.311" classname="com.inferyx.framework.dataVisualization.dashboard.DashBoardEdit"/>
  <testcase name="vizpodDelete" time="4.297" classname="com.inferyx.framework.dataVisualization.dashboard.DashBoardDelete"/>
  <testcase name="vizpodRestore" time="4.241" classname="com.inferyx.framework.dataVisualization.dashboard.DashBoardRestore"/>
  <testcase name="dashboardPublishAction" time="4.484" classname="com.inferyx.framework.dataVisualization.dashboard.DashBoardPublish"/>
</testsuite> <!-- DATA Visualization Dashboard -->
