<html>
<head>
<title>TestNG:  DATA DISCOVERY</title>
<link href="../testng.css" rel="stylesheet" type="text/css" />
<link href="../my-testng.css" rel="stylesheet" type="text/css" />

<style type="text/css">
.log { display: none;} 
.stack-trace { display: none;} 
</style>
<script type="text/javascript">
<!--
function flip(e) {
  current = e.style.display;
  if (current == 'block') {
    e.style.display = 'none';
    return 0;
  }
  else {
    e.style.display = 'block';
    return 1;
  }
}

function toggleBox(szDivId, elem, msg1, msg2)
{
  var res = -1;  if (document.getElementById) {
    res = flip(document.getElementById(szDivId));
  }
  else if (document.all) {
    // this is the way old msie versions work
    res = flip(document.all[szDivId]);
  }
  if(elem) {
    if(res == 0) elem.innerHTML = msg1; else elem.innerHTML = msg2;
  }

}

function toggleAllBoxes() {
  if (document.getElementsByTagName) {
    d = document.getElementsByTagName('div');
    for (i = 0; i < d.length; i++) {
      if (d[i].className == 'log') {
        flip(d[i]);
      }
    }
  }
}

// -->
</script>

</head>
<body>
<h2 align='center'>DATA DISCOVERY</h2><table border='1' align="center">
<tr>
<td>Tests passed/Failed/Skipped:</td><td>12/1/0</td>
</tr><tr>
<td>Started on:</td><td>Mon Feb 11 13:29:29 IST 2019</td>
</tr>
<tr><td>Total time:</td><td>620 seconds (620865 ms)</td>
</tr><tr>
<td>Included groups:</td><td></td>
</tr><tr>
<td>Excluded groups:</td><td></td>
</tr>
</table><p/>
<small><i>(Hover the method name to see the test class name)</i></small><p/>
<table width='100%' border='1' class='invocation-failed'>
<tr><td colspan='4' align='center'><b>FAILED TESTS</b></td></tr>
<tr><td><b>Test method</b></td>
<td width="30%"><b>Exception</b></td>
<td width="10%"><b>Time (seconds)</b></td>
<td><b>Instance</b></td>
</tr>
<tr>
<td title='com.inferyx.framework.dataDiscovery.DataDiscovery.datapodGraph()'><b>datapodGraph</b><br>Test class: com.inferyx.framework.dataDiscovery.DataDiscovery<br>Test method: datapodGraph</td>
<td><div><pre>org.openqa.selenium.WebDriverException: unknown error: Element &lt;i class=&quot;fa fa-sitemap&quot; style=&quot;display: block;margin:0px 2px 0px 0px;color:white;&quot;&gt;&lt;/i&gt; is not clickable at point (1219, 7). Other element would receive the click: &lt;a href=&quot;#&quot; class=&quot;dropdown-toggle&quot; dropdown-menu-hover=&quot;&quot; data-toggle=&quot;dropdown&quot; data-close-others=&quot;true&quot;&gt;...&lt;/a&gt;
  (Session info: chrome=72.0.3626.81)
  (Driver info: chromedriver=2.41.578700 (2f1ed5f9343c13f73144538f15c00b370eda6706),platform=Linux 4.4.0-140-generic x86_64) (WARNING: The server did not provide any stacktrace information)
Command duration or timeout: 268 milliseconds
Build info: version: &apos;3.2.0&apos;, revision: &apos;8c03df6b79&apos;, time: &apos;2017-02-23 10:51:31 +0000&apos;
System info: host: &apos;rohini007-Inspiron-3551&apos;, ip: &apos;127.0.1.1&apos;, os.name: &apos;Linux&apos;, os.arch: &apos;amd64&apos;, os.version: &apos;4.4.0-140-generic&apos;, java.version: &apos;1.8.0_191&apos;
Driver info: org.openqa.selenium.chrome.ChromeDriver
Capabilities [{mobileEmulationEnabled=false, hasTouchScreen=false, platform=LINUX, acceptSslCerts=false, goog:chromeOptions={debuggerAddress=localhost:39394}, acceptInsecureCerts=false, webStorageEnabled=true, browserName=chrome, takesScreenshot=true, javascriptEnabled=true, setWindowRect=true, unexpectedAlertBehaviour=, applicationCacheEnabled=false, rotatable=false, networkConnectionEnabled=false, chrome={chromedriverVersion=2.41.578700 (2f1ed5f9343c13f73144538f15c00b370eda6706), userDataDir=/tmp/.org.chromium.Chromium.jo9klJ}, takesHeapSnapshot=true, pageLoadStrategy=normal, databaseEnabled=false, handlesAlerts=true, version=72.0.3626.81, browserConnectionEnabled=false, nativeEvents=true, locationContextEnabled=true, cssSelectorsEnabled=true}]
Session ID: 5b1eeb1dbc233d3b4476d0615d899a70
	at org.openqa.selenium.remote.ErrorHandler.createThrowable(ErrorHandler.java:216)
	at org.openqa.selenium.remote.ErrorHandler.throwIfResponseFailed(ErrorHandler.java:168)
	at org.openqa.selenium.remote.RemoteWebDriver.execute(RemoteWebDriver.java:638)
	at org.openqa.selenium.remote.RemoteWebElement.execute(RemoteWebElement.java:274)
	at org.openqa.selenium.remote.RemoteWebElement.click(RemoteWebElement.java:84)
	at com.inferyx.framework.dataDiscovery.DataDiscovery.datapodGraph(DataDiscovery.java:246)
... Removed 29 stack frames</pre></div><a href='#' onClick='toggleBox("stack-trace598977164", this, "Click to show all stack frames", "Click to hide stack frames")'>Click to show all stack frames</a>
<div class='stack-trace' id='stack-trace598977164'><pre>org.openqa.selenium.WebDriverException: unknown error: Element &lt;i class=&quot;fa fa-sitemap&quot; style=&quot;display: block;margin:0px 2px 0px 0px;color:white;&quot;&gt;&lt;/i&gt; is not clickable at point (1219, 7). Other element would receive the click: &lt;a href=&quot;#&quot; class=&quot;dropdown-toggle&quot; dropdown-menu-hover=&quot;&quot; data-toggle=&quot;dropdown&quot; data-close-others=&quot;true&quot;&gt;...&lt;/a&gt;
  (Session info: chrome=72.0.3626.81)
  (Driver info: chromedriver=2.41.578700 (2f1ed5f9343c13f73144538f15c00b370eda6706),platform=Linux 4.4.0-140-generic x86_64) (WARNING: The server did not provide any stacktrace information)
Command duration or timeout: 268 milliseconds
Build info: version: &apos;3.2.0&apos;, revision: &apos;8c03df6b79&apos;, time: &apos;2017-02-23 10:51:31 +0000&apos;
System info: host: &apos;rohini007-Inspiron-3551&apos;, ip: &apos;127.0.1.1&apos;, os.name: &apos;Linux&apos;, os.arch: &apos;amd64&apos;, os.version: &apos;4.4.0-140-generic&apos;, java.version: &apos;1.8.0_191&apos;
Driver info: org.openqa.selenium.chrome.ChromeDriver
Capabilities [{mobileEmulationEnabled=false, hasTouchScreen=false, platform=LINUX, acceptSslCerts=false, goog:chromeOptions={debuggerAddress=localhost:39394}, acceptInsecureCerts=false, webStorageEnabled=true, browserName=chrome, takesScreenshot=true, javascriptEnabled=true, setWindowRect=true, unexpectedAlertBehaviour=, applicationCacheEnabled=false, rotatable=false, networkConnectionEnabled=false, chrome={chromedriverVersion=2.41.578700 (2f1ed5f9343c13f73144538f15c00b370eda6706), userDataDir=/tmp/.org.chromium.Chromium.jo9klJ}, takesHeapSnapshot=true, pageLoadStrategy=normal, databaseEnabled=false, handlesAlerts=true, version=72.0.3626.81, browserConnectionEnabled=false, nativeEvents=true, locationContextEnabled=true, cssSelectorsEnabled=true}]
Session ID: 5b1eeb1dbc233d3b4476d0615d899a70
	at sun.reflect.NativeConstructorAccessorImpl.newInstance0(Native Method)
	at sun.reflect.NativeConstructorAccessorImpl.newInstance(NativeConstructorAccessorImpl.java:62)
	at sun.reflect.DelegatingConstructorAccessorImpl.newInstance(DelegatingConstructorAccessorImpl.java:45)
	at java.lang.reflect.Constructor.newInstance(Constructor.java:423)
	at org.openqa.selenium.remote.ErrorHandler.createThrowable(ErrorHandler.java:216)
	at org.openqa.selenium.remote.ErrorHandler.throwIfResponseFailed(ErrorHandler.java:168)
	at org.openqa.selenium.remote.RemoteWebDriver.execute(RemoteWebDriver.java:638)
	at org.openqa.selenium.remote.RemoteWebElement.execute(RemoteWebElement.java:274)
	at org.openqa.selenium.remote.RemoteWebElement.click(RemoteWebElement.java:84)
	at com.inferyx.framework.dataDiscovery.DataDiscovery.datapodGraph(DataDiscovery.java:246)
	at sun.reflect.NativeMethodAccessorImpl.invoke0(Native Method)
	at sun.reflect.NativeMethodAccessorImpl.invoke(NativeMethodAccessorImpl.java:62)
	at sun.reflect.DelegatingMethodAccessorImpl.invoke(DelegatingMethodAccessorImpl.java:43)
	at java.lang.reflect.Method.invoke(Method.java:498)
	at org.testng.internal.MethodInvocationHelper.invokeMethod(MethodInvocationHelper.java:124)
	at org.testng.internal.Invoker.invokeMethod(Invoker.java:583)
	at org.testng.internal.Invoker.invokeTestMethod(Invoker.java:719)
	at org.testng.internal.Invoker.invokeTestMethods(Invoker.java:989)
	at org.testng.internal.TestMethodWorker.invokeTestMethods(TestMethodWorker.java:125)
	at org.testng.internal.TestMethodWorker.run(TestMethodWorker.java:109)
	at org.testng.TestRunner.privateRun(TestRunner.java:648)
	at org.testng.TestRunner.run(TestRunner.java:505)
	at org.testng.SuiteRunner.runTest(SuiteRunner.java:455)
	at org.testng.SuiteRunner.runSequentially(SuiteRunner.java:450)
	at org.testng.SuiteRunner.privateRun(SuiteRunner.java:415)
	at org.testng.SuiteRunner.run(SuiteRunner.java:364)
	at org.testng.SuiteRunnerWorker.runSuite(SuiteRunnerWorker.java:52)
	at org.testng.SuiteRunnerWorker.run(SuiteRunnerWorker.java:84)
	at org.testng.TestNG.runSuitesSequentially(TestNG.java:1208)
	at org.testng.TestNG.runSuitesLocally(TestNG.java:1137)
	at org.testng.TestNG.runSuites(TestNG.java:1049)
	at org.testng.TestNG.run(TestNG.java:1017)
	at org.testng.remote.AbstractRemoteTestNG.run(AbstractRemoteTestNG.java:114)
	at org.testng.remote.RemoteTestNG.initAndRun(RemoteTestNG.java:251)
	at org.testng.remote.RemoteTestNG.main(RemoteTestNG.java:77)
</pre></div></td>
<td>18</td>
<td>com.inferyx.framework.dataDiscovery.DataDiscovery@233795b6</td></tr>
</table><p>
<table width='100%' border='1' class='invocation-passed'>
<tr><td colspan='4' align='center'><b>PASSED TESTS</b></td></tr>
<tr><td><b>Test method</b></td>
<td width="30%"><b>Exception</b></td>
<td width="10%"><b>Time (seconds)</b></td>
<td><b>Instance</b></td>
</tr>
<tr>
<td title='com.inferyx.framework.dataDiscovery.DataDiscovery.closeIcon()'><b>closeIcon</b><br>Test class: com.inferyx.framework.dataDiscovery.DataDiscovery<br>Test method: datapodClose</td>
<td></td>
<td>28</td>
<td>com.inferyx.framework.dataDiscovery.DataDiscovery@233795b6</td></tr>
<tr>
<td title='com.inferyx.framework.dataDiscovery.DataDiscovery.dataDiscoveryCard()'><b>dataDiscoveryCard</b><br>Test class: com.inferyx.framework.dataDiscovery.DataDiscovery<br>Test method: dataDiscoveryCard</td>
<td></td>
<td>3</td>
<td>com.inferyx.framework.dataDiscovery.DataDiscovery@233795b6</td></tr>
<tr>
<td title='com.inferyx.framework.dataDiscovery.DataDiscovery.dataDiscoveryCardEdit()'><b>dataDiscoveryCardEdit</b><br>Test class: com.inferyx.framework.dataDiscovery.DataDiscovery<br>Test method: datapodEdit</td>
<td></td>
<td>14</td>
<td>com.inferyx.framework.dataDiscovery.DataDiscovery@233795b6</td></tr>
<tr>
<td title='com.inferyx.framework.dataDiscovery.DataDiscovery.dataDiscoveryCardMetaComp()'><b>dataDiscoveryCardMetaComp</b><br>Test class: com.inferyx.framework.dataDiscovery.DataDiscovery<br>Test method: datapodMetaComp</td>
<td></td>
<td>18</td>
<td>com.inferyx.framework.dataDiscovery.DataDiscovery@233795b6</td></tr>
<tr>
<td title='com.inferyx.framework.dataDiscovery.DataDiscovery.dataDiscoveryList()'><b>dataDiscoveryList</b><br>Test class: com.inferyx.framework.dataDiscovery.DataDiscovery<br>Test method: dataDiscovery</td>
<td></td>
<td>1</td>
<td>com.inferyx.framework.dataDiscovery.DataDiscovery@233795b6</td></tr>
<tr>
<td title='com.inferyx.framework.dataDiscovery.DataDiscovery.dataStore()'><b>dataStore</b><br>Test class: com.inferyx.framework.dataDiscovery.DataDiscovery<br>Test method: datapodDataStore</td>
<td></td>
<td>28</td>
<td>com.inferyx.framework.dataDiscovery.DataDiscovery@233795b6</td></tr>
<tr>
<td title='com.inferyx.framework.dataDiscovery.DataDiscovery.dataStoreResult()'><b>dataStoreResult</b><br>Test class: com.inferyx.framework.dataDiscovery.DataDiscovery<br>Test method: dataStoreResult</td>
<td></td>
<td>262</td>
<td>com.inferyx.framework.dataDiscovery.DataDiscovery@233795b6</td></tr>
<tr>
<td title='com.inferyx.framework.dataDiscovery.DataDiscovery.dataStoreResultDownload()'><b>dataStoreResultDownload</b><br>Test class: com.inferyx.framework.dataDiscovery.DataDiscovery<br>Test method: dataStoreResultDownload</td>
<td></td>
<td>209</td>
<td>com.inferyx.framework.dataDiscovery.DataDiscovery@233795b6</td></tr>
<tr>
<td title='com.inferyx.framework.dataDiscovery.DataDiscovery.datapodSampleRecord()'><b>datapodSampleRecord</b><br>Test class: com.inferyx.framework.dataDiscovery.DataDiscovery<br>Test method: datapodSampleRecord</td>
<td></td>
<td>20</td>
<td>com.inferyx.framework.dataDiscovery.DataDiscovery@233795b6</td></tr>
<tr>
<td title='com.inferyx.framework.dataDiscovery.DataDiscovery.downloadSample()'><b>downloadSample</b><br>Test class: com.inferyx.framework.dataDiscovery.DataDiscovery<br>Test method: datapodDownload</td>
<td></td>
<td>3</td>
<td>com.inferyx.framework.dataDiscovery.DataDiscovery@233795b6</td></tr>
<tr>
<td title='com.inferyx.framework.dataDiscovery.DataDiscovery.histogramChart()'><b>histogramChart</b><br>Test class: com.inferyx.framework.dataDiscovery.DataDiscovery<br>Test method: histogramChart</td>
<td></td>
<td>4</td>
<td>com.inferyx.framework.dataDiscovery.DataDiscovery@233795b6</td></tr>
<tr>
<td title='com.inferyx.framework.dataDiscovery.DataDiscovery.histogramGrid()'><b>histogramGrid</b><br>Test class: com.inferyx.framework.dataDiscovery.DataDiscovery<br>Test method: histogramGrid</td>
<td></td>
<td>5</td>
<td>com.inferyx.framework.dataDiscovery.DataDiscovery@233795b6</td></tr>
</table><p>
</body>
</html>