<?xml version="1.0" encoding="UTF-8"?>
<!-- Generated by org.testng.reporters.JUnitXMLReporter -->
<testsuite ignored="0" hostname="ip-172-31-9-182" failures="1" tests="3" name="Login" time="8.116" errors="0" timestamp="19 Feb 2021 12:30:20 GMT">
  <testcase classname="com.inferyx.framework.selenium.LoginPage" name="openBrowser" time="4.056"/>
  <testcase classname="com.inferyx.framework.selenium.LoginPage" name="login" time="2.313"/>
  <testcase classname="com.inferyx.framework.selenium.LoginPage" name="appSelection" time="1.705">
    <failure type="java.lang.NullPointerException" message="Cannot invoke &amp;quot;Object.getClass()&amp;quot; because &amp;quot;object&amp;quot; is null">
      <![CDATA[java.lang.NullPointerException: Cannot invoke "Object.getClass()" because "object" is null
at org.openqa.selenium.support.events.EventFiringWebDriver.extractInterfaces(EventFiringWebDriver.java:120)
at org.openqa.selenium.support.events.EventFiringWebDriver.access$500(EventFiringWebDriver.java:66)
at org.openqa.selenium.support.events.EventFiringWebDriver$EventFiringWebElement.<init>(EventFiringWebDriver.java:325)
at org.openqa.selenium.support.events.EventFiringWebDriver$EventFiringWebElement.<init>(EventFiringWebDriver.java:317)
at org.openqa.selenium.support.events.EventFiringWebDriver.createWebElement(EventFiringWebDriver.java:290)
at org.openqa.selenium.support.events.EventFiringWebDriver.findElement(EventFiringWebDriver.java:190)
at com.inferyx.framework.selenium.LoginPage.appSelection(LoginPage.java:79)
... Removed 25 stack frames]]>
    </failure>
  </testcase> <!-- appSelection -->
</testsuite> <!-- Login -->
