<?xml version="1.0" encoding="UTF-8"?>
<testng-results skipped="0" failed="0" ignored="0" total="35" passed="35">
  <reporter-output>
  </reporter-output>
  <suite name="seq tests" duration-ms="925209" started-at="2019-02-07T13:16:12Z" finished-at="2019-02-07T13:31:37Z">
    <groups>
    </groups>
    <test name="LOGIN" duration-ms="26150" started-at="2019-02-07T13:16:12Z" finished-at="2019-02-07T13:16:38Z">
      <class name="com.inferyx.framework.selenium.LoginPage">
        <test-method status="PASS" signature="openBrowser()[pri:1, instance:com.inferyx.framework.selenium.LoginPage@1d296da]" name="openBrowser" duration-ms="7354" started-at="2019-02-07T13:16:12Z" description="openBrowser" finished-at="2019-02-07T13:16:19Z">
          <reporter-output>
          </reporter-output>
        </test-method> <!-- openBrowser -->
        <test-method status="PASS" signature="login()[pri:2, instance:com.inferyx.framework.selenium.LoginPage@1d296da]" name="login" duration-ms="4258" started-at="2019-02-07T13:16:19Z" description="login check" finished-at="2019-02-07T13:16:23Z">
          <reporter-output>
          </reporter-output>
        </test-method> <!-- login -->
        <test-method status="PASS" signature="appSelection()[pri:3, instance:com.inferyx.framework.selenium.LoginPage@1d296da]" name="appSelection" duration-ms="14425" started-at="2019-02-07T13:16:23Z" description="appSelection" finished-at="2019-02-07T13:16:38Z">
          <reporter-output>
          </reporter-output>
        </test-method> <!-- appSelection -->
      </class> <!-- com.inferyx.framework.selenium.LoginPage -->
    </test> <!-- LOGIN -->
    <test name="DATA DISCOVERY" duration-ms="642748" started-at="2019-02-07T13:16:38Z" finished-at="2019-02-07T13:27:21Z">
      <class name="com.inferyx.framework.dataDiscovery.DataDiscovery">
        <test-method status="PASS" signature="dataDiscoveryList()[pri:1, instance:com.inferyx.framework.dataDiscovery.DataDiscovery@233795b6]" name="dataDiscoveryList" duration-ms="1541" started-at="2019-02-07T13:16:38Z" description="dataDiscovery" finished-at="2019-02-07T13:16:39Z">
          <reporter-output>
          </reporter-output>
        </test-method> <!-- dataDiscoveryList -->
        <test-method status="PASS" signature="dataDiscoveryCard()[pri:2, instance:com.inferyx.framework.dataDiscovery.DataDiscovery@233795b6]" name="dataDiscoveryCard" duration-ms="1369" started-at="2019-02-07T13:16:39Z" description="dataDiscoveryCard" finished-at="2019-02-07T13:16:41Z">
          <reporter-output>
          </reporter-output>
        </test-method> <!-- dataDiscoveryCard -->
        <test-method status="PASS" signature="dataDiscoveryCardMetaComp()[pri:3, instance:com.inferyx.framework.dataDiscovery.DataDiscovery@233795b6]" name="dataDiscoveryCardMetaComp" duration-ms="615001" started-at="2019-02-07T13:16:41Z" description="datapodMetaComp" finished-at="2019-02-07T13:26:56Z">
          <reporter-output>
          </reporter-output>
        </test-method> <!-- dataDiscoveryCardMetaComp -->
        <test-method status="PASS" signature="downloadSample()[pri:3, instance:com.inferyx.framework.dataDiscovery.DataDiscovery@233795b6]" name="downloadSample" duration-ms="3109" started-at="2019-02-07T13:26:56Z" description="datapodDownload" finished-at="2019-02-07T13:26:59Z">
          <reporter-output>
          </reporter-output>
        </test-method> <!-- downloadSample -->
        <test-method status="PASS" signature="dataStore()[pri:4, instance:com.inferyx.framework.dataDiscovery.DataDiscovery@233795b6]" name="dataStore" duration-ms="2675" started-at="2019-02-07T13:26:59Z" description="datapodDataStore" finished-at="2019-02-07T13:27:02Z">
          <reporter-output>
          </reporter-output>
        </test-method> <!-- dataStore -->
        <test-method status="PASS" signature="dataDiscoveryCardEdit()[pri:5, instance:com.inferyx.framework.dataDiscovery.DataDiscovery@233795b6]" name="dataDiscoveryCardEdit" duration-ms="3404" started-at="2019-02-07T13:27:02Z" description="datapodEdit" finished-at="2019-02-07T13:27:05Z">
          <reporter-output>
          </reporter-output>
        </test-method> <!-- dataDiscoveryCardEdit -->
        <test-method status="PASS" signature="knowledgeGraph()[pri:6, instance:com.inferyx.framework.dataDiscovery.DataDiscovery@233795b6]" name="knowledgeGraph" duration-ms="2604" started-at="2019-02-07T13:27:05Z" description="datapodGraph" finished-at="2019-02-07T13:27:08Z">
          <reporter-output>
          </reporter-output>
        </test-method> <!-- knowledgeGraph -->
        <test-method status="PASS" signature="dataDiscoverySampleRecord()[pri:7, instance:com.inferyx.framework.dataDiscovery.DataDiscovery@233795b6]" name="dataDiscoverySampleRecord" duration-ms="2386" started-at="2019-02-07T13:27:08Z" description="datapodSampleRecord" finished-at="2019-02-07T13:27:10Z">
          <reporter-output>
          </reporter-output>
        </test-method> <!-- dataDiscoverySampleRecord -->
        <test-method status="PASS" signature="closeIcon()[pri:8, instance:com.inferyx.framework.dataDiscovery.DataDiscovery@233795b6]" name="closeIcon" duration-ms="10587" started-at="2019-02-07T13:27:10Z" description="datapodClose" finished-at="2019-02-07T13:27:21Z">
          <reporter-output>
          </reporter-output>
        </test-method> <!-- closeIcon -->
      </class> <!-- com.inferyx.framework.dataDiscovery.DataDiscovery -->
    </test> <!-- DATA DISCOVERY -->
    <test name="DATA Visualization" duration-ms="35029" started-at="2019-02-07T13:27:21Z" finished-at="2019-02-07T13:27:56Z">
      <class name="com.inferyx.framework.dataVisualization.DataVisualization">
        <test-method status="PASS" signature="dataVisualization()[pri:1, instance:com.inferyx.framework.dataVisualization.DataVisualization@3b0090a4]" name="dataVisualization" duration-ms="10724" started-at="2019-02-07T13:27:21Z" description="dataVisualization" finished-at="2019-02-07T13:27:31Z">
          <reporter-output>
          </reporter-output>
        </test-method> <!-- dataVisualization -->
        <test-method status="PASS" signature="Dashboard()[pri:2, instance:com.inferyx.framework.dataVisualization.DataVisualization@3b0090a4]" name="Dashboard" duration-ms="2430" started-at="2019-02-07T13:27:31Z" description="Dashboard" finished-at="2019-02-07T13:27:34Z">
          <reporter-output>
          </reporter-output>
        </test-method> <!-- Dashboard -->
        <test-method status="PASS" signature="createDashboard()[pri:3, instance:com.inferyx.framework.dataVisualization.DataVisualization@3b0090a4]" name="createDashboard" duration-ms="4321" started-at="2019-02-07T13:27:34Z" description="dashboardAdd" finished-at="2019-02-07T13:27:38Z">
          <reporter-output>
          </reporter-output>
        </test-method> <!-- createDashboard -->
        <test-method status="PASS" signature="datshBoardTile()[pri:3, instance:com.inferyx.framework.dataVisualization.DataVisualization@3b0090a4]" name="datshBoardTile" duration-ms="4373" started-at="2019-02-07T13:27:38Z" description="datshBoardTile" finished-at="2019-02-07T13:27:43Z">
          <reporter-output>
          </reporter-output>
        </test-method> <!-- datshBoardTile -->
        <test-method status="PASS" signature="Vizpod()[pri:4, instance:com.inferyx.framework.dataVisualization.DataVisualization@3b0090a4]" name="Vizpod" duration-ms="4358" started-at="2019-02-07T13:27:43Z" description="Vizpod" finished-at="2019-02-07T13:27:47Z">
          <reporter-output>
          </reporter-output>
        </test-method> <!-- Vizpod -->
        <test-method status="PASS" signature="vizpodAdd()[pri:5, instance:com.inferyx.framework.dataVisualization.DataVisualization@3b0090a4]" name="vizpodAdd" duration-ms="6414" started-at="2019-02-07T13:27:47Z" description="vizpodAdd" finished-at="2019-02-07T13:27:53Z">
          <reporter-output>
          </reporter-output>
        </test-method> <!-- vizpodAdd -->
        <test-method status="PASS" signature="Report()[pri:6, instance:com.inferyx.framework.dataVisualization.DataVisualization@3b0090a4]" name="Report" duration-ms="2366" started-at="2019-02-07T13:27:53Z" description="Report" finished-at="2019-02-07T13:27:56Z">
          <reporter-output>
          </reporter-output>
        </test-method> <!-- Report -->
      </class> <!-- com.inferyx.framework.dataVisualization.DataVisualization -->
    </test> <!-- DATA Visualization -->
    <test name="DATA Preaparation.Datapod" duration-ms="221183" started-at="2019-02-07T13:27:56Z" finished-at="2019-02-07T13:31:37Z">
      <class name="com.inferyx.framework.dataPreparation.datapod.DataPreaparation">
        <test-method status="PASS" signature="dataPreparationList()[pri:1, instance:com.inferyx.framework.dataPreparation.datapod.DataPreaparation@6f45df59]" name="dataPreparationList" duration-ms="3217" started-at="2019-02-07T13:27:56Z" description="Data Preparation " finished-at="2019-02-07T13:27:59Z">
          <reporter-output>
          </reporter-output>
        </test-method> <!-- dataPreparationList -->
        <test-method status="PASS" signature="dataDatapod()[pri:2, instance:com.inferyx.framework.dataPreparation.datapod.DataPreaparation@6f45df59]" name="dataDatapod" duration-ms="4132" started-at="2019-02-07T13:27:59Z" description="Datapod" finished-at="2019-02-07T13:28:03Z">
          <reporter-output>
          </reporter-output>
        </test-method> <!-- dataDatapod -->
      </class> <!-- com.inferyx.framework.dataPreparation.datapod.DataPreaparation -->
      <class name="com.inferyx.framework.dataPreparation.datapod.DatapodActionRestore">
        <test-method status="PASS" signature="setUp()[pri:0, instance:com.inferyx.framework.dataPreparation.datapod.DatapodActionRestore@2d2ffcb7]" name="setUp" is-config="true" duration-ms="4195" started-at="2019-02-07T13:30:04Z" finished-at="2019-02-07T13:30:08Z">
          <reporter-output>
          </reporter-output>
        </test-method> <!-- setUp -->
        <test-method status="PASS" signature="datapodRestoreAction()[pri:7, instance:com.inferyx.framework.dataPreparation.datapod.DatapodActionRestore@2d2ffcb7]" name="datapodRestoreAction" duration-ms="4327" started-at="2019-02-07T13:30:08Z" description="Datapod Restore Action" finished-at="2019-02-07T13:30:13Z">
          <reporter-output>
          </reporter-output>
        </test-method> <!-- datapodRestoreAction -->
        <test-method status="PASS" signature="AfterMethod()[pri:0, instance:com.inferyx.framework.dataPreparation.datapod.DatapodActionRestore@2d2ffcb7]" name="AfterMethod" is-config="true" duration-ms="3188" started-at="2019-02-07T13:30:13Z" finished-at="2019-02-07T13:30:16Z">
          <reporter-output>
          </reporter-output>
        </test-method> <!-- AfterMethod -->
      </class> <!-- com.inferyx.framework.dataPreparation.datapod.DatapodActionRestore -->
      <class name="com.inferyx.framework.dataPreparation.datapod.DatapodActionClone">
        <test-method status="PASS" signature="setUp()[pri:0, instance:com.inferyx.framework.dataPreparation.datapod.DatapodActionClone@117e949d]" name="setUp" is-config="true" duration-ms="5187" started-at="2019-02-07T13:31:08Z" finished-at="2019-02-07T13:31:13Z">
          <reporter-output>
          </reporter-output>
        </test-method> <!-- setUp -->
        <test-method status="PASS" signature="datapodEditAction()[pri:12, instance:com.inferyx.framework.dataPreparation.datapod.DatapodActionClone@117e949d]" name="datapodEditAction" duration-ms="4363" started-at="2019-02-07T13:31:13Z" description="Datapod Clone  Action" finished-at="2019-02-07T13:31:17Z">
          <reporter-output>
          </reporter-output>
        </test-method> <!-- datapodEditAction -->
        <test-method status="PASS" signature="AfterMethod()[pri:0, instance:com.inferyx.framework.dataPreparation.datapod.DatapodActionClone@117e949d]" name="AfterMethod" is-config="true" duration-ms="3283" started-at="2019-02-07T13:31:17Z" finished-at="2019-02-07T13:31:20Z">
          <reporter-output>
          </reporter-output>
        </test-method> <!-- AfterMethod -->
      </class> <!-- com.inferyx.framework.dataPreparation.datapod.DatapodActionClone -->
      <class name="com.inferyx.framework.dataPreparation.datapod.DatapodActionUnPublish">
        <test-method status="PASS" signature="setUp()[pri:0, instance:com.inferyx.framework.dataPreparation.datapod.DatapodActionUnPublish@10d68fcd]" name="setUp" is-config="true" duration-ms="5187" started-at="2019-02-07T13:30:55Z" finished-at="2019-02-07T13:31:00Z">
          <reporter-output>
          </reporter-output>
        </test-method> <!-- setUp -->
        <test-method status="PASS" signature="datapodUnPublishAction()[pri:11, instance:com.inferyx.framework.dataPreparation.datapod.DatapodActionUnPublish@10d68fcd]" name="datapodUnPublishAction" duration-ms="4342" started-at="2019-02-07T13:31:00Z" description="Datapod UnPublish Action" finished-at="2019-02-07T13:31:04Z">
          <reporter-output>
          </reporter-output>
        </test-method> <!-- datapodUnPublishAction -->
        <test-method status="PASS" signature="AfterMethod()[pri:0, instance:com.inferyx.framework.dataPreparation.datapod.DatapodActionUnPublish@10d68fcd]" name="AfterMethod" is-config="true" duration-ms="3318" started-at="2019-02-07T13:31:04Z" finished-at="2019-02-07T13:31:08Z">
          <reporter-output>
          </reporter-output>
        </test-method> <!-- AfterMethod -->
      </class> <!-- com.inferyx.framework.dataPreparation.datapod.DatapodActionUnPublish -->
      <class name="com.inferyx.framework.dataPreparation.datapod.DatapodAdd">
        <test-method status="PASS" signature="setUp()[pri:0, instance:com.inferyx.framework.dataPreparation.datapod.DatapodAdd@38e79ae3]" name="setUp" is-config="true" duration-ms="5683" started-at="2019-02-07T13:28:03Z" finished-at="2019-02-07T13:28:09Z">
          <reporter-output>
          </reporter-output>
        </test-method> <!-- setUp -->
        <test-method status="PASS" signature="validateAdd(java.lang.String, java.lang.String, java.lang.String, java.lang.String)[pri:3, instance:com.inferyx.framework.dataPreparation.datapod.DatapodAdd@38e79ae3]" name="validateAdd" duration-ms="13330" started-at="2019-02-07T13:28:09Z" description="Datapod  Add" data-provider="getCRMTestData" finished-at="2019-02-07T13:28:22Z">
          <params>
            <param index="0">
              <value>
                <![CDATA[aa]]>
              </value>
            </param>
            <param index="1">
              <value>
                <![CDATA[aa]]>
              </value>
            </param>
            <param index="2">
              <value>
                <![CDATA[aa]]>
              </value>
            </param>
            <param index="3">
              <value>
                <![CDATA[aa]]>
              </value>
            </param>
          </params>
          <reporter-output>
          </reporter-output>
        </test-method> <!-- validateAdd -->
        <test-method status="PASS" signature="setUp()[pri:0, instance:com.inferyx.framework.dataPreparation.datapod.DatapodAdd@38e79ae3]" name="setUp" is-config="true" duration-ms="5620" started-at="2019-02-07T13:28:22Z" finished-at="2019-02-07T13:28:28Z">
          <reporter-output>
          </reporter-output>
        </test-method> <!-- setUp -->
        <test-method status="PASS" signature="validateAdd(java.lang.String, java.lang.String, java.lang.String, java.lang.String)[pri:3, instance:com.inferyx.framework.dataPreparation.datapod.DatapodAdd@38e79ae3]" name="validateAdd" duration-ms="13084" started-at="2019-02-07T13:28:28Z" description="Datapod  Add" data-provider="getCRMTestData" finished-at="2019-02-07T13:28:41Z">
          <params>
            <param index="0">
              <value>
                <![CDATA[ss]]>
              </value>
            </param>
            <param index="1">
              <value>
                <![CDATA[ss]]>
              </value>
            </param>
            <param index="2">
              <value>
                <![CDATA[ss]]>
              </value>
            </param>
            <param index="3">
              <value>
                <![CDATA[ss]]>
              </value>
            </param>
          </params>
          <reporter-output>
          </reporter-output>
        </test-method> <!-- validateAdd -->
        <test-method status="PASS" signature="setUp()[pri:0, instance:com.inferyx.framework.dataPreparation.datapod.DatapodAdd@38e79ae3]" name="setUp" is-config="true" duration-ms="5646" started-at="2019-02-07T13:28:41Z" finished-at="2019-02-07T13:28:47Z">
          <reporter-output>
          </reporter-output>
        </test-method> <!-- setUp -->
        <test-method status="PASS" signature="validateAdd(java.lang.String, java.lang.String, java.lang.String, java.lang.String)[pri:3, instance:com.inferyx.framework.dataPreparation.datapod.DatapodAdd@38e79ae3]" name="validateAdd" duration-ms="13224" started-at="2019-02-07T13:28:47Z" description="Datapod  Add" data-provider="getCRMTestData" finished-at="2019-02-07T13:29:00Z">
          <params>
            <param index="0">
              <value>
                <![CDATA[dd]]>
              </value>
            </param>
            <param index="1">
              <value>
                <![CDATA[dd]]>
              </value>
            </param>
            <param index="2">
              <value>
                <![CDATA[dd]]>
              </value>
            </param>
            <param index="3">
              <value>
                <![CDATA[dd]]>
              </value>
            </param>
          </params>
          <reporter-output>
          </reporter-output>
        </test-method> <!-- validateAdd -->
        <test-method status="PASS" signature="setUp()[pri:0, instance:com.inferyx.framework.dataPreparation.datapod.DatapodAdd@38e79ae3]" name="setUp" is-config="true" duration-ms="5699" started-at="2019-02-07T13:29:00Z" finished-at="2019-02-07T13:29:06Z">
          <reporter-output>
          </reporter-output>
        </test-method> <!-- setUp -->
        <test-method status="PASS" signature="validateAdd(java.lang.String, java.lang.String, java.lang.String, java.lang.String)[pri:3, instance:com.inferyx.framework.dataPreparation.datapod.DatapodAdd@38e79ae3]" name="validateAdd" duration-ms="13199" started-at="2019-02-07T13:29:06Z" description="Datapod  Add" data-provider="getCRMTestData" finished-at="2019-02-07T13:29:19Z">
          <params>
            <param index="0">
              <value>
                <![CDATA[ff]]>
              </value>
            </param>
            <param index="1">
              <value>
                <![CDATA[firstNafme]]>
              </value>
            </param>
            <param index="2">
              <value>
                <![CDATA[f]]>
              </value>
            </param>
            <param index="3">
              <value>
                <![CDATA[ff]]>
              </value>
            </param>
          </params>
          <reporter-output>
          </reporter-output>
        </test-method> <!-- validateAdd -->
      </class> <!-- com.inferyx.framework.dataPreparation.datapod.DatapodAdd -->
      <class name="com.inferyx.framework.dataPreparation.datapod.DatapodActionEdit">
        <test-method status="PASS" signature="setUp()[pri:0, instance:com.inferyx.framework.dataPreparation.datapod.DatapodActionEdit@68e5eea7]" name="setUp" is-config="true" duration-ms="5260" started-at="2019-02-07T13:29:35Z" finished-at="2019-02-07T13:29:40Z">
          <reporter-output>
          </reporter-output>
        </test-method> <!-- setUp -->
        <test-method status="PASS" signature="datapodEditAction()[pri:5, instance:com.inferyx.framework.dataPreparation.datapod.DatapodActionEdit@68e5eea7]" name="datapodEditAction" duration-ms="4804" started-at="2019-02-07T13:29:40Z" description="Datapod Edit Action" finished-at="2019-02-07T13:29:45Z">
          <reporter-output>
          </reporter-output>
        </test-method> <!-- datapodEditAction -->
        <test-method status="PASS" signature="AfterMethod()[pri:0, instance:com.inferyx.framework.dataPreparation.datapod.DatapodActionEdit@68e5eea7]" name="AfterMethod" is-config="true" duration-ms="6262" started-at="2019-02-07T13:29:45Z" finished-at="2019-02-07T13:29:51Z">
          <reporter-output>
          </reporter-output>
        </test-method> <!-- AfterMethod -->
      </class> <!-- com.inferyx.framework.dataPreparation.datapod.DatapodActionEdit -->
      <class name="com.inferyx.framework.dataPreparation.datapod.DatapodActionUnLock">
        <test-method status="PASS" signature="setUp()[pri:0, instance:com.inferyx.framework.dataPreparation.datapod.DatapodActionUnLock@31f9b85e]" name="setUp" is-config="true" duration-ms="5208" started-at="2019-02-07T13:30:29Z" finished-at="2019-02-07T13:30:34Z">
          <reporter-output>
          </reporter-output>
        </test-method> <!-- setUp -->
        <test-method status="PASS" signature="datapodUnLockAction()[pri:9, instance:com.inferyx.framework.dataPreparation.datapod.DatapodActionUnLock@31f9b85e]" name="datapodUnLockAction" duration-ms="4353" started-at="2019-02-07T13:30:34Z" description="Datapod UnLock Action" finished-at="2019-02-07T13:30:38Z">
          <reporter-output>
          </reporter-output>
        </test-method> <!-- datapodUnLockAction -->
        <test-method status="PASS" signature="AfterMethod()[pri:0, instance:com.inferyx.framework.dataPreparation.datapod.DatapodActionUnLock@31f9b85e]" name="AfterMethod" is-config="true" duration-ms="3225" started-at="2019-02-07T13:30:38Z" finished-at="2019-02-07T13:30:42Z">
          <reporter-output>
          </reporter-output>
        </test-method> <!-- AfterMethod -->
      </class> <!-- com.inferyx.framework.dataPreparation.datapod.DatapodActionUnLock -->
      <class name="com.inferyx.framework.dataPreparation.datapod.DatapodActionPublish">
        <test-method status="PASS" signature="setUp()[pri:0, instance:com.inferyx.framework.dataPreparation.datapod.DatapodActionPublish@424e1977]" name="setUp" is-config="true" duration-ms="5351" started-at="2019-02-07T13:30:42Z" finished-at="2019-02-07T13:30:47Z">
          <reporter-output>
          </reporter-output>
        </test-method> <!-- setUp -->
        <test-method status="PASS" signature="datapodPublishAction()[pri:10, instance:com.inferyx.framework.dataPreparation.datapod.DatapodActionPublish@424e1977]" name="datapodPublishAction" duration-ms="4603" started-at="2019-02-07T13:30:47Z" description="Datapod Publish Action" finished-at="2019-02-07T13:30:52Z">
          <reporter-output>
          </reporter-output>
        </test-method> <!-- datapodPublishAction -->
        <test-method status="PASS" signature="AfterMethod()[pri:0, instance:com.inferyx.framework.dataPreparation.datapod.DatapodActionPublish@424e1977]" name="AfterMethod" is-config="true" duration-ms="3236" started-at="2019-02-07T13:30:52Z" finished-at="2019-02-07T13:30:55Z">
          <reporter-output>
          </reporter-output>
        </test-method> <!-- AfterMethod -->
      </class> <!-- com.inferyx.framework.dataPreparation.datapod.DatapodActionPublish -->
      <class name="com.inferyx.framework.dataPreparation.datapod.DatapodActionExport">
        <test-method status="PASS" signature="setUp()[pri:0, instance:com.inferyx.framework.dataPreparation.datapod.DatapodActionExport@6db9f5a4]" name="setUp" is-config="true" duration-ms="5160" started-at="2019-02-07T13:31:20Z" finished-at="2019-02-07T13:31:26Z">
          <reporter-output>
          </reporter-output>
        </test-method> <!-- setUp -->
        <test-method status="PASS" signature="datapodEditAction()[pri:13, instance:com.inferyx.framework.dataPreparation.datapod.DatapodActionExport@6db9f5a4]" name="datapodEditAction" duration-ms="8177" started-at="2019-02-07T13:31:26Z" description="Datapod Export Action" finished-at="2019-02-07T13:31:34Z">
          <reporter-output>
          </reporter-output>
        </test-method> <!-- datapodEditAction -->
        <test-method status="FAIL" signature="AfterMethod()[pri:0, instance:com.inferyx.framework.dataPreparation.datapod.DatapodActionExport@6db9f5a4]" name="AfterMethod" is-config="true" duration-ms="3098" started-at="2019-02-07T13:31:34Z" finished-at="2019-02-07T13:31:37Z">
          <exception class="org.openqa.selenium.ElementNotVisibleException">
            <message>
              <![CDATA[element not visible
  (Session info: chrome=72.0.3626.81)
  (Driver info: chromedriver=2.41.578700 (2f1ed5f9343c13f73144538f15c00b370eda6706),platform=Linux 4.4.0-140-generic x86_64) (WARNING: The server did not provide any stacktrace information)
Command duration or timeout: 48 milliseconds
Build info: version: '3.2.0', revision: '8c03df6b79', time: '2017-02-23 10:51:31 +0000'
System info: host: 'rohini007-Inspiron-3551', ip: '127.0.1.1', os.name: 'Linux', os.arch: 'amd64', os.version: '4.4.0-140-generic', java.version: '1.8.0_191'
Driver info: org.openqa.selenium.chrome.ChromeDriver
Capabilities [{mobileEmulationEnabled=false, hasTouchScreen=false, platform=LINUX, acceptSslCerts=false, goog:chromeOptions={debuggerAddress=localhost:37676}, acceptInsecureCerts=false, webStorageEnabled=true, browserName=chrome, takesScreenshot=true, javascriptEnabled=true, setWindowRect=true, unexpectedAlertBehaviour=, applicationCacheEnabled=false, rotatable=false, networkConnectionEnabled=false, chrome={chromedriverVersion=2.41.578700 (2f1ed5f9343c13f73144538f15c00b370eda6706), userDataDir=/tmp/.org.chromium.Chromium.GchY0N}, takesHeapSnapshot=true, pageLoadStrategy=normal, databaseEnabled=false, handlesAlerts=true, version=72.0.3626.81, browserConnectionEnabled=false, nativeEvents=true, locationContextEnabled=true, cssSelectorsEnabled=true}]
Session ID: 51389364847b0b9a53bb45d99c4b338f]]>
            </message>
            <full-stacktrace>
              <![CDATA[org.openqa.selenium.ElementNotVisibleException: element not visible
  (Session info: chrome=72.0.3626.81)
  (Driver info: chromedriver=2.41.578700 (2f1ed5f9343c13f73144538f15c00b370eda6706),platform=Linux 4.4.0-140-generic x86_64) (WARNING: The server did not provide any stacktrace information)
Command duration or timeout: 48 milliseconds
Build info: version: '3.2.0', revision: '8c03df6b79', time: '2017-02-23 10:51:31 +0000'
System info: host: 'rohini007-Inspiron-3551', ip: '127.0.1.1', os.name: 'Linux', os.arch: 'amd64', os.version: '4.4.0-140-generic', java.version: '1.8.0_191'
Driver info: org.openqa.selenium.chrome.ChromeDriver
Capabilities [{mobileEmulationEnabled=false, hasTouchScreen=false, platform=LINUX, acceptSslCerts=false, goog:chromeOptions={debuggerAddress=localhost:37676}, acceptInsecureCerts=false, webStorageEnabled=true, browserName=chrome, takesScreenshot=true, javascriptEnabled=true, setWindowRect=true, unexpectedAlertBehaviour=, applicationCacheEnabled=false, rotatable=false, networkConnectionEnabled=false, chrome={chromedriverVersion=2.41.578700 (2f1ed5f9343c13f73144538f15c00b370eda6706), userDataDir=/tmp/.org.chromium.Chromium.GchY0N}, takesHeapSnapshot=true, pageLoadStrategy=normal, databaseEnabled=false, handlesAlerts=true, version=72.0.3626.81, browserConnectionEnabled=false, nativeEvents=true, locationContextEnabled=true, cssSelectorsEnabled=true}]
Session ID: 51389364847b0b9a53bb45d99c4b338f
at sun.reflect.NativeConstructorAccessorImpl.newInstance0(Native Method)
at sun.reflect.NativeConstructorAccessorImpl.newInstance(NativeConstructorAccessorImpl.java:62)
at sun.reflect.DelegatingConstructorAccessorImpl.newInstance(DelegatingConstructorAccessorImpl.java:45)
at java.lang.reflect.Constructor.newInstance(Constructor.java:423)
at org.openqa.selenium.remote.ErrorHandler.createThrowable(ErrorHandler.java:216)
at org.openqa.selenium.remote.ErrorHandler.throwIfResponseFailed(ErrorHandler.java:168)
at org.openqa.selenium.remote.RemoteWebDriver.execute(RemoteWebDriver.java:638)
at org.openqa.selenium.remote.RemoteWebElement.execute(RemoteWebElement.java:274)
at org.openqa.selenium.remote.RemoteWebElement.click(RemoteWebElement.java:84)
at com.inferyx.framework.dataPreparation.datapod.DatapodActionExport.AfterMethod(DatapodActionExport.java:53)
at sun.reflect.NativeMethodAccessorImpl.invoke0(Native Method)
at sun.reflect.NativeMethodAccessorImpl.invoke(NativeMethodAccessorImpl.java:62)
at sun.reflect.DelegatingMethodAccessorImpl.invoke(DelegatingMethodAccessorImpl.java:43)
at java.lang.reflect.Method.invoke(Method.java:498)
at org.testng.internal.MethodInvocationHelper.invokeMethod(MethodInvocationHelper.java:124)
at org.testng.internal.MethodInvocationHelper.invokeMethodConsideringTimeout(MethodInvocationHelper.java:59)
at org.testng.internal.Invoker.invokeConfigurationMethod(Invoker.java:458)
at org.testng.internal.Invoker.invokeConfigurations(Invoker.java:222)
at org.testng.internal.Invoker.invokeMethod(Invoker.java:646)
at org.testng.internal.Invoker.invokeTestMethod(Invoker.java:719)
at org.testng.internal.Invoker.invokeTestMethods(Invoker.java:989)
at org.testng.internal.TestMethodWorker.invokeTestMethods(TestMethodWorker.java:125)
at org.testng.internal.TestMethodWorker.run(TestMethodWorker.java:109)
at org.testng.TestRunner.privateRun(TestRunner.java:648)
at org.testng.TestRunner.run(TestRunner.java:505)
at org.testng.SuiteRunner.runTest(SuiteRunner.java:455)
at org.testng.SuiteRunner.runSequentially(SuiteRunner.java:450)
at org.testng.SuiteRunner.privateRun(SuiteRunner.java:415)
at org.testng.SuiteRunner.run(SuiteRunner.java:364)
at org.testng.SuiteRunnerWorker.runSuite(SuiteRunnerWorker.java:52)
at org.testng.SuiteRunnerWorker.run(SuiteRunnerWorker.java:84)
at org.testng.TestNG.runSuitesSequentially(TestNG.java:1208)
at org.testng.TestNG.runSuitesLocally(TestNG.java:1137)
at org.testng.TestNG.runSuites(TestNG.java:1049)
at org.testng.TestNG.run(TestNG.java:1017)
at org.testng.remote.AbstractRemoteTestNG.run(AbstractRemoteTestNG.java:114)
at org.testng.remote.RemoteTestNG.initAndRun(RemoteTestNG.java:251)
at org.testng.remote.RemoteTestNG.main(RemoteTestNG.java:77)
]]>
            </full-stacktrace>
          </exception> <!-- org.openqa.selenium.ElementNotVisibleException -->
          <reporter-output>
          </reporter-output>
        </test-method> <!-- AfterMethod -->
      </class> <!-- com.inferyx.framework.dataPreparation.datapod.DatapodActionExport -->
      <class name="com.inferyx.framework.dataPreparation.datapod.DatapodActionLock">
        <test-method status="PASS" signature="setUp()[pri:0, instance:com.inferyx.framework.dataPreparation.datapod.DatapodActionLock@762ef0ea]" name="setUp" is-config="true" duration-ms="5289" started-at="2019-02-07T13:30:16Z" finished-at="2019-02-07T13:30:21Z">
          <reporter-output>
          </reporter-output>
        </test-method> <!-- setUp -->
        <test-method status="PASS" signature="datapodLockAction()[pri:8, instance:com.inferyx.framework.dataPreparation.datapod.DatapodActionLock@762ef0ea]" name="datapodLockAction" duration-ms="4373" started-at="2019-02-07T13:30:21Z" description="Datapod Lock Action" finished-at="2019-02-07T13:30:26Z">
          <reporter-output>
          </reporter-output>
        </test-method> <!-- datapodLockAction -->
        <test-method status="PASS" signature="AfterMethod()[pri:0, instance:com.inferyx.framework.dataPreparation.datapod.DatapodActionLock@762ef0ea]" name="AfterMethod" is-config="true" duration-ms="3236" started-at="2019-02-07T13:30:26Z" finished-at="2019-02-07T13:30:29Z">
          <reporter-output>
          </reporter-output>
        </test-method> <!-- AfterMethod -->
      </class> <!-- com.inferyx.framework.dataPreparation.datapod.DatapodActionLock -->
      <class name="com.inferyx.framework.dataPreparation.datapod.DatapodActionView">
        <test-method status="PASS" signature="setUp()[pri:0, instance:com.inferyx.framework.dataPreparation.datapod.DatapodActionView@63070bab]" name="setUp" is-config="true" duration-ms="5252" started-at="2019-02-07T13:29:19Z" finished-at="2019-02-07T13:29:24Z">
          <reporter-output>
          </reporter-output>
        </test-method> <!-- setUp -->
        <test-method status="PASS" signature="datapodViewAction()[pri:4, instance:com.inferyx.framework.dataPreparation.datapod.DatapodActionView@63070bab]" name="datapodViewAction" duration-ms="4801" started-at="2019-02-07T13:29:24Z" description="Datapod View Action" finished-at="2019-02-07T13:29:29Z">
          <reporter-output>
          </reporter-output>
        </test-method> <!-- datapodViewAction -->
        <test-method status="PASS" signature="AfterMethod()[pri:0, instance:com.inferyx.framework.dataPreparation.datapod.DatapodActionView@63070bab]" name="AfterMethod" is-config="true" duration-ms="6205" started-at="2019-02-07T13:29:29Z" finished-at="2019-02-07T13:29:35Z">
          <reporter-output>
          </reporter-output>
        </test-method> <!-- AfterMethod -->
      </class> <!-- com.inferyx.framework.dataPreparation.datapod.DatapodActionView -->
      <class name="com.inferyx.framework.dataPreparation.datapod.DatapodActionDelete">
        <test-method status="PASS" signature="setUp()[pri:0, instance:com.inferyx.framework.dataPreparation.datapod.DatapodActionDelete@291b4bf5]" name="setUp" is-config="true" duration-ms="5220" started-at="2019-02-07T13:29:51Z" finished-at="2019-02-07T13:29:57Z">
          <reporter-output>
          </reporter-output>
        </test-method> <!-- setUp -->
        <test-method status="PASS" signature="datapodDeleteAction()[pri:6, instance:com.inferyx.framework.dataPreparation.datapod.DatapodActionDelete@291b4bf5]" name="datapodDeleteAction" duration-ms="4350" started-at="2019-02-07T13:29:57Z" description="Datapod Delete Action" finished-at="2019-02-07T13:30:01Z">
          <reporter-output>
          </reporter-output>
        </test-method> <!-- datapodDeleteAction -->
        <test-method status="PASS" signature="AfterMethod()[pri:0, instance:com.inferyx.framework.dataPreparation.datapod.DatapodActionDelete@291b4bf5]" name="AfterMethod" is-config="true" duration-ms="3233" started-at="2019-02-07T13:30:01Z" finished-at="2019-02-07T13:30:04Z">
          <reporter-output>
          </reporter-output>
        </test-method> <!-- AfterMethod -->
      </class> <!-- com.inferyx.framework.dataPreparation.datapod.DatapodActionDelete -->
    </test> <!-- DATA Preaparation.Datapod -->
  </suite> <!-- seq tests -->
</testng-results>
