<?xml version="1.0" encoding="UTF-8"?>
<testng-results skipped="0" failed="0" ignored="0" total="11" passed="11">
  <reporter-output>
  </reporter-output>
  <suite name="seq tests" duration-ms="127386" started-at="2019-03-10T20:28:51Z" finished-at="2019-03-10T20:30:58Z">
    <groups>
    </groups>
    <test name="LOGIN" duration-ms="21626" started-at="2019-03-10T20:28:51Z" finished-at="2019-03-10T20:29:12Z">
      <class name="com.inferyx.framework.selenium.LoginPage">
        <test-method status="PASS" signature="openBrowser()[pri:1, instance:com.inferyx.framework.selenium.LoginPage@1d483de4]" name="openBrowser" duration-ms="7454" started-at="2019-03-10T20:28:51Z" description="openBrowser" finished-at="2019-03-10T20:28:58Z">
          <reporter-output>
          </reporter-output>
        </test-method> <!-- openBrowser -->
        <test-method status="PASS" signature="login()[pri:2, instance:com.inferyx.framework.selenium.LoginPage@1d483de4]" name="login" duration-ms="2454" started-at="2019-03-10T20:28:58Z" description="login check" finished-at="2019-03-10T20:29:01Z">
          <reporter-output>
          </reporter-output>
        </test-method> <!-- login -->
        <test-method status="PASS" signature="appSelection()[pri:3, instance:com.inferyx.framework.selenium.LoginPage@1d483de4]" name="appSelection" duration-ms="11672" started-at="2019-03-10T20:29:01Z" description="appSelection" finished-at="2019-03-10T20:29:12Z">
          <reporter-output>
          </reporter-output>
        </test-method> <!-- appSelection -->
      </class> <!-- com.inferyx.framework.selenium.LoginPage -->
    </test> <!-- LOGIN -->
    <test name="Data Preparation" duration-ms="9834" started-at="2019-03-10T20:29:13Z" finished-at="2019-03-10T20:29:22Z">
      <class name="com.inferyx.framework.dataPreparation.DataPreaparation">
        <test-method status="PASS" signature="dataPreparationList()[pri:1, instance:com.inferyx.framework.dataPreparation.DataPreaparation@68f4865]" name="dataPreparationList" duration-ms="9830" started-at="2019-03-10T20:29:13Z" description="Data Preparation " finished-at="2019-03-10T20:29:22Z">
          <reporter-output>
          </reporter-output>
        </test-method> <!-- dataPreparationList -->
      </class> <!-- com.inferyx.framework.dataPreparation.DataPreaparation -->
    </test> <!-- Data Preparation -->
    <test name="Data Preparation Datapod List Page" duration-ms="95900" started-at="2019-03-10T20:29:22Z" finished-at="2019-03-10T20:30:58Z">
      <class name="com.inferyx.framework.dataPreparation.datapod.listpage.Datapod">
        <test-method status="PASS" signature="dataDatapod()[pri:1, instance:com.inferyx.framework.dataPreparation.datapod.listpage.Datapod@5b7a8434]" name="dataDatapod" duration-ms="3165" started-at="2019-03-10T20:29:22Z" description="Datapod" finished-at="2019-03-10T20:29:26Z">
          <reporter-output>
          </reporter-output>
        </test-method> <!-- dataDatapod -->
      </class> <!-- com.inferyx.framework.dataPreparation.datapod.listpage.Datapod -->
      <class name="com.inferyx.framework.dataPreparation.datapod.listpage.DatapodListPage">
        <test-method status="PASS" signature="DatapodSearchByName()[pri:2, instance:com.inferyx.framework.dataPreparation.datapod.listpage.DatapodListPage@5c45d770]" name="DatapodSearchByName" duration-ms="8830" started-at="2019-03-10T20:29:26Z" description="Datapod Search By Name" finished-at="2019-03-10T20:29:34Z">
          <reporter-output>
          </reporter-output>
        </test-method> <!-- DatapodSearchByName -->
        <test-method status="PASS" signature="RuleSearchByUser()[pri:3, instance:com.inferyx.framework.dataPreparation.datapod.listpage.DatapodListPage@5c45d770]" name="RuleSearchByUser" duration-ms="20466" started-at="2019-03-10T20:29:34Z" description="Datapod Search By User" finished-at="2019-03-10T20:29:55Z">
          <reporter-output>
          </reporter-output>
        </test-method> <!-- RuleSearchByUser -->
        <test-method status="PASS" signature="VizpodSearchCriteriaRefresh()[pri:4, instance:com.inferyx.framework.dataPreparation.datapod.listpage.DatapodListPage@5c45d770]" name="VizpodSearchCriteriaRefresh" duration-ms="4251" started-at="2019-03-10T20:29:55Z" description="Datapod Search Criteria Refresh" finished-at="2019-03-10T20:29:59Z">
          <reporter-output>
          </reporter-output>
        </test-method> <!-- VizpodSearchCriteriaRefresh -->
        <test-method status="PASS" signature="RuleStartAndEndDate()[pri:5, instance:com.inferyx.framework.dataPreparation.datapod.listpage.DatapodListPage@5c45d770]" name="RuleStartAndEndDate" duration-ms="15618" started-at="2019-03-10T20:29:59Z" description="Datapod Start and End Date" finished-at="2019-03-10T20:30:15Z">
          <reporter-output>
          </reporter-output>
        </test-method> <!-- RuleStartAndEndDate -->
        <test-method status="PASS" signature="datapodSearchStatus()[pri:7, instance:com.inferyx.framework.dataPreparation.datapod.listpage.DatapodListPage@5c45d770]" name="datapodSearchStatus" duration-ms="32524" started-at="2019-03-10T20:30:15Z" description="Datapod Search Status" finished-at="2019-03-10T20:30:47Z">
          <reporter-output>
          </reporter-output>
        </test-method> <!-- datapodSearchStatus -->
        <test-method status="PASS" signature="datapodSearchName()[pri:8, instance:com.inferyx.framework.dataPreparation.datapod.listpage.DatapodListPage@5c45d770]" name="datapodSearchName" duration-ms="11002" started-at="2019-03-10T20:30:47Z" description="Datapod Search Name" finished-at="2019-03-10T20:30:58Z">
          <reporter-output>
          </reporter-output>
        </test-method> <!-- datapodSearchName -->
      </class> <!-- com.inferyx.framework.dataPreparation.datapod.listpage.DatapodListPage -->
    </test> <!-- Data Preparation Datapod List Page -->
  </suite> <!-- seq tests -->
</testng-results>
