<?xml version="1.0" encoding="UTF-8"?>
<testng-results skipped="0" failed="0" ignored="0" total="4" passed="4">
  <reporter-output>
  </reporter-output>
  <suite name="Default suite" duration-ms="24597" started-at="2019-02-04T13:42:33Z" finished-at="2019-02-04T13:42:58Z">
    <groups>
    </groups>
    <test name="Default test" duration-ms="24597" started-at="2019-02-04T13:42:33Z" finished-at="2019-02-04T13:42:58Z">
      <class name="com.inferyx.framework.selenium.LoginPage">
        <test-method status="PASS" signature="openBrowser()[pri:1, instance:com.inferyx.framework.selenium.LoginPage@4eb7f003]" name="openBrowser" duration-ms="5910" started-at="2019-02-04T13:42:33Z" description="openBrowser" finished-at="2019-02-04T13:42:39Z">
          <reporter-output>
          </reporter-output>
        </test-method> <!-- openBrowser -->
        <test-method status="PASS" signature="login()[pri:2, instance:com.inferyx.framework.selenium.LoginPage@4eb7f003]" name="login" duration-ms="3315" started-at="2019-02-04T13:42:39Z" description="login check" finished-at="2019-02-04T13:42:42Z">
          <reporter-output>
          </reporter-output>
        </test-method> <!-- login -->
        <test-method status="PASS" signature="appSelection()[pri:3, instance:com.inferyx.framework.selenium.LoginPage@4eb7f003]" name="appSelection" duration-ms="5912" started-at="2019-02-04T13:42:42Z" description="appSelection" finished-at="2019-02-04T13:42:48Z">
          <reporter-output>
          </reporter-output>
        </test-method> <!-- appSelection -->
      </class> <!-- com.inferyx.framework.selenium.LoginPage -->
      <class name="com.inferyx.framework.selenium.DataDiscovery">
        <test-method status="PASS" signature="dataDiscoveryList()[pri:4, instance:com.inferyx.framework.selenium.DataDiscovery@612fc6eb]" name="dataDiscoveryList" duration-ms="9375" started-at="2019-02-04T13:42:48Z" description="dataDiscovery" finished-at="2019-02-04T13:42:58Z">
          <reporter-output>
          </reporter-output>
        </test-method> <!-- dataDiscoveryList -->
      </class> <!-- com.inferyx.framework.selenium.DataDiscovery -->
    </test> <!-- Default test -->
  </suite> <!-- Default suite -->
</testng-results>
