<?xml version="1.0" encoding="UTF-8"?>
<testng-results skipped="0" failed="0" ignored="0" total="16" passed="16">
  <reporter-output>
  </reporter-output>
  <suite name="seq tests" duration-ms="207214" started-at="2019-02-08T13:33:19Z" finished-at="2019-02-08T13:36:46Z">
    <groups>
    </groups>
    <test name="LOGIN" duration-ms="24093" started-at="2019-02-08T13:33:19Z" finished-at="2019-02-08T13:33:43Z">
      <class name="com.inferyx.framework.selenium.LoginPage">
        <test-method status="PASS" signature="openBrowser()[pri:1, instance:com.inferyx.framework.selenium.LoginPage@7a3d45bd]" name="openBrowser" duration-ms="6481" started-at="2019-02-08T13:33:19Z" description="openBrowser" finished-at="2019-02-08T13:33:25Z">
          <reporter-output>
          </reporter-output>
        </test-method> <!-- openBrowser -->
        <test-method status="PASS" signature="login()[pri:2, instance:com.inferyx.framework.selenium.LoginPage@7a3d45bd]" name="login" duration-ms="3787" started-at="2019-02-08T13:33:25Z" description="login check" finished-at="2019-02-08T13:33:29Z">
          <reporter-output>
          </reporter-output>
        </test-method> <!-- login -->
        <test-method status="PASS" signature="appSelection()[pri:3, instance:com.inferyx.framework.selenium.LoginPage@7a3d45bd]" name="appSelection" duration-ms="13755" started-at="2019-02-08T13:33:29Z" description="appSelection" finished-at="2019-02-08T13:33:43Z">
          <reporter-output>
          </reporter-output>
        </test-method> <!-- appSelection -->
      </class> <!-- com.inferyx.framework.selenium.LoginPage -->
    </test> <!-- LOGIN -->
    <test name="DATA DISCOVERY" duration-ms="183086" started-at="2019-02-08T13:33:43Z" finished-at="2019-02-08T13:36:46Z">
      <class name="com.inferyx.framework.dataDiscovery.DataDiscovery">
        <test-method status="PASS" signature="dataDiscoveryList()[pri:1, instance:com.inferyx.framework.dataDiscovery.DataDiscovery@5891e32e]" name="dataDiscoveryList" duration-ms="1439" started-at="2019-02-08T13:33:43Z" description="dataDiscovery" finished-at="2019-02-08T13:33:44Z">
          <reporter-output>
          </reporter-output>
        </test-method> <!-- dataDiscoveryList -->
        <test-method status="PASS" signature="dataDiscoveryCard()[pri:2, instance:com.inferyx.framework.dataDiscovery.DataDiscovery@5891e32e]" name="dataDiscoveryCard" duration-ms="3411" started-at="2019-02-08T13:33:45Z" description="dataDiscoveryCard" finished-at="2019-02-08T13:33:48Z">
          <reporter-output>
          </reporter-output>
        </test-method> <!-- dataDiscoveryCard -->
        <test-method status="PASS" signature="dataDiscoveryCardEdit()[pri:3, instance:com.inferyx.framework.dataDiscovery.DataDiscovery@5891e32e]" name="dataDiscoveryCardEdit" duration-ms="7625" started-at="2019-02-08T13:33:48Z" description="datapodEdit" finished-at="2019-02-08T13:33:56Z">
          <reporter-output>
          </reporter-output>
        </test-method> <!-- dataDiscoveryCardEdit -->
        <test-method status="PASS" signature="dataDiscoveryCardMetaComp()[pri:4, instance:com.inferyx.framework.dataDiscovery.DataDiscovery@5891e32e]" name="dataDiscoveryCardMetaComp" duration-ms="23561" started-at="2019-02-08T13:33:56Z" description="datapodMetaComp" finished-at="2019-02-08T13:34:19Z">
          <reporter-output>
          </reporter-output>
        </test-method> <!-- dataDiscoveryCardMetaComp -->
        <test-method status="PASS" signature="datapodSampleRecord()[pri:5, instance:com.inferyx.framework.dataDiscovery.DataDiscovery@5891e32e]" name="datapodSampleRecord" duration-ms="20648" started-at="2019-02-08T13:34:19Z" description="datapodSampleRecord" finished-at="2019-02-08T13:34:40Z">
          <reporter-output>
          </reporter-output>
        </test-method> <!-- datapodSampleRecord -->
        <test-method status="PASS" signature="histogramGrid()[pri:6, instance:com.inferyx.framework.dataDiscovery.DataDiscovery@5891e32e]" name="histogramGrid" duration-ms="5101" started-at="2019-02-08T13:34:40Z" description="histogramGrid" finished-at="2019-02-08T13:34:45Z">
          <reporter-output>
          </reporter-output>
        </test-method> <!-- histogramGrid -->
        <test-method status="PASS" signature="histogramChart()[pri:7, instance:com.inferyx.framework.dataDiscovery.DataDiscovery@5891e32e]" name="histogramChart" duration-ms="4669" started-at="2019-02-08T13:34:45Z" description="histogramChart" finished-at="2019-02-08T13:34:50Z">
          <reporter-output>
          </reporter-output>
        </test-method> <!-- histogramChart -->
        <test-method status="PASS" signature="downloadSample()[pri:8, instance:com.inferyx.framework.dataDiscovery.DataDiscovery@5891e32e]" name="downloadSample" duration-ms="3582" started-at="2019-02-08T13:34:50Z" description="datapodDownload" finished-at="2019-02-08T13:34:53Z">
          <reporter-output>
          </reporter-output>
        </test-method> <!-- downloadSample -->
        <test-method status="PASS" signature="dataStore()[pri:9, instance:com.inferyx.framework.dataDiscovery.DataDiscovery@5891e32e]" name="dataStore" duration-ms="28415" started-at="2019-02-08T13:34:53Z" description="datapodDataStore" finished-at="2019-02-08T13:35:22Z">
          <reporter-output>
          </reporter-output>
        </test-method> <!-- dataStore -->
        <test-method status="PASS" signature="dataStoreResult()[pri:10, instance:com.inferyx.framework.dataDiscovery.DataDiscovery@5891e32e]" name="dataStoreResult" duration-ms="28438" started-at="2019-02-08T13:35:22Z" description="dataStoreResult" finished-at="2019-02-08T13:35:50Z">
          <reporter-output>
          </reporter-output>
        </test-method> <!-- dataStoreResult -->
        <test-method status="PASS" signature="dataStoreResultDownload()[pri:11, instance:com.inferyx.framework.dataDiscovery.DataDiscovery@5891e32e]" name="dataStoreResultDownload" duration-ms="33992" started-at="2019-02-08T13:35:50Z" description="dataStoreResultDownload" finished-at="2019-02-08T13:36:24Z">
          <reporter-output>
          </reporter-output>
        </test-method> <!-- dataStoreResultDownload -->
        <test-method status="PASS" signature="datapodGraph()[pri:12, instance:com.inferyx.framework.dataDiscovery.DataDiscovery@5891e32e]" name="datapodGraph" duration-ms="7515" started-at="2019-02-08T13:36:24Z" description="datapodGraph" finished-at="2019-02-08T13:36:32Z">
          <reporter-output>
          </reporter-output>
        </test-method> <!-- datapodGraph -->
        <test-method status="PASS" signature="closeIcon()[pri:13, instance:com.inferyx.framework.dataDiscovery.DataDiscovery@5891e32e]" name="closeIcon" duration-ms="14627" started-at="2019-02-08T13:36:32Z" description="datapodClose" finished-at="2019-02-08T13:36:46Z">
          <reporter-output>
          </reporter-output>
        </test-method> <!-- closeIcon -->
      </class> <!-- com.inferyx.framework.dataDiscovery.DataDiscovery -->
    </test> <!-- DATA DISCOVERY -->
  </suite> <!-- seq tests -->
</testng-results>
