<?xml version="1.0" encoding="UTF-8"?>
<testng-results skipped="1" failed="0" ignored="0" total="15" passed="14">
  <reporter-output>
  </reporter-output>
  <suite name="seq tests" duration-ms="147546" started-at="2019-02-07T14:09:36Z" finished-at="2019-02-07T14:12:04Z">
    <groups>
    </groups>
    <test name="LOGIN" duration-ms="20498" started-at="2019-02-07T14:09:36Z" finished-at="2019-02-07T14:09:57Z">
      <class name="com.inferyx.framework.selenium.LoginPage">
        <test-method status="PASS" signature="openBrowser()[pri:1, instance:com.inferyx.framework.selenium.LoginPage@26794848]" name="openBrowser" duration-ms="6050" started-at="2019-02-07T14:09:36Z" description="openBrowser" finished-at="2019-02-07T14:09:42Z">
          <reporter-output>
          </reporter-output>
        </test-method> <!-- openBrowser -->
        <test-method status="PASS" signature="login()[pri:2, instance:com.inferyx.framework.selenium.LoginPage@26794848]" name="login" duration-ms="2918" started-at="2019-02-07T14:09:42Z" description="login check" finished-at="2019-02-07T14:09:45Z">
          <reporter-output>
          </reporter-output>
        </test-method> <!-- login -->
        <test-method status="PASS" signature="appSelection()[pri:3, instance:com.inferyx.framework.selenium.LoginPage@26794848]" name="appSelection" duration-ms="11489" started-at="2019-02-07T14:09:45Z" description="appSelection" finished-at="2019-02-07T14:09:57Z">
          <reporter-output>
          </reporter-output>
        </test-method> <!-- appSelection -->
      </class> <!-- com.inferyx.framework.selenium.LoginPage -->
    </test> <!-- LOGIN -->
    <test name="DATA Preaparation.DataSet" duration-ms="127029" started-at="2019-02-07T14:09:57Z" finished-at="2019-02-07T14:12:04Z">
      <class name="com.inferyx.framework.dataPreparation.dataset.DatasetActionUnLock">
        <test-method status="PASS" signature="setUp()[pri:0, instance:com.inferyx.framework.dataPreparation.dataset.DatasetActionUnLock@75db5df9]" name="setUp" is-config="true" duration-ms="5094" started-at="2019-02-07T14:11:08Z" finished-at="2019-02-07T14:11:13Z">
          <reporter-output>
          </reporter-output>
        </test-method> <!-- setUp -->
        <test-method status="PASS" signature="datasetUnLockAction()[pri:8, instance:com.inferyx.framework.dataPreparation.dataset.DatasetActionUnLock@75db5df9]" name="datasetUnLockAction" duration-ms="4135" started-at="2019-02-07T14:11:13Z" description="DataSet UnLock Action" finished-at="2019-02-07T14:11:18Z">
          <reporter-output>
          </reporter-output>
        </test-method> <!-- datasetUnLockAction -->
        <test-method status="PASS" signature="AfterMethod()[pri:0, instance:com.inferyx.framework.dataPreparation.dataset.DatasetActionUnLock@75db5df9]" name="AfterMethod" is-config="true" duration-ms="3061" started-at="2019-02-07T14:11:18Z" finished-at="2019-02-07T14:11:21Z">
          <reporter-output>
          </reporter-output>
        </test-method> <!-- AfterMethod -->
      </class> <!-- com.inferyx.framework.dataPreparation.dataset.DatasetActionUnLock -->
      <class name="com.inferyx.framework.dataPreparation.dataset.DatasetActionView">
        <test-method status="PASS" signature="setUp()[pri:0, instance:com.inferyx.framework.dataPreparation.dataset.DatasetActionView@394df057]" name="setUp" is-config="true" duration-ms="5119" started-at="2019-02-07T14:10:02Z" finished-at="2019-02-07T14:10:07Z">
          <reporter-output>
          </reporter-output>
        </test-method> <!-- setUp -->
        <test-method status="PASS" signature="datasetViewAction()[pri:3, instance:com.inferyx.framework.dataPreparation.dataset.DatasetActionView@394df057]" name="datasetViewAction" duration-ms="4184" started-at="2019-02-07T14:10:07Z" description="DataSet View Action" finished-at="2019-02-07T14:10:11Z">
          <reporter-output>
          </reporter-output>
        </test-method> <!-- datasetViewAction -->
        <test-method status="PASS" signature="AfterMethod()[pri:0, instance:com.inferyx.framework.dataPreparation.dataset.DatasetActionView@394df057]" name="AfterMethod" is-config="true" duration-ms="5664" started-at="2019-02-07T14:10:11Z" finished-at="2019-02-07T14:10:17Z">
          <reporter-output>
          </reporter-output>
        </test-method> <!-- AfterMethod -->
      </class> <!-- com.inferyx.framework.dataPreparation.dataset.DatasetActionView -->
      <class name="com.inferyx.framework.dataPreparation.dataset.DatasetActionEdit">
        <test-method status="PASS" signature="setUp()[pri:0, instance:com.inferyx.framework.dataPreparation.dataset.DatasetActionEdit@4961f6af]" name="setUp" is-config="true" duration-ms="5117" started-at="2019-02-07T14:10:17Z" finished-at="2019-02-07T14:10:22Z">
          <reporter-output>
          </reporter-output>
        </test-method> <!-- setUp -->
        <test-method status="PASS" signature="datasetEditAction()[pri:4, instance:com.inferyx.framework.dataPreparation.dataset.DatasetActionEdit@4961f6af]" name="datasetEditAction" duration-ms="4506" started-at="2019-02-07T14:10:22Z" description="DataSet Edit Action" finished-at="2019-02-07T14:10:27Z">
          <reporter-output>
          </reporter-output>
        </test-method> <!-- datasetEditAction -->
        <test-method status="PASS" signature="AfterMethod()[pri:0, instance:com.inferyx.framework.dataPreparation.dataset.DatasetActionEdit@4961f6af]" name="AfterMethod" is-config="true" duration-ms="5597" started-at="2019-02-07T14:10:27Z" finished-at="2019-02-07T14:10:32Z">
          <reporter-output>
          </reporter-output>
        </test-method> <!-- AfterMethod -->
      </class> <!-- com.inferyx.framework.dataPreparation.dataset.DatasetActionEdit -->
      <class name="com.inferyx.framework.dataPreparation.dataset.DatasetActionExport">
        <test-method status="FAIL" signature="setUp()[pri:0, instance:com.inferyx.framework.dataPreparation.dataset.DatasetActionExport@45b4c3a9]" name="setUp" is-config="true" duration-ms="3069" started-at="2019-02-07T14:12:00Z" finished-at="2019-02-07T14:12:04Z">
          <exception class="org.openqa.selenium.WebDriverException">
            <message>
              <![CDATA[unknown error: Element <button class="btn green btn-xs btn-outline dropdown-toggle" uib-dropdown-toggle="" aria-haspopup="true" aria-expanded="false">...</button> is not clickable at point (1199, 399). Other element would receive the click: <div class="modal fade in" id="clonemodal" tabindex="-1" role="basic" aria-hidden="true" style="padding-right: 15px;">...</div>
  (Session info: chrome=72.0.3626.81)
  (Driver info: chromedriver=2.46.628388 (4a34a70827ac54148e092aafb70504c4ea7ae926),platform=Linux 4.2.0-42-generic x86_64) (WARNING: The server did not provide any stacktrace information)
Command duration or timeout: 45 milliseconds
Build info: version: '3.2.0', revision: '8c03df6b79', time: '2017-02-23 10:51:31 +0000'
System info: host: 'gridedge1', ip: '127.0.1.1', os.name: 'Linux', os.arch: 'amd64', os.version: '4.2.0-42-generic', java.version: '1.8.0_151'
Driver info: org.openqa.selenium.chrome.ChromeDriver
Capabilities [{mobileEmulationEnabled=false, timeouts={implicit=0, pageLoad=300000, script=30000}, hasTouchScreen=false, platform=LINUX, acceptSslCerts=false, goog:chromeOptions={debuggerAddress=localhost:43911}, acceptInsecureCerts=false, webStorageEnabled=true, browserName=chrome, takesScreenshot=true, javascriptEnabled=true, setWindowRect=true, unexpectedAlertBehaviour=ignore, applicationCacheEnabled=false, rotatable=false, networkConnectionEnabled=false, chrome={chromedriverVersion=2.46.628388 (4a34a70827ac54148e092aafb70504c4ea7ae926), userDataDir=/tmp/.org.chromium.Chromium.sjp5Yv}, takesHeapSnapshot=true, pageLoadStrategy=normal, strictFileInteractability=false, databaseEnabled=false, handlesAlerts=true, version=72.0.3626.81, browserConnectionEnabled=false, proxy={}, nativeEvents=true, locationContextEnabled=true, cssSelectorsEnabled=true}]
Session ID: d3cdc2e653bb033c36661c7541286d7a]]>
            </message>
            <full-stacktrace>
              <![CDATA[org.openqa.selenium.WebDriverException: unknown error: Element <button class="btn green btn-xs btn-outline dropdown-toggle" uib-dropdown-toggle="" aria-haspopup="true" aria-expanded="false">...</button> is not clickable at point (1199, 399). Other element would receive the click: <div class="modal fade in" id="clonemodal" tabindex="-1" role="basic" aria-hidden="true" style="padding-right: 15px;">...</div>
  (Session info: chrome=72.0.3626.81)
  (Driver info: chromedriver=2.46.628388 (4a34a70827ac54148e092aafb70504c4ea7ae926),platform=Linux 4.2.0-42-generic x86_64) (WARNING: The server did not provide any stacktrace information)
Command duration or timeout: 45 milliseconds
Build info: version: '3.2.0', revision: '8c03df6b79', time: '2017-02-23 10:51:31 +0000'
System info: host: 'gridedge1', ip: '127.0.1.1', os.name: 'Linux', os.arch: 'amd64', os.version: '4.2.0-42-generic', java.version: '1.8.0_151'
Driver info: org.openqa.selenium.chrome.ChromeDriver
Capabilities [{mobileEmulationEnabled=false, timeouts={implicit=0, pageLoad=300000, script=30000}, hasTouchScreen=false, platform=LINUX, acceptSslCerts=false, goog:chromeOptions={debuggerAddress=localhost:43911}, acceptInsecureCerts=false, webStorageEnabled=true, browserName=chrome, takesScreenshot=true, javascriptEnabled=true, setWindowRect=true, unexpectedAlertBehaviour=ignore, applicationCacheEnabled=false, rotatable=false, networkConnectionEnabled=false, chrome={chromedriverVersion=2.46.628388 (4a34a70827ac54148e092aafb70504c4ea7ae926), userDataDir=/tmp/.org.chromium.Chromium.sjp5Yv}, takesHeapSnapshot=true, pageLoadStrategy=normal, strictFileInteractability=false, databaseEnabled=false, handlesAlerts=true, version=72.0.3626.81, browserConnectionEnabled=false, proxy={}, nativeEvents=true, locationContextEnabled=true, cssSelectorsEnabled=true}]
Session ID: d3cdc2e653bb033c36661c7541286d7a
at sun.reflect.NativeConstructorAccessorImpl.newInstance0(Native Method)
at sun.reflect.NativeConstructorAccessorImpl.newInstance(NativeConstructorAccessorImpl.java:62)
at sun.reflect.DelegatingConstructorAccessorImpl.newInstance(DelegatingConstructorAccessorImpl.java:45)
at java.lang.reflect.Constructor.newInstance(Constructor.java:423)
at org.openqa.selenium.remote.ErrorHandler.createThrowable(ErrorHandler.java:216)
at org.openqa.selenium.remote.ErrorHandler.throwIfResponseFailed(ErrorHandler.java:168)
at org.openqa.selenium.remote.RemoteWebDriver.execute(RemoteWebDriver.java:638)
at org.openqa.selenium.remote.RemoteWebElement.execute(RemoteWebElement.java:274)
at org.openqa.selenium.remote.RemoteWebElement.click(RemoteWebElement.java:84)
at com.inferyx.framework.dataPreparation.dataset.DatasetActionExport.setUp(DatasetActionExport.java:23)
at sun.reflect.NativeMethodAccessorImpl.invoke0(Native Method)
at sun.reflect.NativeMethodAccessorImpl.invoke(NativeMethodAccessorImpl.java:62)
at sun.reflect.DelegatingMethodAccessorImpl.invoke(DelegatingMethodAccessorImpl.java:43)
at java.lang.reflect.Method.invoke(Method.java:498)
at org.testng.internal.MethodInvocationHelper.invokeMethod(MethodInvocationHelper.java:124)
at org.testng.internal.MethodInvocationHelper.invokeMethodConsideringTimeout(MethodInvocationHelper.java:59)
at org.testng.internal.Invoker.invokeConfigurationMethod(Invoker.java:458)
at org.testng.internal.Invoker.invokeConfigurations(Invoker.java:222)
at org.testng.internal.Invoker.invokeMethod(Invoker.java:523)
at org.testng.internal.Invoker.invokeTestMethod(Invoker.java:719)
at org.testng.internal.Invoker.invokeTestMethods(Invoker.java:989)
at org.testng.internal.TestMethodWorker.invokeTestMethods(TestMethodWorker.java:125)
at org.testng.internal.TestMethodWorker.run(TestMethodWorker.java:109)
at org.testng.TestRunner.privateRun(TestRunner.java:648)
at org.testng.TestRunner.run(TestRunner.java:505)
at org.testng.SuiteRunner.runTest(SuiteRunner.java:455)
at org.testng.SuiteRunner.runSequentially(SuiteRunner.java:450)
at org.testng.SuiteRunner.privateRun(SuiteRunner.java:415)
at org.testng.SuiteRunner.run(SuiteRunner.java:364)
at org.testng.SuiteRunnerWorker.runSuite(SuiteRunnerWorker.java:52)
at org.testng.SuiteRunnerWorker.run(SuiteRunnerWorker.java:84)
at org.testng.TestNG.runSuitesSequentially(TestNG.java:1208)
at org.testng.TestNG.runSuitesLocally(TestNG.java:1137)
at org.testng.TestNG.runSuites(TestNG.java:1049)
at org.testng.TestNG.run(TestNG.java:1017)
at org.testng.remote.AbstractRemoteTestNG.run(AbstractRemoteTestNG.java:114)
at org.testng.remote.RemoteTestNG.initAndRun(RemoteTestNG.java:251)
at org.testng.remote.RemoteTestNG.main(RemoteTestNG.java:77)
]]>
            </full-stacktrace>
          </exception> <!-- org.openqa.selenium.WebDriverException -->
          <reporter-output>
          </reporter-output>
        </test-method> <!-- setUp -->
        <test-method status="SKIP" signature="datasetEditAction()[pri:12, instance:com.inferyx.framework.dataPreparation.dataset.DatasetActionExport@45b4c3a9]" name="datasetEditAction" duration-ms="0" started-at="2019-02-07T14:12:04Z" description="DataSet Export Action" finished-at="2019-02-07T14:12:04Z">
          <exception class="org.openqa.selenium.WebDriverException">
            <message>
              <![CDATA[unknown error: Element <button class="btn green btn-xs btn-outline dropdown-toggle" uib-dropdown-toggle="" aria-haspopup="true" aria-expanded="false">...</button> is not clickable at point (1199, 399). Other element would receive the click: <div class="modal fade in" id="clonemodal" tabindex="-1" role="basic" aria-hidden="true" style="padding-right: 15px;">...</div>
  (Session info: chrome=72.0.3626.81)
  (Driver info: chromedriver=2.46.628388 (4a34a70827ac54148e092aafb70504c4ea7ae926),platform=Linux 4.2.0-42-generic x86_64) (WARNING: The server did not provide any stacktrace information)
Command duration or timeout: 45 milliseconds
Build info: version: '3.2.0', revision: '8c03df6b79', time: '2017-02-23 10:51:31 +0000'
System info: host: 'gridedge1', ip: '127.0.1.1', os.name: 'Linux', os.arch: 'amd64', os.version: '4.2.0-42-generic', java.version: '1.8.0_151'
Driver info: org.openqa.selenium.chrome.ChromeDriver
Capabilities [{mobileEmulationEnabled=false, timeouts={implicit=0, pageLoad=300000, script=30000}, hasTouchScreen=false, platform=LINUX, acceptSslCerts=false, goog:chromeOptions={debuggerAddress=localhost:43911}, acceptInsecureCerts=false, webStorageEnabled=true, browserName=chrome, takesScreenshot=true, javascriptEnabled=true, setWindowRect=true, unexpectedAlertBehaviour=ignore, applicationCacheEnabled=false, rotatable=false, networkConnectionEnabled=false, chrome={chromedriverVersion=2.46.628388 (4a34a70827ac54148e092aafb70504c4ea7ae926), userDataDir=/tmp/.org.chromium.Chromium.sjp5Yv}, takesHeapSnapshot=true, pageLoadStrategy=normal, strictFileInteractability=false, databaseEnabled=false, handlesAlerts=true, version=72.0.3626.81, browserConnectionEnabled=false, proxy={}, nativeEvents=true, locationContextEnabled=true, cssSelectorsEnabled=true}]
Session ID: d3cdc2e653bb033c36661c7541286d7a]]>
            </message>
            <full-stacktrace>
              <![CDATA[org.openqa.selenium.WebDriverException: unknown error: Element <button class="btn green btn-xs btn-outline dropdown-toggle" uib-dropdown-toggle="" aria-haspopup="true" aria-expanded="false">...</button> is not clickable at point (1199, 399). Other element would receive the click: <div class="modal fade in" id="clonemodal" tabindex="-1" role="basic" aria-hidden="true" style="padding-right: 15px;">...</div>
  (Session info: chrome=72.0.3626.81)
  (Driver info: chromedriver=2.46.628388 (4a34a70827ac54148e092aafb70504c4ea7ae926),platform=Linux 4.2.0-42-generic x86_64) (WARNING: The server did not provide any stacktrace information)
Command duration or timeout: 45 milliseconds
Build info: version: '3.2.0', revision: '8c03df6b79', time: '2017-02-23 10:51:31 +0000'
System info: host: 'gridedge1', ip: '127.0.1.1', os.name: 'Linux', os.arch: 'amd64', os.version: '4.2.0-42-generic', java.version: '1.8.0_151'
Driver info: org.openqa.selenium.chrome.ChromeDriver
Capabilities [{mobileEmulationEnabled=false, timeouts={implicit=0, pageLoad=300000, script=30000}, hasTouchScreen=false, platform=LINUX, acceptSslCerts=false, goog:chromeOptions={debuggerAddress=localhost:43911}, acceptInsecureCerts=false, webStorageEnabled=true, browserName=chrome, takesScreenshot=true, javascriptEnabled=true, setWindowRect=true, unexpectedAlertBehaviour=ignore, applicationCacheEnabled=false, rotatable=false, networkConnectionEnabled=false, chrome={chromedriverVersion=2.46.628388 (4a34a70827ac54148e092aafb70504c4ea7ae926), userDataDir=/tmp/.org.chromium.Chromium.sjp5Yv}, takesHeapSnapshot=true, pageLoadStrategy=normal, strictFileInteractability=false, databaseEnabled=false, handlesAlerts=true, version=72.0.3626.81, browserConnectionEnabled=false, proxy={}, nativeEvents=true, locationContextEnabled=true, cssSelectorsEnabled=true}]
Session ID: d3cdc2e653bb033c36661c7541286d7a
at sun.reflect.NativeConstructorAccessorImpl.newInstance0(Native Method)
at sun.reflect.NativeConstructorAccessorImpl.newInstance(NativeConstructorAccessorImpl.java:62)
at sun.reflect.DelegatingConstructorAccessorImpl.newInstance(DelegatingConstructorAccessorImpl.java:45)
at java.lang.reflect.Constructor.newInstance(Constructor.java:423)
at org.openqa.selenium.remote.ErrorHandler.createThrowable(ErrorHandler.java:216)
at org.openqa.selenium.remote.ErrorHandler.throwIfResponseFailed(ErrorHandler.java:168)
at org.openqa.selenium.remote.RemoteWebDriver.execute(RemoteWebDriver.java:638)
at org.openqa.selenium.remote.RemoteWebElement.execute(RemoteWebElement.java:274)
at org.openqa.selenium.remote.RemoteWebElement.click(RemoteWebElement.java:84)
at com.inferyx.framework.dataPreparation.dataset.DatasetActionExport.setUp(DatasetActionExport.java:23)
at sun.reflect.NativeMethodAccessorImpl.invoke0(Native Method)
at sun.reflect.NativeMethodAccessorImpl.invoke(NativeMethodAccessorImpl.java:62)
at sun.reflect.DelegatingMethodAccessorImpl.invoke(DelegatingMethodAccessorImpl.java:43)
at java.lang.reflect.Method.invoke(Method.java:498)
at org.testng.internal.MethodInvocationHelper.invokeMethod(MethodInvocationHelper.java:124)
at org.testng.internal.MethodInvocationHelper.invokeMethodConsideringTimeout(MethodInvocationHelper.java:59)
at org.testng.internal.Invoker.invokeConfigurationMethod(Invoker.java:458)
at org.testng.internal.Invoker.invokeConfigurations(Invoker.java:222)
at org.testng.internal.Invoker.invokeMethod(Invoker.java:523)
at org.testng.internal.Invoker.invokeTestMethod(Invoker.java:719)
at org.testng.internal.Invoker.invokeTestMethods(Invoker.java:989)
at org.testng.internal.TestMethodWorker.invokeTestMethods(TestMethodWorker.java:125)
at org.testng.internal.TestMethodWorker.run(TestMethodWorker.java:109)
at org.testng.TestRunner.privateRun(TestRunner.java:648)
at org.testng.TestRunner.run(TestRunner.java:505)
at org.testng.SuiteRunner.runTest(SuiteRunner.java:455)
at org.testng.SuiteRunner.runSequentially(SuiteRunner.java:450)
at org.testng.SuiteRunner.privateRun(SuiteRunner.java:415)
at org.testng.SuiteRunner.run(SuiteRunner.java:364)
at org.testng.SuiteRunnerWorker.runSuite(SuiteRunnerWorker.java:52)
at org.testng.SuiteRunnerWorker.run(SuiteRunnerWorker.java:84)
at org.testng.TestNG.runSuitesSequentially(TestNG.java:1208)
at org.testng.TestNG.runSuitesLocally(TestNG.java:1137)
at org.testng.TestNG.runSuites(TestNG.java:1049)
at org.testng.TestNG.run(TestNG.java:1017)
at org.testng.remote.AbstractRemoteTestNG.run(AbstractRemoteTestNG.java:114)
at org.testng.remote.RemoteTestNG.initAndRun(RemoteTestNG.java:251)
at org.testng.remote.RemoteTestNG.main(RemoteTestNG.java:77)
]]>
            </full-stacktrace>
          </exception> <!-- org.openqa.selenium.WebDriverException -->
          <reporter-output>
          </reporter-output>
        </test-method> <!-- datasetEditAction -->
        <test-method status="SKIP" signature="AfterMethod()[pri:0, instance:com.inferyx.framework.dataPreparation.dataset.DatasetActionExport@45b4c3a9]" name="AfterMethod" is-config="true" duration-ms="0" started-at="2019-02-07T14:12:04Z" finished-at="2019-02-07T14:12:04Z">
          <reporter-output>
          </reporter-output>
        </test-method> <!-- AfterMethod -->
      </class> <!-- com.inferyx.framework.dataPreparation.dataset.DatasetActionExport -->
      <class name="com.inferyx.framework.dataPreparation.dataset.DatasetActionClone">
        <test-method status="PASS" signature="setUp()[pri:0, instance:com.inferyx.framework.dataPreparation.dataset.DatasetActionClone@6a2f6f80]" name="setUp" is-config="true" duration-ms="5072" started-at="2019-02-07T14:11:45Z" finished-at="2019-02-07T14:11:50Z">
          <reporter-output>
          </reporter-output>
        </test-method> <!-- setUp -->
        <test-method status="PASS" signature="datasetEditAction()[pri:11, instance:com.inferyx.framework.dataPreparation.dataset.DatasetActionClone@6a2f6f80]" name="datasetEditAction" duration-ms="4145" started-at="2019-02-07T14:11:50Z" description="DataSet Clone  Action" finished-at="2019-02-07T14:11:54Z">
          <reporter-output>
          </reporter-output>
        </test-method> <!-- datasetEditAction -->
        <test-method status="FAIL" signature="AfterMethod()[pri:0, instance:com.inferyx.framework.dataPreparation.dataset.DatasetActionClone@6a2f6f80]" name="AfterMethod" is-config="true" duration-ms="6050" started-at="2019-02-07T14:11:54Z" finished-at="2019-02-07T14:12:00Z">
          <exception class="org.openqa.selenium.NoSuchElementException">
            <message>
              <![CDATA[no such element: Unable to locate element: {"method":"xpath","selector":"/html/body/screenshot/div[4]/div[2]/div/div[4]/div/div[1]/div/div[4]/div[1]/div[2]/a[7]/i"}
  (Session info: chrome=72.0.3626.81)
  (Driver info: chromedriver=2.46.628388 (4a34a70827ac54148e092aafb70504c4ea7ae926),platform=Linux 4.2.0-42-generic x86_64) (WARNING: The server did not provide any stacktrace information)
Command duration or timeout: 5.05 seconds
For documentation on this error, please visit: http://seleniumhq.org/exceptions/no_such_element.html
Build info: version: '3.2.0', revision: '8c03df6b79', time: '2017-02-23 10:51:31 +0000'
System info: host: 'gridedge1', ip: '127.0.1.1', os.name: 'Linux', os.arch: 'amd64', os.version: '4.2.0-42-generic', java.version: '1.8.0_151'
Driver info: org.openqa.selenium.chrome.ChromeDriver
Capabilities [{mobileEmulationEnabled=false, timeouts={implicit=0, pageLoad=300000, script=30000}, hasTouchScreen=false, platform=LINUX, acceptSslCerts=false, goog:chromeOptions={debuggerAddress=localhost:43911}, acceptInsecureCerts=false, webStorageEnabled=true, browserName=chrome, takesScreenshot=true, javascriptEnabled=true, setWindowRect=true, unexpectedAlertBehaviour=ignore, applicationCacheEnabled=false, rotatable=false, networkConnectionEnabled=false, chrome={chromedriverVersion=2.46.628388 (4a34a70827ac54148e092aafb70504c4ea7ae926), userDataDir=/tmp/.org.chromium.Chromium.sjp5Yv}, takesHeapSnapshot=true, pageLoadStrategy=normal, strictFileInteractability=false, databaseEnabled=false, handlesAlerts=true, version=72.0.3626.81, browserConnectionEnabled=false, proxy={}, nativeEvents=true, locationContextEnabled=true, cssSelectorsEnabled=true}]
Session ID: d3cdc2e653bb033c36661c7541286d7a
*** Element info: {Using=xpath, value=/html/body/screenshot/div[4]/div[2]/div/div[4]/div/div[1]/div/div[4]/div[1]/div[2]/a[7]/i}]]>
            </message>
            <full-stacktrace>
              <![CDATA[org.openqa.selenium.NoSuchElementException: no such element: Unable to locate element: {"method":"xpath","selector":"/html/body/screenshot/div[4]/div[2]/div/div[4]/div/div[1]/div/div[4]/div[1]/div[2]/a[7]/i"}
  (Session info: chrome=72.0.3626.81)
  (Driver info: chromedriver=2.46.628388 (4a34a70827ac54148e092aafb70504c4ea7ae926),platform=Linux 4.2.0-42-generic x86_64) (WARNING: The server did not provide any stacktrace information)
Command duration or timeout: 5.05 seconds
For documentation on this error, please visit: http://seleniumhq.org/exceptions/no_such_element.html
Build info: version: '3.2.0', revision: '8c03df6b79', time: '2017-02-23 10:51:31 +0000'
System info: host: 'gridedge1', ip: '127.0.1.1', os.name: 'Linux', os.arch: 'amd64', os.version: '4.2.0-42-generic', java.version: '1.8.0_151'
Driver info: org.openqa.selenium.chrome.ChromeDriver
Capabilities [{mobileEmulationEnabled=false, timeouts={implicit=0, pageLoad=300000, script=30000}, hasTouchScreen=false, platform=LINUX, acceptSslCerts=false, goog:chromeOptions={debuggerAddress=localhost:43911}, acceptInsecureCerts=false, webStorageEnabled=true, browserName=chrome, takesScreenshot=true, javascriptEnabled=true, setWindowRect=true, unexpectedAlertBehaviour=ignore, applicationCacheEnabled=false, rotatable=false, networkConnectionEnabled=false, chrome={chromedriverVersion=2.46.628388 (4a34a70827ac54148e092aafb70504c4ea7ae926), userDataDir=/tmp/.org.chromium.Chromium.sjp5Yv}, takesHeapSnapshot=true, pageLoadStrategy=normal, strictFileInteractability=false, databaseEnabled=false, handlesAlerts=true, version=72.0.3626.81, browserConnectionEnabled=false, proxy={}, nativeEvents=true, locationContextEnabled=true, cssSelectorsEnabled=true}]
Session ID: d3cdc2e653bb033c36661c7541286d7a
*** Element info: {Using=xpath, value=/html/body/screenshot/div[4]/div[2]/div/div[4]/div/div[1]/div/div[4]/div[1]/div[2]/a[7]/i}
at sun.reflect.NativeConstructorAccessorImpl.newInstance0(Native Method)
at sun.reflect.NativeConstructorAccessorImpl.newInstance(NativeConstructorAccessorImpl.java:62)
at sun.reflect.DelegatingConstructorAccessorImpl.newInstance(DelegatingConstructorAccessorImpl.java:45)
at java.lang.reflect.Constructor.newInstance(Constructor.java:423)
at org.openqa.selenium.remote.ErrorHandler.createThrowable(ErrorHandler.java:216)
at org.openqa.selenium.remote.ErrorHandler.throwIfResponseFailed(ErrorHandler.java:168)
at org.openqa.selenium.remote.RemoteWebDriver.execute(RemoteWebDriver.java:638)
at org.openqa.selenium.remote.RemoteWebDriver.findElement(RemoteWebDriver.java:371)
at org.openqa.selenium.remote.RemoteWebDriver.findElementByXPath(RemoteWebDriver.java:476)
at org.openqa.selenium.By$ByXPath.findElement(By.java:361)
at org.openqa.selenium.remote.RemoteWebDriver.findElement(RemoteWebDriver.java:363)
at com.inferyx.framework.dataPreparation.dataset.DatasetActionClone.AfterMethod(DatasetActionClone.java:49)
at sun.reflect.NativeMethodAccessorImpl.invoke0(Native Method)
at sun.reflect.NativeMethodAccessorImpl.invoke(NativeMethodAccessorImpl.java:62)
at sun.reflect.DelegatingMethodAccessorImpl.invoke(DelegatingMethodAccessorImpl.java:43)
at java.lang.reflect.Method.invoke(Method.java:498)
at org.testng.internal.MethodInvocationHelper.invokeMethod(MethodInvocationHelper.java:124)
at org.testng.internal.MethodInvocationHelper.invokeMethodConsideringTimeout(MethodInvocationHelper.java:59)
at org.testng.internal.Invoker.invokeConfigurationMethod(Invoker.java:458)
at org.testng.internal.Invoker.invokeConfigurations(Invoker.java:222)
at org.testng.internal.Invoker.invokeMethod(Invoker.java:646)
at org.testng.internal.Invoker.invokeTestMethod(Invoker.java:719)
at org.testng.internal.Invoker.invokeTestMethods(Invoker.java:989)
at org.testng.internal.TestMethodWorker.invokeTestMethods(TestMethodWorker.java:125)
at org.testng.internal.TestMethodWorker.run(TestMethodWorker.java:109)
at org.testng.TestRunner.privateRun(TestRunner.java:648)
at org.testng.TestRunner.run(TestRunner.java:505)
at org.testng.SuiteRunner.runTest(SuiteRunner.java:455)
at org.testng.SuiteRunner.runSequentially(SuiteRunner.java:450)
at org.testng.SuiteRunner.privateRun(SuiteRunner.java:415)
at org.testng.SuiteRunner.run(SuiteRunner.java:364)
at org.testng.SuiteRunnerWorker.runSuite(SuiteRunnerWorker.java:52)
at org.testng.SuiteRunnerWorker.run(SuiteRunnerWorker.java:84)
at org.testng.TestNG.runSuitesSequentially(TestNG.java:1208)
at org.testng.TestNG.runSuitesLocally(TestNG.java:1137)
at org.testng.TestNG.runSuites(TestNG.java:1049)
at org.testng.TestNG.run(TestNG.java:1017)
at org.testng.remote.AbstractRemoteTestNG.run(AbstractRemoteTestNG.java:114)
at org.testng.remote.RemoteTestNG.initAndRun(RemoteTestNG.java:251)
at org.testng.remote.RemoteTestNG.main(RemoteTestNG.java:77)
]]>
            </full-stacktrace>
          </exception> <!-- org.openqa.selenium.NoSuchElementException -->
          <reporter-output>
          </reporter-output>
        </test-method> <!-- AfterMethod -->
      </class> <!-- com.inferyx.framework.dataPreparation.dataset.DatasetActionClone -->
      <class name="com.inferyx.framework.dataPreparation.dataset.DatasetActionPublish">
        <test-method status="PASS" signature="setUp()[pri:0, instance:com.inferyx.framework.dataPreparation.dataset.DatasetActionPublish@707194ba]" name="setUp" is-config="true" duration-ms="5085" started-at="2019-02-07T14:11:21Z" finished-at="2019-02-07T14:11:26Z">
          <reporter-output>
          </reporter-output>
        </test-method> <!-- setUp -->
        <test-method status="PASS" signature="datasetPublishAction()[pri:9, instance:com.inferyx.framework.dataPreparation.dataset.DatasetActionPublish@707194ba]" name="datasetPublishAction" duration-ms="4156" started-at="2019-02-07T14:11:26Z" description="DataSet Publish Action" finished-at="2019-02-07T14:11:30Z">
          <reporter-output>
          </reporter-output>
        </test-method> <!-- datasetPublishAction -->
        <test-method status="PASS" signature="AfterMethod()[pri:0, instance:com.inferyx.framework.dataPreparation.dataset.DatasetActionPublish@707194ba]" name="AfterMethod" is-config="true" duration-ms="3090" started-at="2019-02-07T14:11:30Z" finished-at="2019-02-07T14:11:33Z">
          <reporter-output>
          </reporter-output>
        </test-method> <!-- AfterMethod -->
      </class> <!-- com.inferyx.framework.dataPreparation.dataset.DatasetActionPublish -->
      <class name="com.inferyx.framework.dataPreparation.dataset.DatasetActionRestore">
        <test-method status="PASS" signature="setUp()[pri:0, instance:com.inferyx.framework.dataPreparation.dataset.DatasetActionRestore@65d09a04]" name="setUp" is-config="true" duration-ms="4080" started-at="2019-02-07T14:10:45Z" finished-at="2019-02-07T14:10:49Z">
          <reporter-output>
          </reporter-output>
        </test-method> <!-- setUp -->
        <test-method status="PASS" signature="datapodRestoreAction()[pri:6, instance:com.inferyx.framework.dataPreparation.dataset.DatasetActionRestore@65d09a04]" name="datapodRestoreAction" duration-ms="4122" started-at="2019-02-07T14:10:49Z" description="DataSet Restore Action" finished-at="2019-02-07T14:10:53Z">
          <reporter-output>
          </reporter-output>
        </test-method> <!-- datapodRestoreAction -->
        <test-method status="PASS" signature="AfterMethod()[pri:0, instance:com.inferyx.framework.dataPreparation.dataset.DatasetActionRestore@65d09a04]" name="AfterMethod" is-config="true" duration-ms="3067" started-at="2019-02-07T14:10:53Z" finished-at="2019-02-07T14:10:56Z">
          <reporter-output>
          </reporter-output>
        </test-method> <!-- AfterMethod -->
      </class> <!-- com.inferyx.framework.dataPreparation.dataset.DatasetActionRestore -->
      <class name="com.inferyx.framework.dataPreparation.dataset.DataPreaparation">
        <test-method status="PASS" signature="dataPreparationList()[pri:1, instance:com.inferyx.framework.dataPreparation.dataset.DataPreaparation@71e9ddb4]" name="dataPreparationList" duration-ms="2316" started-at="2019-02-07T14:09:57Z" description="Data Preparation " finished-at="2019-02-07T14:09:59Z">
          <reporter-output>
          </reporter-output>
        </test-method> <!-- dataPreparationList -->
        <test-method status="PASS" signature="dataDataSet()[pri:2, instance:com.inferyx.framework.dataPreparation.dataset.DataPreaparation@71e9ddb4]" name="dataDataSet" duration-ms="3206" started-at="2019-02-07T14:09:59Z" description="DataSet" finished-at="2019-02-07T14:10:02Z">
          <reporter-output>
          </reporter-output>
        </test-method> <!-- dataDataSet -->
      </class> <!-- com.inferyx.framework.dataPreparation.dataset.DataPreaparation -->
      <class name="com.inferyx.framework.dataPreparation.dataset.DatasetActionUnPublish">
        <test-method status="PASS" signature="setUp()[pri:0, instance:com.inferyx.framework.dataPreparation.dataset.DatasetActionUnPublish@1190200a]" name="setUp" is-config="true" duration-ms="5088" started-at="2019-02-07T14:11:33Z" finished-at="2019-02-07T14:11:38Z">
          <reporter-output>
          </reporter-output>
        </test-method> <!-- setUp -->
        <test-method status="PASS" signature="datasetUnPublishAction()[pri:10, instance:com.inferyx.framework.dataPreparation.dataset.DatasetActionUnPublish@1190200a]" name="datasetUnPublishAction" duration-ms="4132" started-at="2019-02-07T14:11:38Z" description="DataSet UnPublish Action" finished-at="2019-02-07T14:11:42Z">
          <reporter-output>
          </reporter-output>
        </test-method> <!-- datasetUnPublishAction -->
        <test-method status="PASS" signature="AfterMethod()[pri:0, instance:com.inferyx.framework.dataPreparation.dataset.DatasetActionUnPublish@1190200a]" name="AfterMethod" is-config="true" duration-ms="3093" started-at="2019-02-07T14:11:42Z" finished-at="2019-02-07T14:11:45Z">
          <reporter-output>
          </reporter-output>
        </test-method> <!-- AfterMethod -->
      </class> <!-- com.inferyx.framework.dataPreparation.dataset.DatasetActionUnPublish -->
      <class name="com.inferyx.framework.dataPreparation.dataset.DatasetActionDelete">
        <test-method status="PASS" signature="setUp()[pri:0, instance:com.inferyx.framework.dataPreparation.dataset.DatasetActionDelete@5aebe890]" name="setUp" is-config="true" duration-ms="5141" started-at="2019-02-07T14:10:32Z" finished-at="2019-02-07T14:10:37Z">
          <reporter-output>
          </reporter-output>
        </test-method> <!-- setUp -->
        <test-method status="PASS" signature="datasetDeleteAction()[pri:5, instance:com.inferyx.framework.dataPreparation.dataset.DatasetActionDelete@5aebe890]" name="datasetDeleteAction" duration-ms="4175" started-at="2019-02-07T14:10:37Z" description="DataSet Delete Action" finished-at="2019-02-07T14:10:42Z">
          <reporter-output>
          </reporter-output>
        </test-method> <!-- datasetDeleteAction -->
        <test-method status="PASS" signature="AfterMethod()[pri:0, instance:com.inferyx.framework.dataPreparation.dataset.DatasetActionDelete@5aebe890]" name="AfterMethod" is-config="true" duration-ms="3081" started-at="2019-02-07T14:10:42Z" finished-at="2019-02-07T14:10:45Z">
          <reporter-output>
          </reporter-output>
        </test-method> <!-- AfterMethod -->
      </class> <!-- com.inferyx.framework.dataPreparation.dataset.DatasetActionDelete -->
      <class name="com.inferyx.framework.dataPreparation.dataset.DatasetActionLock">
        <test-method status="PASS" signature="setUp()[pri:0, instance:com.inferyx.framework.dataPreparation.dataset.DatasetActionLock@33c911a1]" name="setUp" is-config="true" duration-ms="5092" started-at="2019-02-07T14:10:56Z" finished-at="2019-02-07T14:11:01Z">
          <reporter-output>
          </reporter-output>
        </test-method> <!-- setUp -->
        <test-method status="PASS" signature="datasetLockAction()[pri:7, instance:com.inferyx.framework.dataPreparation.dataset.DatasetActionLock@33c911a1]" name="datasetLockAction" duration-ms="4168" started-at="2019-02-07T14:11:01Z" description="DataSet Lock Action" finished-at="2019-02-07T14:11:05Z">
          <reporter-output>
          </reporter-output>
        </test-method> <!-- datasetLockAction -->
        <test-method status="PASS" signature="AfterMethod()[pri:0, instance:com.inferyx.framework.dataPreparation.dataset.DatasetActionLock@33c911a1]" name="AfterMethod" is-config="true" duration-ms="3085" started-at="2019-02-07T14:11:05Z" finished-at="2019-02-07T14:11:08Z">
          <reporter-output>
          </reporter-output>
        </test-method> <!-- AfterMethod -->
      </class> <!-- com.inferyx.framework.dataPreparation.dataset.DatasetActionLock -->
    </test> <!-- DATA Preaparation.DataSet -->
  </suite> <!-- seq tests -->
</testng-results>
