<?xml version="1.0" encoding="UTF-8"?>
<testng-results skipped="0" failed="0" ignored="0" total="2" passed="2">
  <reporter-output>
  </reporter-output>
  <suite name="Default suite" duration-ms="8587" started-at="2019-01-30T11:24:25Z" finished-at="2019-01-30T11:24:33Z">
    <groups>
    </groups>
    <test name="Default test" duration-ms="8587" started-at="2019-01-30T11:24:25Z" finished-at="2019-01-30T11:24:33Z">
      <class name="com.inferyx.framework.selenium.Login">
        <test-method status="PASS" signature="openBrowser()[pri:1, instance:com.inferyx.framework.selenium.Login@7113b13f]" name="openBrowser" duration-ms="5621" started-at="2019-01-30T11:24:25Z" description="openBrowser" finished-at="2019-01-30T11:24:30Z">
          <reporter-output>
          </reporter-output>
        </test-method> <!-- openBrowser -->
      </class> <!-- com.inferyx.framework.selenium.Login -->
      <class name="com.inferyx.framework.selenium.Login2">
        <test-method status="PASS" signature="openBrowser()[pri:1, instance:com.inferyx.framework.selenium.Login2@45820e51]" name="openBrowser" duration-ms="2906" started-at="2019-01-30T11:24:30Z" description="openBrowser" finished-at="2019-01-30T11:24:33Z">
          <reporter-output>
          </reporter-output>
        </test-method> <!-- openBrowser -->
      </class> <!-- com.inferyx.framework.selenium.Login2 -->
    </test> <!-- Default test -->
  </suite> <!-- Default suite -->
</testng-results>
