<?xml version="1.0" encoding="UTF-8"?>
<testng-results skipped="0" failed="0" ignored="0" total="35" passed="35">
  <reporter-output>
  </reporter-output>
  <suite name="seq tests" duration-ms="283616" started-at="2019-02-07T09:31:26Z" finished-at="2019-02-07T09:36:09Z">
    <groups>
    </groups>
    <test name="LOGIN" duration-ms="21631" started-at="2019-02-07T09:31:26Z" finished-at="2019-02-07T09:31:47Z">
      <class name="com.inferyx.framework.selenium.LoginPage">
        <test-method status="PASS" signature="openBrowser()[pri:1, instance:com.inferyx.framework.selenium.LoginPage@1b26f7b2]" name="openBrowser" duration-ms="7275" started-at="2019-02-07T09:31:26Z" description="openBrowser" finished-at="2019-02-07T09:31:33Z">
          <reporter-output>
          </reporter-output>
        </test-method> <!-- openBrowser -->
        <test-method status="PASS" signature="login()[pri:2, instance:com.inferyx.framework.selenium.LoginPage@1b26f7b2]" name="login" duration-ms="2811" started-at="2019-02-07T09:31:33Z" description="login check" finished-at="2019-02-07T09:31:36Z">
          <reporter-output>
          </reporter-output>
        </test-method> <!-- login -->
        <test-method status="PASS" signature="appSelection()[pri:3, instance:com.inferyx.framework.selenium.LoginPage@1b26f7b2]" name="appSelection" duration-ms="11509" started-at="2019-02-07T09:31:36Z" description="appSelection" finished-at="2019-02-07T09:31:47Z">
          <reporter-output>
          </reporter-output>
        </test-method> <!-- appSelection -->
      </class> <!-- com.inferyx.framework.selenium.LoginPage -->
    </test> <!-- LOGIN -->
    <test name="DATA DISCOVERY" duration-ms="27230" started-at="2019-02-07T09:31:47Z" finished-at="2019-02-07T09:32:15Z">
      <class name="com.inferyx.framework.dataDiscovery.DataDiscovery">
        <test-method status="PASS" signature="dataDiscoveryList()[pri:1, instance:com.inferyx.framework.dataDiscovery.DataDiscovery@17d0685f]" name="dataDiscoveryList" duration-ms="1193" started-at="2019-02-07T09:31:47Z" description="dataDiscovery" finished-at="2019-02-07T09:31:49Z">
          <reporter-output>
          </reporter-output>
        </test-method> <!-- dataDiscoveryList -->
        <test-method status="PASS" signature="dataDiscoveryCard()[pri:2, instance:com.inferyx.framework.dataDiscovery.DataDiscovery@17d0685f]" name="dataDiscoveryCard" duration-ms="1230" started-at="2019-02-07T09:31:49Z" description="dataDiscoveryCard" finished-at="2019-02-07T09:31:50Z">
          <reporter-output>
          </reporter-output>
        </test-method> <!-- dataDiscoveryCard -->
        <test-method status="PASS" signature="downloadSample()[pri:3, instance:com.inferyx.framework.dataDiscovery.DataDiscovery@17d0685f]" name="downloadSample" duration-ms="3087" started-at="2019-02-07T09:31:50Z" description="downloadSample" finished-at="2019-02-07T09:31:53Z">
          <reporter-output>
          </reporter-output>
        </test-method> <!-- downloadSample -->
        <test-method status="PASS" signature="dataDiscoveryCardMetaComp()[pri:4, instance:com.inferyx.framework.dataDiscovery.DataDiscovery@17d0685f]" name="dataDiscoveryCardMetaComp" duration-ms="2200" started-at="2019-02-07T09:31:53Z" description="dataDiscoveryMetaComp" finished-at="2019-02-07T09:31:55Z">
          <reporter-output>
          </reporter-output>
        </test-method> <!-- dataDiscoveryCardMetaComp -->
        <test-method status="PASS" signature="dataStore()[pri:5, instance:com.inferyx.framework.dataDiscovery.DataDiscovery@17d0685f]" name="dataStore" duration-ms="2250" started-at="2019-02-07T09:31:55Z" description="dataStore" finished-at="2019-02-07T09:31:57Z">
          <reporter-output>
          </reporter-output>
        </test-method> <!-- dataStore -->
        <test-method status="PASS" signature="dataDiscoveryCardEdit()[pri:6, instance:com.inferyx.framework.dataDiscovery.DataDiscovery@17d0685f]" name="dataDiscoveryCardEdit" duration-ms="2512" started-at="2019-02-07T09:31:57Z" description="dataDiscoveryCardEdit" finished-at="2019-02-07T09:32:00Z">
          <reporter-output>
          </reporter-output>
        </test-method> <!-- dataDiscoveryCardEdit -->
        <test-method status="PASS" signature="knowledgeGraph()[pri:7, instance:com.inferyx.framework.dataDiscovery.DataDiscovery@17d0685f]" name="knowledgeGraph" duration-ms="2299" started-at="2019-02-07T09:32:00Z" description="knowledgeGraph" finished-at="2019-02-07T09:32:02Z">
          <reporter-output>
          </reporter-output>
        </test-method> <!-- knowledgeGraph -->
        <test-method status="PASS" signature="dataDiscoverySampleRecord()[pri:8, instance:com.inferyx.framework.dataDiscovery.DataDiscovery@17d0685f]" name="dataDiscoverySampleRecord" duration-ms="2183" started-at="2019-02-07T09:32:02Z" description="dataDiscoverySampleRecord" finished-at="2019-02-07T09:32:04Z">
          <reporter-output>
          </reporter-output>
        </test-method> <!-- dataDiscoverySampleRecord -->
        <test-method status="PASS" signature="closeIcon()[pri:9, instance:com.inferyx.framework.dataDiscovery.DataDiscovery@17d0685f]" name="closeIcon" duration-ms="10244" started-at="2019-02-07T09:32:04Z" description="closeIcon" finished-at="2019-02-07T09:32:15Z">
          <reporter-output>
          </reporter-output>
        </test-method> <!-- closeIcon -->
      </class> <!-- com.inferyx.framework.dataDiscovery.DataDiscovery -->
    </test> <!-- DATA DISCOVERY -->
    <test name="DATA Visualization" duration-ms="33351" started-at="2019-02-07T09:32:15Z" finished-at="2019-02-07T09:32:48Z">
      <class name="com.inferyx.framework.dataVisualization.DataVisualization">
        <test-method status="PASS" signature="dataVisualization()[pri:1, instance:com.inferyx.framework.dataVisualization.DataVisualization@365185bd]" name="dataVisualization" duration-ms="10198" started-at="2019-02-07T09:32:15Z" description="dataVisualization" finished-at="2019-02-07T09:32:25Z">
          <reporter-output>
          </reporter-output>
        </test-method> <!-- dataVisualization -->
        <test-method status="PASS" signature="Dashboard()[pri:2, instance:com.inferyx.framework.dataVisualization.DataVisualization@365185bd]" name="Dashboard" duration-ms="2179" started-at="2019-02-07T09:32:25Z" description="Dashboard" finished-at="2019-02-07T09:32:27Z">
          <reporter-output>
          </reporter-output>
        </test-method> <!-- Dashboard -->
        <test-method status="PASS" signature="createDashboard()[pri:3, instance:com.inferyx.framework.dataVisualization.DataVisualization@365185bd]" name="createDashboard" duration-ms="4120" started-at="2019-02-07T09:32:27Z" description="createDashboard" finished-at="2019-02-07T09:32:31Z">
          <reporter-output>
          </reporter-output>
        </test-method> <!-- createDashboard -->
        <test-method status="PASS" signature="datshBoardTile()[pri:3, instance:com.inferyx.framework.dataVisualization.DataVisualization@365185bd]" name="datshBoardTile" duration-ms="4365" started-at="2019-02-07T09:32:31Z" description="datshBoardTile" finished-at="2019-02-07T09:32:36Z">
          <reporter-output>
          </reporter-output>
        </test-method> <!-- datshBoardTile -->
        <test-method status="PASS" signature="Vizpod()[pri:4, instance:com.inferyx.framework.dataVisualization.DataVisualization@365185bd]" name="Vizpod" duration-ms="4156" started-at="2019-02-07T09:32:36Z" description="Vizpod" finished-at="2019-02-07T09:32:40Z">
          <reporter-output>
          </reporter-output>
        </test-method> <!-- Vizpod -->
        <test-method status="PASS" signature="vizpodAdd()[pri:5, instance:com.inferyx.framework.dataVisualization.DataVisualization@365185bd]" name="vizpodAdd" duration-ms="6148" started-at="2019-02-07T09:32:40Z" description="vizpodAdd" finished-at="2019-02-07T09:32:46Z">
          <reporter-output>
          </reporter-output>
        </test-method> <!-- vizpodAdd -->
        <test-method status="PASS" signature="Report()[pri:6, instance:com.inferyx.framework.dataVisualization.DataVisualization@365185bd]" name="Report" duration-ms="2158" started-at="2019-02-07T09:32:46Z" description="Report" finished-at="2019-02-07T09:32:48Z">
          <reporter-output>
          </reporter-output>
        </test-method> <!-- Report -->
      </class> <!-- com.inferyx.framework.dataVisualization.DataVisualization -->
    </test> <!-- DATA Visualization -->
    <test name="DATA Preaparation.Datapod" duration-ms="201377" started-at="2019-02-07T09:32:48Z" finished-at="2019-02-07T09:36:09Z">
      <class name="com.inferyx.framework.dataPreparation.datapod.DataPreaparation">
        <test-method status="PASS" signature="dataPreparationList()[pri:1, instance:com.inferyx.framework.dataPreparation.datapod.DataPreaparation@60438a68]" name="dataPreparationList" duration-ms="2788" started-at="2019-02-07T09:32:48Z" description="Data Preparation " finished-at="2019-02-07T09:32:51Z">
          <reporter-output>
          </reporter-output>
        </test-method> <!-- dataPreparationList -->
        <test-method status="PASS" signature="dataDatapod()[pri:2, instance:com.inferyx.framework.dataPreparation.datapod.DataPreaparation@60438a68]" name="dataDatapod" duration-ms="3549" started-at="2019-02-07T09:32:51Z" description="Datapod" finished-at="2019-02-07T09:32:54Z">
          <reporter-output>
          </reporter-output>
        </test-method> <!-- dataDatapod -->
      </class> <!-- com.inferyx.framework.dataPreparation.datapod.DataPreaparation -->
      <class name="com.inferyx.framework.dataPreparation.datapod.DatapodActionRestore">
        <test-method status="PASS" signature="setUp()[pri:0, instance:com.inferyx.framework.dataPreparation.datapod.DatapodActionRestore@17695df3]" name="setUp" is-config="true" duration-ms="4089" started-at="2019-02-07T09:34:44Z" finished-at="2019-02-07T09:34:48Z">
          <reporter-output>
          </reporter-output>
        </test-method> <!-- setUp -->
        <test-method status="PASS" signature="datapodRestoreAction()[pri:7, instance:com.inferyx.framework.dataPreparation.datapod.DatapodActionRestore@17695df3]" name="datapodRestoreAction" duration-ms="4138" started-at="2019-02-07T09:34:48Z" description="Datapod Restore Action" finished-at="2019-02-07T09:34:52Z">
          <reporter-output>
          </reporter-output>
        </test-method> <!-- datapodRestoreAction -->
        <test-method status="PASS" signature="AfterMethod()[pri:0, instance:com.inferyx.framework.dataPreparation.datapod.DatapodActionRestore@17695df3]" name="AfterMethod" is-config="true" duration-ms="3059" started-at="2019-02-07T09:34:52Z" finished-at="2019-02-07T09:34:55Z">
          <reporter-output>
          </reporter-output>
        </test-method> <!-- AfterMethod -->
      </class> <!-- com.inferyx.framework.dataPreparation.datapod.DatapodActionRestore -->
      <class name="com.inferyx.framework.dataPreparation.datapod.DatapodActionClone">
        <test-method status="PASS" signature="setUp()[pri:0, instance:com.inferyx.framework.dataPreparation.datapod.DatapodActionClone@3d8314f0]" name="setUp" is-config="true" duration-ms="5118" started-at="2019-02-07T09:35:45Z" finished-at="2019-02-07T09:35:50Z">
          <reporter-output>
          </reporter-output>
        </test-method> <!-- setUp -->
        <test-method status="PASS" signature="datapodEditAction()[pri:12, instance:com.inferyx.framework.dataPreparation.datapod.DatapodActionClone@3d8314f0]" name="datapodEditAction" duration-ms="4144" started-at="2019-02-07T09:35:50Z" description="Datapod Clone  Action" finished-at="2019-02-07T09:35:54Z">
          <reporter-output>
          </reporter-output>
        </test-method> <!-- datapodEditAction -->
        <test-method status="PASS" signature="AfterMethod()[pri:0, instance:com.inferyx.framework.dataPreparation.datapod.DatapodActionClone@3d8314f0]" name="AfterMethod" is-config="true" duration-ms="3127" started-at="2019-02-07T09:35:54Z" finished-at="2019-02-07T09:35:57Z">
          <reporter-output>
          </reporter-output>
        </test-method> <!-- AfterMethod -->
      </class> <!-- com.inferyx.framework.dataPreparation.datapod.DatapodActionClone -->
      <class name="com.inferyx.framework.dataPreparation.datapod.DatapodActionUnPublish">
        <test-method status="PASS" signature="setUp()[pri:0, instance:com.inferyx.framework.dataPreparation.datapod.DatapodActionUnPublish@2bea5ab4]" name="setUp" is-config="true" duration-ms="5150" started-at="2019-02-07T09:35:32Z" finished-at="2019-02-07T09:35:37Z">
          <reporter-output>
          </reporter-output>
        </test-method> <!-- setUp -->
        <test-method status="PASS" signature="datapodUnPublishAction()[pri:11, instance:com.inferyx.framework.dataPreparation.datapod.DatapodActionUnPublish@2bea5ab4]" name="datapodUnPublishAction" duration-ms="4150" started-at="2019-02-07T09:35:37Z" description="Datapod UnPublish Action" finished-at="2019-02-07T09:35:42Z">
          <reporter-output>
          </reporter-output>
        </test-method> <!-- datapodUnPublishAction -->
        <test-method status="PASS" signature="AfterMethod()[pri:0, instance:com.inferyx.framework.dataPreparation.datapod.DatapodActionUnPublish@2bea5ab4]" name="AfterMethod" is-config="true" duration-ms="3096" started-at="2019-02-07T09:35:42Z" finished-at="2019-02-07T09:35:45Z">
          <reporter-output>
          </reporter-output>
        </test-method> <!-- AfterMethod -->
      </class> <!-- com.inferyx.framework.dataPreparation.datapod.DatapodActionUnPublish -->
      <class name="com.inferyx.framework.dataPreparation.datapod.DatapodAdd">
        <test-method status="PASS" signature="setUp()[pri:0, instance:com.inferyx.framework.dataPreparation.datapod.DatapodAdd@140e5a13]" name="setUp" is-config="true" duration-ms="5303" started-at="2019-02-07T09:32:54Z" finished-at="2019-02-07T09:33:00Z">
          <reporter-output>
          </reporter-output>
        </test-method> <!-- setUp -->
        <test-method status="PASS" signature="validateAdd(java.lang.String, java.lang.String, java.lang.String, java.lang.String)[pri:3, instance:com.inferyx.framework.dataPreparation.datapod.DatapodAdd@140e5a13]" name="validateAdd" duration-ms="11475" started-at="2019-02-07T09:33:00Z" description="Datapod  Add" data-provider="getCRMTestData" finished-at="2019-02-07T09:33:11Z">
          <params>
            <param index="0">
              <value>
                <![CDATA[aa]]>
              </value>
            </param>
            <param index="1">
              <value>
                <![CDATA[aa]]>
              </value>
            </param>
            <param index="2">
              <value>
                <![CDATA[aa]]>
              </value>
            </param>
            <param index="3">
              <value>
                <![CDATA[aa]]>
              </value>
            </param>
          </params>
          <reporter-output>
          </reporter-output>
        </test-method> <!-- validateAdd -->
        <test-method status="PASS" signature="setUp()[pri:0, instance:com.inferyx.framework.dataPreparation.datapod.DatapodAdd@140e5a13]" name="setUp" is-config="true" duration-ms="5243" started-at="2019-02-07T09:33:11Z" finished-at="2019-02-07T09:33:16Z">
          <reporter-output>
          </reporter-output>
        </test-method> <!-- setUp -->
        <test-method status="PASS" signature="validateAdd(java.lang.String, java.lang.String, java.lang.String, java.lang.String)[pri:3, instance:com.inferyx.framework.dataPreparation.datapod.DatapodAdd@140e5a13]" name="validateAdd" duration-ms="11390" started-at="2019-02-07T09:33:16Z" description="Datapod  Add" data-provider="getCRMTestData" finished-at="2019-02-07T09:33:28Z">
          <params>
            <param index="0">
              <value>
                <![CDATA[ss]]>
              </value>
            </param>
            <param index="1">
              <value>
                <![CDATA[ss]]>
              </value>
            </param>
            <param index="2">
              <value>
                <![CDATA[ss]]>
              </value>
            </param>
            <param index="3">
              <value>
                <![CDATA[ss]]>
              </value>
            </param>
          </params>
          <reporter-output>
          </reporter-output>
        </test-method> <!-- validateAdd -->
        <test-method status="PASS" signature="setUp()[pri:0, instance:com.inferyx.framework.dataPreparation.datapod.DatapodAdd@140e5a13]" name="setUp" is-config="true" duration-ms="5349" started-at="2019-02-07T09:33:28Z" finished-at="2019-02-07T09:33:33Z">
          <reporter-output>
          </reporter-output>
        </test-method> <!-- setUp -->
        <test-method status="PASS" signature="validateAdd(java.lang.String, java.lang.String, java.lang.String, java.lang.String)[pri:3, instance:com.inferyx.framework.dataPreparation.datapod.DatapodAdd@140e5a13]" name="validateAdd" duration-ms="11715" started-at="2019-02-07T09:33:33Z" description="Datapod  Add" data-provider="getCRMTestData" finished-at="2019-02-07T09:33:45Z">
          <params>
            <param index="0">
              <value>
                <![CDATA[dd]]>
              </value>
            </param>
            <param index="1">
              <value>
                <![CDATA[dd]]>
              </value>
            </param>
            <param index="2">
              <value>
                <![CDATA[dd]]>
              </value>
            </param>
            <param index="3">
              <value>
                <![CDATA[dd]]>
              </value>
            </param>
          </params>
          <reporter-output>
          </reporter-output>
        </test-method> <!-- validateAdd -->
        <test-method status="PASS" signature="setUp()[pri:0, instance:com.inferyx.framework.dataPreparation.datapod.DatapodAdd@140e5a13]" name="setUp" is-config="true" duration-ms="5353" started-at="2019-02-07T09:33:45Z" finished-at="2019-02-07T09:33:50Z">
          <reporter-output>
          </reporter-output>
        </test-method> <!-- setUp -->
        <test-method status="PASS" signature="validateAdd(java.lang.String, java.lang.String, java.lang.String, java.lang.String)[pri:3, instance:com.inferyx.framework.dataPreparation.datapod.DatapodAdd@140e5a13]" name="validateAdd" duration-ms="11431" started-at="2019-02-07T09:33:50Z" description="Datapod  Add" data-provider="getCRMTestData" finished-at="2019-02-07T09:34:02Z">
          <params>
            <param index="0">
              <value>
                <![CDATA[ff]]>
              </value>
            </param>
            <param index="1">
              <value>
                <![CDATA[firstNafme]]>
              </value>
            </param>
            <param index="2">
              <value>
                <![CDATA[f]]>
              </value>
            </param>
            <param index="3">
              <value>
                <![CDATA[ff]]>
              </value>
            </param>
          </params>
          <reporter-output>
          </reporter-output>
        </test-method> <!-- validateAdd -->
      </class> <!-- com.inferyx.framework.dataPreparation.datapod.DatapodAdd -->
      <class name="com.inferyx.framework.dataPreparation.datapod.DatapodActionEdit">
        <test-method status="PASS" signature="setUp()[pri:0, instance:com.inferyx.framework.dataPreparation.datapod.DatapodActionEdit@dbd940d]" name="setUp" is-config="true" duration-ms="5135" started-at="2019-02-07T09:34:17Z" finished-at="2019-02-07T09:34:22Z">
          <reporter-output>
          </reporter-output>
        </test-method> <!-- setUp -->
        <test-method status="PASS" signature="datapodEditAction()[pri:5, instance:com.inferyx.framework.dataPreparation.datapod.DatapodActionEdit@dbd940d]" name="datapodEditAction" duration-ms="4335" started-at="2019-02-07T09:34:22Z" description="Datapod Edit Action" finished-at="2019-02-07T09:34:26Z">
          <reporter-output>
          </reporter-output>
        </test-method> <!-- datapodEditAction -->
        <test-method status="PASS" signature="AfterMethod()[pri:0, instance:com.inferyx.framework.dataPreparation.datapod.DatapodActionEdit@dbd940d]" name="AfterMethod" is-config="true" duration-ms="5468" started-at="2019-02-07T09:34:26Z" finished-at="2019-02-07T09:34:32Z">
          <reporter-output>
          </reporter-output>
        </test-method> <!-- AfterMethod -->
      </class> <!-- com.inferyx.framework.dataPreparation.datapod.DatapodActionEdit -->
      <class name="com.inferyx.framework.dataPreparation.datapod.DatapodActionUnLock">
        <test-method status="PASS" signature="setUp()[pri:0, instance:com.inferyx.framework.dataPreparation.datapod.DatapodActionUnLock@de3a06f]" name="setUp" is-config="true" duration-ms="5085" started-at="2019-02-07T09:35:08Z" finished-at="2019-02-07T09:35:13Z">
          <reporter-output>
          </reporter-output>
        </test-method> <!-- setUp -->
        <test-method status="PASS" signature="datapodUnLockAction()[pri:9, instance:com.inferyx.framework.dataPreparation.datapod.DatapodActionUnLock@de3a06f]" name="datapodUnLockAction" duration-ms="4125" started-at="2019-02-07T09:35:13Z" description="Datapod UnLock Action" finished-at="2019-02-07T09:35:17Z">
          <reporter-output>
          </reporter-output>
        </test-method> <!-- datapodUnLockAction -->
        <test-method status="PASS" signature="AfterMethod()[pri:0, instance:com.inferyx.framework.dataPreparation.datapod.DatapodActionUnLock@de3a06f]" name="AfterMethod" is-config="true" duration-ms="3076" started-at="2019-02-07T09:35:17Z" finished-at="2019-02-07T09:35:20Z">
          <reporter-output>
          </reporter-output>
        </test-method> <!-- AfterMethod -->
      </class> <!-- com.inferyx.framework.dataPreparation.datapod.DatapodActionUnLock -->
      <class name="com.inferyx.framework.dataPreparation.datapod.DatapodActionPublish">
        <test-method status="PASS" signature="setUp()[pri:0, instance:com.inferyx.framework.dataPreparation.datapod.DatapodActionPublish@76b10754]" name="setUp" is-config="true" duration-ms="5098" started-at="2019-02-07T09:35:20Z" finished-at="2019-02-07T09:35:25Z">
          <reporter-output>
          </reporter-output>
        </test-method> <!-- setUp -->
        <test-method status="PASS" signature="datapodPublishAction()[pri:10, instance:com.inferyx.framework.dataPreparation.datapod.DatapodActionPublish@76b10754]" name="datapodPublishAction" duration-ms="4145" started-at="2019-02-07T09:35:25Z" description="Datapod Publish Action" finished-at="2019-02-07T09:35:29Z">
          <reporter-output>
          </reporter-output>
        </test-method> <!-- datapodPublishAction -->
        <test-method status="PASS" signature="AfterMethod()[pri:0, instance:com.inferyx.framework.dataPreparation.datapod.DatapodActionPublish@76b10754]" name="AfterMethod" is-config="true" duration-ms="3081" started-at="2019-02-07T09:35:29Z" finished-at="2019-02-07T09:35:32Z">
          <reporter-output>
          </reporter-output>
        </test-method> <!-- AfterMethod -->
      </class> <!-- com.inferyx.framework.dataPreparation.datapod.DatapodActionPublish -->
      <class name="com.inferyx.framework.dataPreparation.datapod.DatapodActionExport">
        <test-method status="PASS" signature="setUp()[pri:0, instance:com.inferyx.framework.dataPreparation.datapod.DatapodActionExport@2df32bf7]" name="setUp" is-config="true" duration-ms="5066" started-at="2019-02-07T09:35:57Z" finished-at="2019-02-07T09:36:02Z">
          <reporter-output>
          </reporter-output>
        </test-method> <!-- setUp -->
        <test-method status="PASS" signature="datapodEditAction()[pri:13, instance:com.inferyx.framework.dataPreparation.datapod.DatapodActionExport@2df32bf7]" name="datapodEditAction" duration-ms="4147" started-at="2019-02-07T09:36:02Z" description="Datapod Export Action" finished-at="2019-02-07T09:36:06Z">
          <reporter-output>
          </reporter-output>
        </test-method> <!-- datapodEditAction -->
        <test-method status="PASS" signature="AfterMethod()[pri:0, instance:com.inferyx.framework.dataPreparation.datapod.DatapodActionExport@2df32bf7]" name="AfterMethod" is-config="true" duration-ms="3098" started-at="2019-02-07T09:36:06Z" finished-at="2019-02-07T09:36:09Z">
          <reporter-output>
          </reporter-output>
        </test-method> <!-- AfterMethod -->
      </class> <!-- com.inferyx.framework.dataPreparation.datapod.DatapodActionExport -->
      <class name="com.inferyx.framework.dataPreparation.datapod.DatapodActionLock">
        <test-method status="PASS" signature="setUp()[pri:0, instance:com.inferyx.framework.dataPreparation.datapod.DatapodActionLock@6c9f5c0d]" name="setUp" is-config="true" duration-ms="5086" started-at="2019-02-07T09:34:55Z" finished-at="2019-02-07T09:35:00Z">
          <reporter-output>
          </reporter-output>
        </test-method> <!-- setUp -->
        <test-method status="PASS" signature="datapodLockAction()[pri:8, instance:com.inferyx.framework.dataPreparation.datapod.DatapodActionLock@6c9f5c0d]" name="datapodLockAction" duration-ms="4155" started-at="2019-02-07T09:35:00Z" description="Datapod Lock Action" finished-at="2019-02-07T09:35:05Z">
          <reporter-output>
          </reporter-output>
        </test-method> <!-- datapodLockAction -->
        <test-method status="PASS" signature="AfterMethod()[pri:0, instance:com.inferyx.framework.dataPreparation.datapod.DatapodActionLock@6c9f5c0d]" name="AfterMethod" is-config="true" duration-ms="3106" started-at="2019-02-07T09:35:05Z" finished-at="2019-02-07T09:35:08Z">
          <reporter-output>
          </reporter-output>
        </test-method> <!-- AfterMethod -->
      </class> <!-- com.inferyx.framework.dataPreparation.datapod.DatapodActionLock -->
      <class name="com.inferyx.framework.dataPreparation.datapod.DatapodActionDelete">
        <test-method status="PASS" signature="setUp()[pri:0, instance:com.inferyx.framework.dataPreparation.datapod.DatapodActionDelete@71d15f18]" name="setUp" is-config="true" duration-ms="5126" started-at="2019-02-07T09:34:32Z" finished-at="2019-02-07T09:34:37Z">
          <reporter-output>
          </reporter-output>
        </test-method> <!-- setUp -->
        <test-method status="PASS" signature="datapodDeleteAction()[pri:6, instance:com.inferyx.framework.dataPreparation.datapod.DatapodActionDelete@71d15f18]" name="datapodDeleteAction" duration-ms="4225" started-at="2019-02-07T09:34:37Z" description="Datapod Delete Action" finished-at="2019-02-07T09:34:41Z">
          <reporter-output>
          </reporter-output>
        </test-method> <!-- datapodDeleteAction -->
        <test-method status="PASS" signature="AfterMethod()[pri:0, instance:com.inferyx.framework.dataPreparation.datapod.DatapodActionDelete@71d15f18]" name="AfterMethod" is-config="true" duration-ms="3086" started-at="2019-02-07T09:34:41Z" finished-at="2019-02-07T09:34:44Z">
          <reporter-output>
          </reporter-output>
        </test-method> <!-- AfterMethod -->
      </class> <!-- com.inferyx.framework.dataPreparation.datapod.DatapodActionDelete -->
      <class name="com.inferyx.framework.dataPreparation.datapod.DatapodActionView">
        <test-method status="PASS" signature="setUp()[pri:0, instance:com.inferyx.framework.dataPreparation.datapod.DatapodActionView@3439f68d]" name="setUp" is-config="true" duration-ms="5138" started-at="2019-02-07T09:34:02Z" finished-at="2019-02-07T09:34:07Z">
          <reporter-output>
          </reporter-output>
        </test-method> <!-- setUp -->
        <test-method status="PASS" signature="datapodViewAction()[pri:4, instance:com.inferyx.framework.dataPreparation.datapod.DatapodActionView@3439f68d]" name="datapodViewAction" duration-ms="4318" started-at="2019-02-07T09:34:07Z" description="Datapod View Action" finished-at="2019-02-07T09:34:11Z">
          <reporter-output>
          </reporter-output>
        </test-method> <!-- datapodViewAction -->
        <test-method status="PASS" signature="AfterMethod()[pri:0, instance:com.inferyx.framework.dataPreparation.datapod.DatapodActionView@3439f68d]" name="AfterMethod" is-config="true" duration-ms="5531" started-at="2019-02-07T09:34:11Z" finished-at="2019-02-07T09:34:17Z">
          <reporter-output>
          </reporter-output>
        </test-method> <!-- AfterMethod -->
      </class> <!-- com.inferyx.framework.dataPreparation.datapod.DatapodActionView -->
    </test> <!-- DATA Preaparation.Datapod -->
  </suite> <!-- seq tests -->
</testng-results>
