<?xml version="1.0" encoding="UTF-8"?>
<testng-results skipped="0" failed="2" ignored="0" total="25" passed="23">
  <reporter-output>
  </reporter-output>
  <suite name="seq tests" duration-ms="145186" started-at="2019-02-06T06:53:53Z" finished-at="2019-02-06T06:56:18Z">
    <groups>
    </groups>
    <test name="LOGIN" duration-ms="22842" started-at="2019-02-06T06:53:53Z" finished-at="2019-02-06T06:54:15Z">
      <class name="com.inferyx.framework.selenium.LoginPage">
        <test-method status="PASS" signature="openBrowser()[pri:1, instance:com.inferyx.framework.selenium.LoginPage@262b2c86]" name="openBrowser" duration-ms="5832" started-at="2019-02-06T06:53:53Z" description="openBrowser" finished-at="2019-02-06T06:53:58Z">
          <reporter-output>
          </reporter-output>
        </test-method> <!-- openBrowser -->
        <test-method status="PASS" signature="login()[pri:2, instance:com.inferyx.framework.selenium.LoginPage@262b2c86]" name="login" duration-ms="3273" started-at="2019-02-06T06:53:58Z" description="login check" finished-at="2019-02-06T06:54:02Z">
          <reporter-output>
          </reporter-output>
        </test-method> <!-- login -->
        <test-method status="PASS" signature="appSelection()[pri:3, instance:com.inferyx.framework.selenium.LoginPage@262b2c86]" name="appSelection" duration-ms="13668" started-at="2019-02-06T06:54:02Z" description="appSelection" finished-at="2019-02-06T06:54:15Z">
          <reporter-output>
          </reporter-output>
        </test-method> <!-- appSelection -->
      </class> <!-- com.inferyx.framework.selenium.LoginPage -->
    </test> <!-- LOGIN -->
    <test name="DATA DISCOVERY" duration-ms="23968" started-at="2019-02-06T06:54:15Z" finished-at="2019-02-06T06:54:39Z">
      <class name="com.inferyx.framework.dataDiscovery.DataDiscovery">
        <test-method status="PASS" signature="dataDiscoveryList()[pri:1, instance:com.inferyx.framework.dataDiscovery.DataDiscovery@33723e30]" name="dataDiscoveryList" duration-ms="1366" started-at="2019-02-06T06:54:15Z" description="dataDiscovery" finished-at="2019-02-06T06:54:17Z">
          <reporter-output>
          </reporter-output>
        </test-method> <!-- dataDiscoveryList -->
        <test-method status="PASS" signature="dataDiscoveryCard()[pri:2, instance:com.inferyx.framework.dataDiscovery.DataDiscovery@33723e30]" name="dataDiscoveryCard" duration-ms="1387" started-at="2019-02-06T06:54:17Z" description="dataDiscoveryCard" finished-at="2019-02-06T06:54:18Z">
          <reporter-output>
          </reporter-output>
        </test-method> <!-- dataDiscoveryCard -->
        <test-method status="PASS" signature="dataDiscoveryCardEdit()[pri:3, instance:com.inferyx.framework.dataDiscovery.DataDiscovery@33723e30]" name="dataDiscoveryCardEdit" duration-ms="4568" started-at="2019-02-06T06:54:18Z" description="dataDiscoveryCardEdit" finished-at="2019-02-06T06:54:23Z">
          <reporter-output>
          </reporter-output>
        </test-method> <!-- dataDiscoveryCardEdit -->
        <test-method status="PASS" signature="dataDiscoveryCardMetaComp()[pri:4, instance:com.inferyx.framework.dataDiscovery.DataDiscovery@33723e30]" name="dataDiscoveryCardMetaComp" duration-ms="1845" started-at="2019-02-06T06:54:23Z" description="dataDiscoveryMetaComp" finished-at="2019-02-06T06:54:25Z">
          <reporter-output>
          </reporter-output>
        </test-method> <!-- dataDiscoveryCardMetaComp -->
        <test-method status="FAIL" signature="dataDiscoverySampleRecord()[pri:5, instance:com.inferyx.framework.dataDiscovery.DataDiscovery@33723e30]" name="dataDiscoverySampleRecord" duration-ms="6490" started-at="2019-02-06T06:54:25Z" description="dataDiscoverySampleRecord" finished-at="2019-02-06T06:54:31Z">
          <exception class="org.openqa.selenium.ElementNotVisibleException">
            <message>
              <![CDATA[element not visible
  (Session info: chrome=72.0.3626.81)
  (Driver info: chromedriver=2.41.578700 (2f1ed5f9343c13f73144538f15c00b370eda6706),platform=Linux 4.4.0-140-generic x86_64) (WARNING: The server did not provide any stacktrace information)
Command duration or timeout: 83 milliseconds
Build info: version: '3.2.0', revision: '8c03df6b79', time: '2017-02-23 10:51:31 +0000'
System info: host: 'rohini007-Inspiron-3551', ip: '127.0.1.1', os.name: 'Linux', os.arch: 'amd64', os.version: '4.4.0-140-generic', java.version: '1.8.0_191'
Driver info: org.openqa.selenium.chrome.ChromeDriver
Capabilities [{mobileEmulationEnabled=false, hasTouchScreen=false, platform=LINUX, acceptSslCerts=false, goog:chromeOptions={debuggerAddress=localhost:33837}, acceptInsecureCerts=false, webStorageEnabled=true, browserName=chrome, takesScreenshot=true, javascriptEnabled=true, setWindowRect=true, unexpectedAlertBehaviour=, applicationCacheEnabled=false, rotatable=false, networkConnectionEnabled=false, chrome={chromedriverVersion=2.41.578700 (2f1ed5f9343c13f73144538f15c00b370eda6706), userDataDir=/tmp/.org.chromium.Chromium.zU1cC7}, takesHeapSnapshot=true, pageLoadStrategy=normal, databaseEnabled=false, handlesAlerts=true, version=72.0.3626.81, browserConnectionEnabled=false, nativeEvents=true, locationContextEnabled=true, cssSelectorsEnabled=true}]
Session ID: cc8dc929349008646dbd83bccc09007e]]>
            </message>
            <full-stacktrace>
              <![CDATA[org.openqa.selenium.ElementNotVisibleException: element not visible
  (Session info: chrome=72.0.3626.81)
  (Driver info: chromedriver=2.41.578700 (2f1ed5f9343c13f73144538f15c00b370eda6706),platform=Linux 4.4.0-140-generic x86_64) (WARNING: The server did not provide any stacktrace information)
Command duration or timeout: 83 milliseconds
Build info: version: '3.2.0', revision: '8c03df6b79', time: '2017-02-23 10:51:31 +0000'
System info: host: 'rohini007-Inspiron-3551', ip: '127.0.1.1', os.name: 'Linux', os.arch: 'amd64', os.version: '4.4.0-140-generic', java.version: '1.8.0_191'
Driver info: org.openqa.selenium.chrome.ChromeDriver
Capabilities [{mobileEmulationEnabled=false, hasTouchScreen=false, platform=LINUX, acceptSslCerts=false, goog:chromeOptions={debuggerAddress=localhost:33837}, acceptInsecureCerts=false, webStorageEnabled=true, browserName=chrome, takesScreenshot=true, javascriptEnabled=true, setWindowRect=true, unexpectedAlertBehaviour=, applicationCacheEnabled=false, rotatable=false, networkConnectionEnabled=false, chrome={chromedriverVersion=2.41.578700 (2f1ed5f9343c13f73144538f15c00b370eda6706), userDataDir=/tmp/.org.chromium.Chromium.zU1cC7}, takesHeapSnapshot=true, pageLoadStrategy=normal, databaseEnabled=false, handlesAlerts=true, version=72.0.3626.81, browserConnectionEnabled=false, nativeEvents=true, locationContextEnabled=true, cssSelectorsEnabled=true}]
Session ID: cc8dc929349008646dbd83bccc09007e
at sun.reflect.NativeConstructorAccessorImpl.newInstance0(Native Method)
at sun.reflect.NativeConstructorAccessorImpl.newInstance(NativeConstructorAccessorImpl.java:62)
at sun.reflect.DelegatingConstructorAccessorImpl.newInstance(DelegatingConstructorAccessorImpl.java:45)
at java.lang.reflect.Constructor.newInstance(Constructor.java:423)
at org.openqa.selenium.remote.ErrorHandler.createThrowable(ErrorHandler.java:216)
at org.openqa.selenium.remote.ErrorHandler.throwIfResponseFailed(ErrorHandler.java:168)
at org.openqa.selenium.remote.RemoteWebDriver.execute(RemoteWebDriver.java:638)
at org.openqa.selenium.remote.RemoteWebElement.execute(RemoteWebElement.java:274)
at org.openqa.selenium.remote.RemoteWebElement.click(RemoteWebElement.java:84)
at com.inferyx.framework.dataDiscovery.DataDiscovery.dataDiscoverySampleRecord(DataDiscovery.java:99)
at sun.reflect.NativeMethodAccessorImpl.invoke0(Native Method)
at sun.reflect.NativeMethodAccessorImpl.invoke(NativeMethodAccessorImpl.java:62)
at sun.reflect.DelegatingMethodAccessorImpl.invoke(DelegatingMethodAccessorImpl.java:43)
at java.lang.reflect.Method.invoke(Method.java:498)
at org.testng.internal.MethodInvocationHelper.invokeMethod(MethodInvocationHelper.java:124)
at org.testng.internal.Invoker.invokeMethod(Invoker.java:583)
at org.testng.internal.Invoker.invokeTestMethod(Invoker.java:719)
at org.testng.internal.Invoker.invokeTestMethods(Invoker.java:989)
at org.testng.internal.TestMethodWorker.invokeTestMethods(TestMethodWorker.java:125)
at org.testng.internal.TestMethodWorker.run(TestMethodWorker.java:109)
at org.testng.TestRunner.privateRun(TestRunner.java:648)
at org.testng.TestRunner.run(TestRunner.java:505)
at org.testng.SuiteRunner.runTest(SuiteRunner.java:455)
at org.testng.SuiteRunner.runSequentially(SuiteRunner.java:450)
at org.testng.SuiteRunner.privateRun(SuiteRunner.java:415)
at org.testng.SuiteRunner.run(SuiteRunner.java:364)
at org.testng.SuiteRunnerWorker.runSuite(SuiteRunnerWorker.java:52)
at org.testng.SuiteRunnerWorker.run(SuiteRunnerWorker.java:84)
at org.testng.TestNG.runSuitesSequentially(TestNG.java:1208)
at org.testng.TestNG.runSuitesLocally(TestNG.java:1137)
at org.testng.TestNG.runSuites(TestNG.java:1049)
at org.testng.TestNG.run(TestNG.java:1017)
at org.testng.remote.AbstractRemoteTestNG.run(AbstractRemoteTestNG.java:114)
at org.testng.remote.RemoteTestNG.initAndRun(RemoteTestNG.java:251)
at org.testng.remote.RemoteTestNG.main(RemoteTestNG.java:77)
]]>
            </full-stacktrace>
          </exception> <!-- org.openqa.selenium.ElementNotVisibleException -->
          <reporter-output>
          </reporter-output>
        </test-method> <!-- dataDiscoverySampleRecord -->
        <test-method status="PASS" signature="dataStore()[pri:6, instance:com.inferyx.framework.dataDiscovery.DataDiscovery@33723e30]" name="dataStore" duration-ms="3403" started-at="2019-02-06T06:54:31Z" description="dataStore" finished-at="2019-02-06T06:54:34Z">
          <reporter-output>
          </reporter-output>
        </test-method> <!-- dataStore -->
        <test-method status="FAIL" signature="downloadSample()[pri:7, instance:com.inferyx.framework.dataDiscovery.DataDiscovery@33723e30]" name="downloadSample" duration-ms="1716" started-at="2019-02-06T06:54:35Z" description="downloadSample" finished-at="2019-02-06T06:54:36Z">
          <exception class="org.openqa.selenium.WebDriverException">
            <message>
              <![CDATA[unknown error: Element <a ng-click="downloadFile(datapoddata)" tooltip-placement="top" uib-tooltip="Download" ng-hide="isAdd" ng-class="isDownloadDatapod==true? 'currentpage':'notcurrentpage'" ng-disabled="isDownloadDatapod" class="currentpage" disabled="disabled">...</a> is not clickable at point (1196, 135). Other element would receive the click: <div class="tools">...</div>
  (Session info: chrome=72.0.3626.81)
  (Driver info: chromedriver=2.41.578700 (2f1ed5f9343c13f73144538f15c00b370eda6706),platform=Linux 4.4.0-140-generic x86_64) (WARNING: The server did not provide any stacktrace information)
Command duration or timeout: 134 milliseconds
Build info: version: '3.2.0', revision: '8c03df6b79', time: '2017-02-23 10:51:31 +0000'
System info: host: 'rohini007-Inspiron-3551', ip: '127.0.1.1', os.name: 'Linux', os.arch: 'amd64', os.version: '4.4.0-140-generic', java.version: '1.8.0_191'
Driver info: org.openqa.selenium.chrome.ChromeDriver
Capabilities [{mobileEmulationEnabled=false, hasTouchScreen=false, platform=LINUX, acceptSslCerts=false, goog:chromeOptions={debuggerAddress=localhost:33837}, acceptInsecureCerts=false, webStorageEnabled=true, browserName=chrome, takesScreenshot=true, javascriptEnabled=true, setWindowRect=true, unexpectedAlertBehaviour=, applicationCacheEnabled=false, rotatable=false, networkConnectionEnabled=false, chrome={chromedriverVersion=2.41.578700 (2f1ed5f9343c13f73144538f15c00b370eda6706), userDataDir=/tmp/.org.chromium.Chromium.zU1cC7}, takesHeapSnapshot=true, pageLoadStrategy=normal, databaseEnabled=false, handlesAlerts=true, version=72.0.3626.81, browserConnectionEnabled=false, nativeEvents=true, locationContextEnabled=true, cssSelectorsEnabled=true}]
Session ID: cc8dc929349008646dbd83bccc09007e]]>
            </message>
            <full-stacktrace>
              <![CDATA[org.openqa.selenium.WebDriverException: unknown error: Element <a ng-click="downloadFile(datapoddata)" tooltip-placement="top" uib-tooltip="Download" ng-hide="isAdd" ng-class="isDownloadDatapod==true? 'currentpage':'notcurrentpage'" ng-disabled="isDownloadDatapod" class="currentpage" disabled="disabled">...</a> is not clickable at point (1196, 135). Other element would receive the click: <div class="tools">...</div>
  (Session info: chrome=72.0.3626.81)
  (Driver info: chromedriver=2.41.578700 (2f1ed5f9343c13f73144538f15c00b370eda6706),platform=Linux 4.4.0-140-generic x86_64) (WARNING: The server did not provide any stacktrace information)
Command duration or timeout: 134 milliseconds
Build info: version: '3.2.0', revision: '8c03df6b79', time: '2017-02-23 10:51:31 +0000'
System info: host: 'rohini007-Inspiron-3551', ip: '127.0.1.1', os.name: 'Linux', os.arch: 'amd64', os.version: '4.4.0-140-generic', java.version: '1.8.0_191'
Driver info: org.openqa.selenium.chrome.ChromeDriver
Capabilities [{mobileEmulationEnabled=false, hasTouchScreen=false, platform=LINUX, acceptSslCerts=false, goog:chromeOptions={debuggerAddress=localhost:33837}, acceptInsecureCerts=false, webStorageEnabled=true, browserName=chrome, takesScreenshot=true, javascriptEnabled=true, setWindowRect=true, unexpectedAlertBehaviour=, applicationCacheEnabled=false, rotatable=false, networkConnectionEnabled=false, chrome={chromedriverVersion=2.41.578700 (2f1ed5f9343c13f73144538f15c00b370eda6706), userDataDir=/tmp/.org.chromium.Chromium.zU1cC7}, takesHeapSnapshot=true, pageLoadStrategy=normal, databaseEnabled=false, handlesAlerts=true, version=72.0.3626.81, browserConnectionEnabled=false, nativeEvents=true, locationContextEnabled=true, cssSelectorsEnabled=true}]
Session ID: cc8dc929349008646dbd83bccc09007e
at sun.reflect.NativeConstructorAccessorImpl.newInstance0(Native Method)
at sun.reflect.NativeConstructorAccessorImpl.newInstance(NativeConstructorAccessorImpl.java:62)
at sun.reflect.DelegatingConstructorAccessorImpl.newInstance(DelegatingConstructorAccessorImpl.java:45)
at java.lang.reflect.Constructor.newInstance(Constructor.java:423)
at org.openqa.selenium.remote.ErrorHandler.createThrowable(ErrorHandler.java:216)
at org.openqa.selenium.remote.ErrorHandler.throwIfResponseFailed(ErrorHandler.java:168)
at org.openqa.selenium.remote.RemoteWebDriver.execute(RemoteWebDriver.java:638)
at org.openqa.selenium.remote.RemoteWebElement.execute(RemoteWebElement.java:274)
at org.openqa.selenium.remote.RemoteWebElement.click(RemoteWebElement.java:84)
at com.inferyx.framework.dataDiscovery.DataDiscovery.downloadSample(DataDiscovery.java:134)
at sun.reflect.NativeMethodAccessorImpl.invoke0(Native Method)
at sun.reflect.NativeMethodAccessorImpl.invoke(NativeMethodAccessorImpl.java:62)
at sun.reflect.DelegatingMethodAccessorImpl.invoke(DelegatingMethodAccessorImpl.java:43)
at java.lang.reflect.Method.invoke(Method.java:498)
at org.testng.internal.MethodInvocationHelper.invokeMethod(MethodInvocationHelper.java:124)
at org.testng.internal.Invoker.invokeMethod(Invoker.java:583)
at org.testng.internal.Invoker.invokeTestMethod(Invoker.java:719)
at org.testng.internal.Invoker.invokeTestMethods(Invoker.java:989)
at org.testng.internal.TestMethodWorker.invokeTestMethods(TestMethodWorker.java:125)
at org.testng.internal.TestMethodWorker.run(TestMethodWorker.java:109)
at org.testng.TestRunner.privateRun(TestRunner.java:648)
at org.testng.TestRunner.run(TestRunner.java:505)
at org.testng.SuiteRunner.runTest(SuiteRunner.java:455)
at org.testng.SuiteRunner.runSequentially(SuiteRunner.java:450)
at org.testng.SuiteRunner.privateRun(SuiteRunner.java:415)
at org.testng.SuiteRunner.run(SuiteRunner.java:364)
at org.testng.SuiteRunnerWorker.runSuite(SuiteRunnerWorker.java:52)
at org.testng.SuiteRunnerWorker.run(SuiteRunnerWorker.java:84)
at org.testng.TestNG.runSuitesSequentially(TestNG.java:1208)
at org.testng.TestNG.runSuitesLocally(TestNG.java:1137)
at org.testng.TestNG.runSuites(TestNG.java:1049)
at org.testng.TestNG.run(TestNG.java:1017)
at org.testng.remote.AbstractRemoteTestNG.run(AbstractRemoteTestNG.java:114)
at org.testng.remote.RemoteTestNG.initAndRun(RemoteTestNG.java:251)
at org.testng.remote.RemoteTestNG.main(RemoteTestNG.java:77)
]]>
            </full-stacktrace>
          </exception> <!-- org.openqa.selenium.WebDriverException -->
          <reporter-output>
          </reporter-output>
        </test-method> <!-- downloadSample -->
        <test-method status="PASS" signature="knowledgeGraph()[pri:8, instance:com.inferyx.framework.dataDiscovery.DataDiscovery@33723e30]" name="knowledgeGraph" duration-ms="1572" started-at="2019-02-06T06:54:36Z" description="knowledgeGraph" finished-at="2019-02-06T06:54:38Z">
          <reporter-output>
          </reporter-output>
        </test-method> <!-- knowledgeGraph -->
        <test-method status="PASS" signature="closeIcon()[pri:9, instance:com.inferyx.framework.dataDiscovery.DataDiscovery@33723e30]" name="closeIcon" duration-ms="1525" started-at="2019-02-06T06:54:38Z" description="closeIcon" finished-at="2019-02-06T06:54:39Z">
          <reporter-output>
          </reporter-output>
        </test-method> <!-- closeIcon -->
      </class> <!-- com.inferyx.framework.dataDiscovery.DataDiscovery -->
    </test> <!-- DATA DISCOVERY -->
    <test name="DATA Visualization" duration-ms="28634" started-at="2019-02-06T06:54:39Z" finished-at="2019-02-06T06:55:08Z">
      <class name="com.inferyx.framework.dataVisualization.DataVisualization">
        <test-method status="PASS" signature="dataDiscoveryList()[pri:1, instance:com.inferyx.framework.dataVisualization.DataVisualization@23fe1d71]" name="dataDiscoveryList" duration-ms="10563" started-at="2019-02-06T06:54:40Z" description="dataVisualization" finished-at="2019-02-06T06:54:50Z">
          <reporter-output>
          </reporter-output>
        </test-method> <!-- dataDiscoveryList -->
        <test-method status="PASS" signature="dataDiscoveryCard()[pri:2, instance:com.inferyx.framework.dataVisualization.DataVisualization@23fe1d71]" name="dataDiscoveryCard" duration-ms="2303" started-at="2019-02-06T06:54:50Z" description="Dashboard" finished-at="2019-02-06T06:54:52Z">
          <reporter-output>
          </reporter-output>
        </test-method> <!-- dataDiscoveryCard -->
        <test-method status="PASS" signature="createDashboard()[pri:3, instance:com.inferyx.framework.dataVisualization.DataVisualization@23fe1d71]" name="createDashboard" duration-ms="4281" started-at="2019-02-06T06:54:52Z" description="createDashboard" finished-at="2019-02-06T06:54:57Z">
          <reporter-output>
          </reporter-output>
        </test-method> <!-- createDashboard -->
        <test-method status="PASS" signature="datshBoardTile()[pri:3, instance:com.inferyx.framework.dataVisualization.DataVisualization@23fe1d71]" name="datshBoardTile" duration-ms="4428" started-at="2019-02-06T06:54:57Z" description="datshBoardTile" finished-at="2019-02-06T06:55:01Z">
          <reporter-output>
          </reporter-output>
        </test-method> <!-- datshBoardTile -->
        <test-method status="PASS" signature="dataDiscoveryCardEdit()[pri:4, instance:com.inferyx.framework.dataVisualization.DataVisualization@23fe1d71]" name="dataDiscoveryCardEdit" duration-ms="2332" started-at="2019-02-06T06:55:01Z" description="Vizpod" finished-at="2019-02-06T06:55:03Z">
          <reporter-output>
          </reporter-output>
        </test-method> <!-- dataDiscoveryCardEdit -->
        <test-method status="PASS" signature="vizpodAdd()[pri:5, instance:com.inferyx.framework.dataVisualization.DataVisualization@23fe1d71]" name="vizpodAdd" duration-ms="2343" started-at="2019-02-06T06:55:03Z" description="vizpodAdd" finished-at="2019-02-06T06:55:06Z">
          <reporter-output>
          </reporter-output>
        </test-method> <!-- vizpodAdd -->
        <test-method status="PASS" signature="dataDiscoveryCardMetaComp()[pri:6, instance:com.inferyx.framework.dataVisualization.DataVisualization@23fe1d71]" name="dataDiscoveryCardMetaComp" duration-ms="2340" started-at="2019-02-06T06:55:06Z" description="Report" finished-at="2019-02-06T06:55:08Z">
          <reporter-output>
          </reporter-output>
        </test-method> <!-- dataDiscoveryCardMetaComp -->
      </class> <!-- com.inferyx.framework.dataVisualization.DataVisualization -->
    </test> <!-- DATA Visualization -->
    <test name="DATA Preaparation" duration-ms="6279" started-at="2019-02-06T06:55:08Z" finished-at="2019-02-06T06:55:14Z">
      <class name="com.inferyx.framework.dataPreparation.DataPreaparation">
        <test-method status="PASS" signature="dataDiscoveryList()[pri:1, instance:com.inferyx.framework.dataPreparation.DataPreaparation@7403c468]" name="dataDiscoveryList" duration-ms="3176" started-at="2019-02-06T06:55:08Z" description="Data Preparation" finished-at="2019-02-06T06:55:11Z">
          <reporter-output>
          </reporter-output>
        </test-method> <!-- dataDiscoveryList -->
        <test-method status="PASS" signature="dataDiscoveryCard()[pri:2, instance:com.inferyx.framework.dataPreparation.DataPreaparation@7403c468]" name="dataDiscoveryCard" duration-ms="3094" started-at="2019-02-06T06:55:11Z" description="Datapod" finished-at="2019-02-06T06:55:14Z">
          <reporter-output>
          </reporter-output>
        </test-method> <!-- dataDiscoveryCard -->
      </class> <!-- com.inferyx.framework.dataPreparation.DataPreaparation -->
    </test> <!-- DATA Preaparation -->
    <test name="DatapodTest" duration-ms="63295" started-at="2019-02-06T06:55:14Z" finished-at="2019-02-06T06:56:18Z">
      <class name="com.inferyx.framework.dataPreparation.DatapodTest">
        <test-method status="PASS" signature="setUp()[pri:0, instance:com.inferyx.framework.dataPreparation.DatapodTest@15bfd87]" name="setUp" is-config="true" duration-ms="2702" started-at="2019-02-06T06:55:15Z" finished-at="2019-02-06T06:55:17Z">
          <reporter-output>
          </reporter-output>
        </test-method> <!-- setUp -->
        <test-method status="PASS" signature="validateAdd(java.lang.String, java.lang.String, java.lang.String, java.lang.String)[pri:1, instance:com.inferyx.framework.dataPreparation.DatapodTest@15bfd87]" name="validateAdd" duration-ms="13247" started-at="2019-02-06T06:55:17Z" description="Datapod  Add" data-provider="getCRMTestData" finished-at="2019-02-06T06:55:30Z">
          <params>
            <param index="0">
              <value>
                <![CDATA[aa]]>
              </value>
            </param>
            <param index="1">
              <value>
                <![CDATA[aa]]>
              </value>
            </param>
            <param index="2">
              <value>
                <![CDATA[aa]]>
              </value>
            </param>
            <param index="3">
              <value>
                <![CDATA[aa]]>
              </value>
            </param>
          </params>
          <reporter-output>
          </reporter-output>
        </test-method> <!-- validateAdd -->
        <test-method status="PASS" signature="setUp()[pri:0, instance:com.inferyx.framework.dataPreparation.DatapodTest@15bfd87]" name="setUp" is-config="true" duration-ms="2648" started-at="2019-02-06T06:55:30Z" finished-at="2019-02-06T06:55:33Z">
          <reporter-output>
          </reporter-output>
        </test-method> <!-- setUp -->
        <test-method status="PASS" signature="validateAdd(java.lang.String, java.lang.String, java.lang.String, java.lang.String)[pri:1, instance:com.inferyx.framework.dataPreparation.DatapodTest@15bfd87]" name="validateAdd" duration-ms="13077" started-at="2019-02-06T06:55:33Z" description="Datapod  Add" data-provider="getCRMTestData" finished-at="2019-02-06T06:55:46Z">
          <params>
            <param index="0">
              <value>
                <![CDATA[ss]]>
              </value>
            </param>
            <param index="1">
              <value>
                <![CDATA[ss]]>
              </value>
            </param>
            <param index="2">
              <value>
                <![CDATA[ss]]>
              </value>
            </param>
            <param index="3">
              <value>
                <![CDATA[ss]]>
              </value>
            </param>
          </params>
          <reporter-output>
          </reporter-output>
        </test-method> <!-- validateAdd -->
        <test-method status="PASS" signature="setUp()[pri:0, instance:com.inferyx.framework.dataPreparation.DatapodTest@15bfd87]" name="setUp" is-config="true" duration-ms="2642" started-at="2019-02-06T06:55:46Z" finished-at="2019-02-06T06:55:49Z">
          <reporter-output>
          </reporter-output>
        </test-method> <!-- setUp -->
        <test-method status="PASS" signature="validateAdd(java.lang.String, java.lang.String, java.lang.String, java.lang.String)[pri:1, instance:com.inferyx.framework.dataPreparation.DatapodTest@15bfd87]" name="validateAdd" duration-ms="13113" started-at="2019-02-06T06:55:49Z" description="Datapod  Add" data-provider="getCRMTestData" finished-at="2019-02-06T06:56:02Z">
          <params>
            <param index="0">
              <value>
                <![CDATA[dd]]>
              </value>
            </param>
            <param index="1">
              <value>
                <![CDATA[dd]]>
              </value>
            </param>
            <param index="2">
              <value>
                <![CDATA[dd]]>
              </value>
            </param>
            <param index="3">
              <value>
                <![CDATA[dd]]>
              </value>
            </param>
          </params>
          <reporter-output>
          </reporter-output>
        </test-method> <!-- validateAdd -->
        <test-method status="PASS" signature="setUp()[pri:0, instance:com.inferyx.framework.dataPreparation.DatapodTest@15bfd87]" name="setUp" is-config="true" duration-ms="2758" started-at="2019-02-06T06:56:02Z" finished-at="2019-02-06T06:56:05Z">
          <reporter-output>
          </reporter-output>
        </test-method> <!-- setUp -->
        <test-method status="PASS" signature="validateAdd(java.lang.String, java.lang.String, java.lang.String, java.lang.String)[pri:1, instance:com.inferyx.framework.dataPreparation.DatapodTest@15bfd87]" name="validateAdd" duration-ms="12971" started-at="2019-02-06T06:56:05Z" description="Datapod  Add" data-provider="getCRMTestData" finished-at="2019-02-06T06:56:18Z">
          <params>
            <param index="0">
              <value>
                <![CDATA[ff]]>
              </value>
            </param>
            <param index="1">
              <value>
                <![CDATA[firstNafme]]>
              </value>
            </param>
            <param index="2">
              <value>
                <![CDATA[f]]>
              </value>
            </param>
            <param index="3">
              <value>
                <![CDATA[ff]]>
              </value>
            </param>
          </params>
          <reporter-output>
          </reporter-output>
        </test-method> <!-- validateAdd -->
      </class> <!-- com.inferyx.framework.dataPreparation.DatapodTest -->
    </test> <!-- DatapodTest -->
  </suite> <!-- seq tests -->
</testng-results>
