<?xml version="1.0" encoding="UTF-8"?>
<testng-results skipped="0" failed="0" ignored="0" total="11" passed="11">
  <reporter-output>
  </reporter-output>
  <suite name="seq tests" duration-ms="97515" started-at="2019-02-21T10:03:45Z" finished-at="2019-02-21T10:05:22Z">
    <groups>
    </groups>
    <test name="LOGIN" duration-ms="20442" started-at="2019-02-21T10:03:45Z" finished-at="2019-02-21T10:04:05Z">
      <class name="com.inferyx.framework.selenium.LoginPage">
        <test-method status="PASS" signature="openBrowser()[pri:1, instance:com.inferyx.framework.selenium.LoginPage@7a3d45bd]" name="openBrowser" duration-ms="5177" started-at="2019-02-21T10:03:45Z" description="openBrowser" finished-at="2019-02-21T10:03:50Z">
          <reporter-output>
          </reporter-output>
        </test-method> <!-- openBrowser -->
        <test-method status="PASS" signature="login()[pri:2, instance:com.inferyx.framework.selenium.LoginPage@7a3d45bd]" name="login" duration-ms="3503" started-at="2019-02-21T10:03:50Z" description="login check" finished-at="2019-02-21T10:03:53Z">
          <reporter-output>
          </reporter-output>
        </test-method> <!-- login -->
        <test-method status="PASS" signature="appSelection()[pri:3, instance:com.inferyx.framework.selenium.LoginPage@7a3d45bd]" name="appSelection" duration-ms="11709" started-at="2019-02-21T10:03:53Z" description="appSelection" finished-at="2019-02-21T10:04:05Z">
          <reporter-output>
          </reporter-output>
        </test-method> <!-- appSelection -->
      </class> <!-- com.inferyx.framework.selenium.LoginPage -->
    </test> <!-- LOGIN -->
    <test name="DATA Visualization" duration-ms="10410" started-at="2019-02-21T10:04:05Z" finished-at="2019-02-21T10:04:16Z">
      <class name="com.inferyx.framework.dataVisualization.DataVisualization">
        <test-method status="PASS" signature="dataVisualization()[pri:1, instance:com.inferyx.framework.dataVisualization.DataVisualization@7a30d1e6]" name="dataVisualization" duration-ms="10407" started-at="2019-02-21T10:04:05Z" description="dataVisualization" finished-at="2019-02-21T10:04:16Z">
          <reporter-output>
          </reporter-output>
        </test-method> <!-- dataVisualization -->
      </class> <!-- com.inferyx.framework.dataVisualization.DataVisualization -->
    </test> <!-- DATA Visualization -->
    <test name="DATA Visualization Dashboard" duration-ms="66639" started-at="2019-02-21T10:04:16Z" finished-at="2019-02-21T10:05:22Z">
      <class name="com.inferyx.framework.dataVisualization.dashboard.DashBoard">
        <test-method status="PASS" signature="Dashboard()[pri:2, instance:com.inferyx.framework.dataVisualization.dashboard.DashBoard@2e3fc542]" name="Dashboard" duration-ms="2430" started-at="2019-02-21T10:04:16Z" description="Dashboard" finished-at="2019-02-21T10:04:18Z">
          <reporter-output>
          </reporter-output>
        </test-method> <!-- Dashboard -->
        <test-method status="PASS" signature="datshBoardTile()[pri:3, instance:com.inferyx.framework.dataVisualization.dashboard.DashBoard@2e3fc542]" name="datshBoardTile" duration-ms="4658" started-at="2019-02-21T10:04:18Z" description="datshBoardTile" finished-at="2019-02-21T10:04:23Z">
          <reporter-output>
          </reporter-output>
        </test-method> <!-- datshBoardTile -->
        <test-method status="PASS" signature="datshBoardList()[pri:4, instance:com.inferyx.framework.dataVisualization.dashboard.DashBoard@2e3fc542]" name="datshBoardList" duration-ms="7809" started-at="2019-02-21T10:04:23Z" description="datshBoardList" finished-at="2019-02-21T10:04:30Z">
          <reporter-output>
          </reporter-output>
        </test-method> <!-- datshBoardList -->
      </class> <!-- com.inferyx.framework.dataVisualization.dashboard.DashBoard -->
      <class name="com.inferyx.framework.dataVisualization.dashboard.DashBoardDelete">
        <test-method status="PASS" signature="setUp()[pri:0, instance:com.inferyx.framework.dataVisualization.dashboard.DashBoardDelete@4524411f]" name="setUp" is-config="true" duration-ms="4704" started-at="2019-02-21T10:04:47Z" finished-at="2019-02-21T10:04:52Z">
          <reporter-output>
          </reporter-output>
        </test-method> <!-- setUp -->
        <test-method status="PASS" signature="vizpodDelete()[pri:6, instance:com.inferyx.framework.dataVisualization.dashboard.DashBoardDelete@4524411f]" name="vizpodDelete" duration-ms="4182" started-at="2019-02-21T10:04:52Z" description="dashboardDelete" finished-at="2019-02-21T10:04:56Z">
          <reporter-output>
          </reporter-output>
        </test-method> <!-- vizpodDelete -->
        <test-method status="PASS" signature="AfterMethod()[pri:0, instance:com.inferyx.framework.dataVisualization.dashboard.DashBoardDelete@4524411f]" name="AfterMethod" is-config="true" duration-ms="3126" started-at="2019-02-21T10:04:56Z" finished-at="2019-02-21T10:04:59Z">
          <reporter-output>
          </reporter-output>
        </test-method> <!-- AfterMethod -->
      </class> <!-- com.inferyx.framework.dataVisualization.dashboard.DashBoardDelete -->
      <class name="com.inferyx.framework.dataVisualization.dashboard.DashBoardEdit">
        <test-method status="PASS" signature="setUp()[pri:0, instance:com.inferyx.framework.dataVisualization.dashboard.DashBoardEdit@150c158]" name="setUp" is-config="true" duration-ms="4134" started-at="2019-02-21T10:04:30Z" finished-at="2019-02-21T10:04:35Z">
          <reporter-output>
          </reporter-output>
        </test-method> <!-- setUp -->
        <test-method status="PASS" signature="datshBoardList()[pri:5, instance:com.inferyx.framework.dataVisualization.dashboard.DashBoardEdit@150c158]" name="datshBoardList" duration-ms="7434" started-at="2019-02-21T10:04:35Z" description="Dashboard Edit" finished-at="2019-02-21T10:04:42Z">
          <reporter-output>
          </reporter-output>
        </test-method> <!-- datshBoardList -->
        <test-method status="PASS" signature="AfterMethod()[pri:0, instance:com.inferyx.framework.dataVisualization.dashboard.DashBoardEdit@150c158]" name="AfterMethod" is-config="true" duration-ms="5278" started-at="2019-02-21T10:04:42Z" finished-at="2019-02-21T10:04:47Z">
          <reporter-output>
          </reporter-output>
        </test-method> <!-- AfterMethod -->
      </class> <!-- com.inferyx.framework.dataVisualization.dashboard.DashBoardEdit -->
      <class name="com.inferyx.framework.dataVisualization.dashboard.DashBoardRestore">
        <test-method status="PASS" signature="setUp()[pri:0, instance:com.inferyx.framework.dataVisualization.dashboard.DashBoardRestore@401e7803]" name="setUp" is-config="true" duration-ms="4100" started-at="2019-02-21T10:04:59Z" finished-at="2019-02-21T10:05:03Z">
          <reporter-output>
          </reporter-output>
        </test-method> <!-- setUp -->
        <test-method status="PASS" signature="vizpodRestore()[pri:7, instance:com.inferyx.framework.dataVisualization.dashboard.DashBoardRestore@401e7803]" name="vizpodRestore" duration-ms="4216" started-at="2019-02-21T10:05:03Z" description="dashboardRestore" finished-at="2019-02-21T10:05:08Z">
          <reporter-output>
          </reporter-output>
        </test-method> <!-- vizpodRestore -->
        <test-method status="PASS" signature="AfterMethod()[pri:0, instance:com.inferyx.framework.dataVisualization.dashboard.DashBoardRestore@401e7803]" name="AfterMethod" is-config="true" duration-ms="3126" started-at="2019-02-21T10:05:08Z" finished-at="2019-02-21T10:05:11Z">
          <reporter-output>
          </reporter-output>
        </test-method> <!-- AfterMethod -->
      </class> <!-- com.inferyx.framework.dataVisualization.dashboard.DashBoardRestore -->
      <class name="com.inferyx.framework.dataVisualization.dashboard.DashBoardLock">
        <test-method status="PASS" signature="setUp()[pri:0, instance:com.inferyx.framework.dataVisualization.dashboard.DashBoardLock@704d6e83]" name="setUp" is-config="true" duration-ms="4128" started-at="2019-02-21T10:05:11Z" finished-at="2019-02-21T10:05:15Z">
          <reporter-output>
          </reporter-output>
        </test-method> <!-- setUp -->
        <test-method status="PASS" signature="dashboardLockAction()[pri:8, instance:com.inferyx.framework.dataVisualization.dashboard.DashBoardLock@704d6e83]" name="dashboardLockAction" duration-ms="4200" started-at="2019-02-21T10:05:15Z" description="Dashboard Lock Action" finished-at="2019-02-21T10:05:19Z">
          <reporter-output>
          </reporter-output>
        </test-method> <!-- dashboardLockAction -->
        <test-method status="PASS" signature="AfterMethod()[pri:0, instance:com.inferyx.framework.dataVisualization.dashboard.DashBoardLock@704d6e83]" name="AfterMethod" is-config="true" duration-ms="3087" started-at="2019-02-21T10:05:19Z" finished-at="2019-02-21T10:05:22Z">
          <reporter-output>
          </reporter-output>
        </test-method> <!-- AfterMethod -->
      </class> <!-- com.inferyx.framework.dataVisualization.dashboard.DashBoardLock -->
    </test> <!-- DATA Visualization Dashboard -->
  </suite> <!-- seq tests -->
</testng-results>
