<?xml version="1.0" encoding="UTF-8"?>
<testng-results skipped="0" failed="1" ignored="0" total="7" passed="6">
  <reporter-output>
  </reporter-output>
  <suite name="Default suite" duration-ms="190133" started-at="2019-02-04T14:12:49Z" finished-at="2019-02-04T14:15:59Z">
    <groups>
    </groups>
    <test name="Default test" duration-ms="190133" started-at="2019-02-04T14:12:49Z" finished-at="2019-02-04T14:15:59Z">
      <class name="com.inferyx.framework.selenium.LoginPage">
        <test-method status="PASS" signature="openBrowser()[pri:1, instance:com.inferyx.framework.selenium.LoginPage@4e718207]" name="openBrowser" duration-ms="3529" started-at="2019-02-04T14:12:49Z" description="openBrowser" finished-at="2019-02-04T14:12:52Z">
          <reporter-output>
          </reporter-output>
        </test-method> <!-- openBrowser -->
        <test-method status="PASS" signature="login()[pri:2, instance:com.inferyx.framework.selenium.LoginPage@4e718207]" name="login" duration-ms="2604" started-at="2019-02-04T14:12:52Z" description="login check" finished-at="2019-02-04T14:12:55Z">
          <reporter-output>
          </reporter-output>
        </test-method> <!-- login -->
        <test-method status="PASS" signature="appSelection()[pri:3, instance:com.inferyx.framework.selenium.LoginPage@4e718207]" name="appSelection" duration-ms="3733" started-at="2019-02-04T14:12:55Z" description="appSelection" finished-at="2019-02-04T14:12:59Z">
          <reporter-output>
          </reporter-output>
        </test-method> <!-- appSelection -->
      </class> <!-- com.inferyx.framework.selenium.LoginPage -->
      <class name="com.inferyx.framework.selenium.DataDiscovery">
        <test-method status="PASS" signature="dataDiscoveryList()[pri:4, instance:com.inferyx.framework.selenium.DataDiscovery@543c6f6d]" name="dataDiscoveryList" duration-ms="9174" started-at="2019-02-04T14:12:59Z" description="dataDiscovery" finished-at="2019-02-04T14:13:08Z">
          <reporter-output>
          </reporter-output>
        </test-method> <!-- dataDiscoveryList -->
        <test-method status="PASS" signature="dataDiscoveryCard()[pri:6, instance:com.inferyx.framework.selenium.DataDiscovery@543c6f6d]" name="dataDiscoveryCard" duration-ms="1189" started-at="2019-02-04T14:13:08Z" description="dataDiscoveryCard" finished-at="2019-02-04T14:13:09Z">
          <reporter-output>
          </reporter-output>
        </test-method> <!-- dataDiscoveryCard -->
        <test-method status="PASS" signature="dataDiscoveryCardEdit()[pri:7, instance:com.inferyx.framework.selenium.DataDiscovery@543c6f6d]" name="dataDiscoveryCardEdit" duration-ms="10040" started-at="2019-02-04T14:15:49Z" description="dataDiscoveryCardEdit" finished-at="2019-02-04T14:15:59Z">
          <reporter-output>
          </reporter-output>
        </test-method> <!-- dataDiscoveryCardEdit -->
      </class> <!-- com.inferyx.framework.selenium.DataDiscovery -->
      <class name="com.inferyx.framework.selenium.AllPages">
        <test-method status="FAIL" signature="AllListPages()[pri:7, instance:com.inferyx.framework.selenium.AllPages@1d371b2d]" name="AllListPages" duration-ms="159819" started-at="2019-02-04T14:13:09Z" description="Lisfilingt ALL" finished-at="2019-02-04T14:15:49Z">
          <exception class="org.openqa.selenium.WebDriverException">
            <message>
              <![CDATA[unknown error: Element <span class="title ng-binding">...</span> is not clickable at point (89, 616). Other element would receive the click: <a ui-sref="train({type:datasciencesubmenu.type})" class="nav-link" href="#/Datascience/trainList">...</a>
  (Session info: chrome=72.0.3626.81)
  (Driver info: chromedriver=2.46.628388 (4a34a70827ac54148e092aafb70504c4ea7ae926),platform=Linux 4.2.0-42-generic x86_64) (WARNING: The server did not provide any stacktrace information)
Command duration or timeout: 80 milliseconds
Build info: version: '3.2.0', revision: '8c03df6b79', time: '2017-02-23 10:51:31 +0000'
System info: host: 'gridedge1', ip: '127.0.1.1', os.name: 'Linux', os.arch: 'amd64', os.version: '4.2.0-42-generic', java.version: '1.8.0_151'
Driver info: org.openqa.selenium.chrome.ChromeDriver
Capabilities [{mobileEmulationEnabled=false, timeouts={implicit=0, pageLoad=300000, script=30000}, hasTouchScreen=false, platform=LINUX, acceptSslCerts=false, goog:chromeOptions={debuggerAddress=localhost:36064}, acceptInsecureCerts=false, webStorageEnabled=true, browserName=chrome, takesScreenshot=true, javascriptEnabled=true, setWindowRect=true, unexpectedAlertBehaviour=ignore, applicationCacheEnabled=false, rotatable=false, networkConnectionEnabled=false, chrome={chromedriverVersion=2.46.628388 (4a34a70827ac54148e092aafb70504c4ea7ae926), userDataDir=/tmp/.org.chromium.Chromium.cVqqaP}, takesHeapSnapshot=true, pageLoadStrategy=normal, strictFileInteractability=false, databaseEnabled=false, handlesAlerts=true, version=72.0.3626.81, browserConnectionEnabled=false, proxy={}, nativeEvents=true, locationContextEnabled=true, cssSelectorsEnabled=true}]
Session ID: 7e93e0dd548f2445105a17944455889c]]>
            </message>
            <full-stacktrace>
              <![CDATA[org.openqa.selenium.WebDriverException: unknown error: Element <span class="title ng-binding">...</span> is not clickable at point (89, 616). Other element would receive the click: <a ui-sref="train({type:datasciencesubmenu.type})" class="nav-link" href="#/Datascience/trainList">...</a>
  (Session info: chrome=72.0.3626.81)
  (Driver info: chromedriver=2.46.628388 (4a34a70827ac54148e092aafb70504c4ea7ae926),platform=Linux 4.2.0-42-generic x86_64) (WARNING: The server did not provide any stacktrace information)
Command duration or timeout: 80 milliseconds
Build info: version: '3.2.0', revision: '8c03df6b79', time: '2017-02-23 10:51:31 +0000'
System info: host: 'gridedge1', ip: '127.0.1.1', os.name: 'Linux', os.arch: 'amd64', os.version: '4.2.0-42-generic', java.version: '1.8.0_151'
Driver info: org.openqa.selenium.chrome.ChromeDriver
Capabilities [{mobileEmulationEnabled=false, timeouts={implicit=0, pageLoad=300000, script=30000}, hasTouchScreen=false, platform=LINUX, acceptSslCerts=false, goog:chromeOptions={debuggerAddress=localhost:36064}, acceptInsecureCerts=false, webStorageEnabled=true, browserName=chrome, takesScreenshot=true, javascriptEnabled=true, setWindowRect=true, unexpectedAlertBehaviour=ignore, applicationCacheEnabled=false, rotatable=false, networkConnectionEnabled=false, chrome={chromedriverVersion=2.46.628388 (4a34a70827ac54148e092aafb70504c4ea7ae926), userDataDir=/tmp/.org.chromium.Chromium.cVqqaP}, takesHeapSnapshot=true, pageLoadStrategy=normal, strictFileInteractability=false, databaseEnabled=false, handlesAlerts=true, version=72.0.3626.81, browserConnectionEnabled=false, proxy={}, nativeEvents=true, locationContextEnabled=true, cssSelectorsEnabled=true}]
Session ID: 7e93e0dd548f2445105a17944455889c
at sun.reflect.NativeConstructorAccessorImpl.newInstance0(Native Method)
at sun.reflect.NativeConstructorAccessorImpl.newInstance(NativeConstructorAccessorImpl.java:62)
at sun.reflect.DelegatingConstructorAccessorImpl.newInstance(DelegatingConstructorAccessorImpl.java:45)
at java.lang.reflect.Constructor.newInstance(Constructor.java:423)
at org.openqa.selenium.remote.ErrorHandler.createThrowable(ErrorHandler.java:216)
at org.openqa.selenium.remote.ErrorHandler.throwIfResponseFailed(ErrorHandler.java:168)
at org.openqa.selenium.remote.RemoteWebDriver.execute(RemoteWebDriver.java:638)
at org.openqa.selenium.remote.RemoteWebElement.execute(RemoteWebElement.java:274)
at org.openqa.selenium.remote.RemoteWebElement.click(RemoteWebElement.java:84)
at com.inferyx.framework.selenium.AllPages.AllListPages(AllPages.java:779)
at sun.reflect.NativeMethodAccessorImpl.invoke0(Native Method)
at sun.reflect.NativeMethodAccessorImpl.invoke(NativeMethodAccessorImpl.java:62)
at sun.reflect.DelegatingMethodAccessorImpl.invoke(DelegatingMethodAccessorImpl.java:43)
at java.lang.reflect.Method.invoke(Method.java:498)
at org.testng.internal.MethodInvocationHelper.invokeMethod(MethodInvocationHelper.java:124)
at org.testng.internal.Invoker.invokeMethod(Invoker.java:583)
at org.testng.internal.Invoker.invokeTestMethod(Invoker.java:719)
at org.testng.internal.Invoker.invokeTestMethods(Invoker.java:989)
at org.testng.internal.TestMethodWorker.invokeTestMethods(TestMethodWorker.java:125)
at org.testng.internal.TestMethodWorker.run(TestMethodWorker.java:109)
at org.testng.TestRunner.privateRun(TestRunner.java:648)
at org.testng.TestRunner.run(TestRunner.java:505)
at org.testng.SuiteRunner.runTest(SuiteRunner.java:455)
at org.testng.SuiteRunner.runSequentially(SuiteRunner.java:450)
at org.testng.SuiteRunner.privateRun(SuiteRunner.java:415)
at org.testng.SuiteRunner.run(SuiteRunner.java:364)
at org.testng.SuiteRunnerWorker.runSuite(SuiteRunnerWorker.java:52)
at org.testng.SuiteRunnerWorker.run(SuiteRunnerWorker.java:84)
at org.testng.TestNG.runSuitesSequentially(TestNG.java:1208)
at org.testng.TestNG.runSuitesLocally(TestNG.java:1137)
at org.testng.TestNG.runSuites(TestNG.java:1049)
at org.testng.TestNG.run(TestNG.java:1017)
at org.testng.remote.AbstractRemoteTestNG.run(AbstractRemoteTestNG.java:114)
at org.testng.remote.RemoteTestNG.initAndRun(RemoteTestNG.java:251)
at org.testng.remote.RemoteTestNG.main(RemoteTestNG.java:77)
]]>
            </full-stacktrace>
          </exception> <!-- org.openqa.selenium.WebDriverException -->
          <reporter-output>
          </reporter-output>
        </test-method> <!-- AllListPages -->
      </class> <!-- com.inferyx.framework.selenium.AllPages -->
    </test> <!-- Default test -->
  </suite> <!-- Default suite -->
</testng-results>
