<?xml version="1.0" encoding="UTF-8"?>
<testng-results skipped="0" failed="1" ignored="0" total="25" passed="24">
  <reporter-output>
  </reporter-output>
  <suite name="seq tests" duration-ms="165855" started-at="2019-02-06T08:52:17Z" finished-at="2019-02-06T08:55:03Z">
    <groups>
    </groups>
    <test name="LOGIN" duration-ms="17835" started-at="2019-02-06T08:52:17Z" finished-at="2019-02-06T08:52:35Z">
      <class name="com.inferyx.framework.selenium.LoginPage">
        <test-method status="PASS" signature="openBrowser()[pri:1, instance:com.inferyx.framework.selenium.LoginPage@1b26f7b2]" name="openBrowser" duration-ms="3757" started-at="2019-02-06T08:52:17Z" description="openBrowser" finished-at="2019-02-06T08:52:21Z">
          <reporter-output>
          </reporter-output>
        </test-method> <!-- openBrowser -->
        <test-method status="PASS" signature="login()[pri:2, instance:com.inferyx.framework.selenium.LoginPage@1b26f7b2]" name="login" duration-ms="2602" started-at="2019-02-06T08:52:21Z" description="login check" finished-at="2019-02-06T08:52:24Z">
          <reporter-output>
          </reporter-output>
        </test-method> <!-- login -->
        <test-method status="PASS" signature="appSelection()[pri:3, instance:com.inferyx.framework.selenium.LoginPage@1b26f7b2]" name="appSelection" duration-ms="11442" started-at="2019-02-06T08:52:24Z" description="appSelection" finished-at="2019-02-06T08:52:35Z">
          <reporter-output>
          </reporter-output>
        </test-method> <!-- appSelection -->
      </class> <!-- com.inferyx.framework.selenium.LoginPage -->
    </test> <!-- LOGIN -->
    <test name="DATA DISCOVERY" duration-ms="42452" started-at="2019-02-06T08:52:35Z" finished-at="2019-02-06T08:53:18Z">
      <class name="com.inferyx.framework.dataDiscovery.DataDiscovery">
        <test-method status="PASS" signature="dataDiscoveryList()[pri:1, instance:com.inferyx.framework.dataDiscovery.DataDiscovery@17d0685f]" name="dataDiscoveryList" duration-ms="1221" started-at="2019-02-06T08:52:35Z" description="dataDiscovery" finished-at="2019-02-06T08:52:36Z">
          <reporter-output>
          </reporter-output>
        </test-method> <!-- dataDiscoveryList -->
        <test-method status="PASS" signature="dataDiscoveryCard()[pri:2, instance:com.inferyx.framework.dataDiscovery.DataDiscovery@17d0685f]" name="dataDiscoveryCard" duration-ms="1158" started-at="2019-02-06T08:52:36Z" description="dataDiscoveryCard" finished-at="2019-02-06T08:52:38Z">
          <reporter-output>
          </reporter-output>
        </test-method> <!-- dataDiscoveryCard -->
        <test-method status="PASS" signature="downloadSample()[pri:3, instance:com.inferyx.framework.dataDiscovery.DataDiscovery@17d0685f]" name="downloadSample" duration-ms="3461" started-at="2019-02-06T08:52:38Z" description="downloadSample" finished-at="2019-02-06T08:52:41Z">
          <reporter-output>
          </reporter-output>
        </test-method> <!-- downloadSample -->
        <test-method status="FAIL" signature="dataDiscoveryCardMetaComp()[pri:4, instance:com.inferyx.framework.dataDiscovery.DataDiscovery@17d0685f]" name="dataDiscoveryCardMetaComp" duration-ms="2099" started-at="2019-02-06T08:52:41Z" description="dataDiscoveryMetaComp" finished-at="2019-02-06T08:52:43Z">
          <exception class="org.openqa.selenium.WebDriverException">
            <message>
              <![CDATA[unknown error: Element <i class="fa fa-clone" style="display: block;margin:0px 2px 0px 0px;color:white;transform:scale(1.1,1.1);"></i> is not clickable at point (1122, 133). Other element would receive the click: <div class="angular-notify angular-notify-info angular-notify-enter">...</div>
  (Session info: chrome=72.0.3626.81)
  (Driver info: chromedriver=2.46.628388 (4a34a70827ac54148e092aafb70504c4ea7ae926),platform=Linux 4.2.0-42-generic x86_64) (WARNING: The server did not provide any stacktrace information)
Command duration or timeout: 68 milliseconds
Build info: version: '3.2.0', revision: '8c03df6b79', time: '2017-02-23 10:51:31 +0000'
System info: host: 'gridedge1', ip: '127.0.1.1', os.name: 'Linux', os.arch: 'amd64', os.version: '4.2.0-42-generic', java.version: '1.8.0_151'
Driver info: org.openqa.selenium.chrome.ChromeDriver
Capabilities [{mobileEmulationEnabled=false, timeouts={implicit=0, pageLoad=300000, script=30000}, hasTouchScreen=false, platform=LINUX, acceptSslCerts=false, goog:chromeOptions={debuggerAddress=localhost:38537}, acceptInsecureCerts=false, webStorageEnabled=true, browserName=chrome, takesScreenshot=true, javascriptEnabled=true, setWindowRect=true, unexpectedAlertBehaviour=ignore, applicationCacheEnabled=false, rotatable=false, networkConnectionEnabled=false, chrome={chromedriverVersion=2.46.628388 (4a34a70827ac54148e092aafb70504c4ea7ae926), userDataDir=/tmp/.org.chromium.Chromium.CYinAd}, takesHeapSnapshot=true, pageLoadStrategy=normal, strictFileInteractability=false, databaseEnabled=false, handlesAlerts=true, version=72.0.3626.81, browserConnectionEnabled=false, proxy={}, nativeEvents=true, locationContextEnabled=true, cssSelectorsEnabled=true}]
Session ID: 9897ce3426aece98df28baeec02e0bdc]]>
            </message>
            <full-stacktrace>
              <![CDATA[org.openqa.selenium.WebDriverException: unknown error: Element <i class="fa fa-clone" style="display: block;margin:0px 2px 0px 0px;color:white;transform:scale(1.1,1.1);"></i> is not clickable at point (1122, 133). Other element would receive the click: <div class="angular-notify angular-notify-info angular-notify-enter">...</div>
  (Session info: chrome=72.0.3626.81)
  (Driver info: chromedriver=2.46.628388 (4a34a70827ac54148e092aafb70504c4ea7ae926),platform=Linux 4.2.0-42-generic x86_64) (WARNING: The server did not provide any stacktrace information)
Command duration or timeout: 68 milliseconds
Build info: version: '3.2.0', revision: '8c03df6b79', time: '2017-02-23 10:51:31 +0000'
System info: host: 'gridedge1', ip: '127.0.1.1', os.name: 'Linux', os.arch: 'amd64', os.version: '4.2.0-42-generic', java.version: '1.8.0_151'
Driver info: org.openqa.selenium.chrome.ChromeDriver
Capabilities [{mobileEmulationEnabled=false, timeouts={implicit=0, pageLoad=300000, script=30000}, hasTouchScreen=false, platform=LINUX, acceptSslCerts=false, goog:chromeOptions={debuggerAddress=localhost:38537}, acceptInsecureCerts=false, webStorageEnabled=true, browserName=chrome, takesScreenshot=true, javascriptEnabled=true, setWindowRect=true, unexpectedAlertBehaviour=ignore, applicationCacheEnabled=false, rotatable=false, networkConnectionEnabled=false, chrome={chromedriverVersion=2.46.628388 (4a34a70827ac54148e092aafb70504c4ea7ae926), userDataDir=/tmp/.org.chromium.Chromium.CYinAd}, takesHeapSnapshot=true, pageLoadStrategy=normal, strictFileInteractability=false, databaseEnabled=false, handlesAlerts=true, version=72.0.3626.81, browserConnectionEnabled=false, proxy={}, nativeEvents=true, locationContextEnabled=true, cssSelectorsEnabled=true}]
Session ID: 9897ce3426aece98df28baeec02e0bdc
at sun.reflect.NativeConstructorAccessorImpl.newInstance0(Native Method)
at sun.reflect.NativeConstructorAccessorImpl.newInstance(NativeConstructorAccessorImpl.java:62)
at sun.reflect.DelegatingConstructorAccessorImpl.newInstance(DelegatingConstructorAccessorImpl.java:45)
at java.lang.reflect.Constructor.newInstance(Constructor.java:423)
at org.openqa.selenium.remote.ErrorHandler.createThrowable(ErrorHandler.java:216)
at org.openqa.selenium.remote.ErrorHandler.throwIfResponseFailed(ErrorHandler.java:168)
at org.openqa.selenium.remote.RemoteWebDriver.execute(RemoteWebDriver.java:638)
at org.openqa.selenium.remote.RemoteWebElement.execute(RemoteWebElement.java:274)
at org.openqa.selenium.remote.RemoteWebElement.click(RemoteWebElement.java:84)
at com.inferyx.framework.dataDiscovery.DataDiscovery.dataDiscoveryCardMetaComp(DataDiscovery.java:85)
at sun.reflect.NativeMethodAccessorImpl.invoke0(Native Method)
at sun.reflect.NativeMethodAccessorImpl.invoke(NativeMethodAccessorImpl.java:62)
at sun.reflect.DelegatingMethodAccessorImpl.invoke(DelegatingMethodAccessorImpl.java:43)
at java.lang.reflect.Method.invoke(Method.java:498)
at org.testng.internal.MethodInvocationHelper.invokeMethod(MethodInvocationHelper.java:124)
at org.testng.internal.Invoker.invokeMethod(Invoker.java:583)
at org.testng.internal.Invoker.invokeTestMethod(Invoker.java:719)
at org.testng.internal.Invoker.invokeTestMethods(Invoker.java:989)
at org.testng.internal.TestMethodWorker.invokeTestMethods(TestMethodWorker.java:125)
at org.testng.internal.TestMethodWorker.run(TestMethodWorker.java:109)
at org.testng.TestRunner.privateRun(TestRunner.java:648)
at org.testng.TestRunner.run(TestRunner.java:505)
at org.testng.SuiteRunner.runTest(SuiteRunner.java:455)
at org.testng.SuiteRunner.runSequentially(SuiteRunner.java:450)
at org.testng.SuiteRunner.privateRun(SuiteRunner.java:415)
at org.testng.SuiteRunner.run(SuiteRunner.java:364)
at org.testng.SuiteRunnerWorker.runSuite(SuiteRunnerWorker.java:52)
at org.testng.SuiteRunnerWorker.run(SuiteRunnerWorker.java:84)
at org.testng.TestNG.runSuitesSequentially(TestNG.java:1208)
at org.testng.TestNG.runSuitesLocally(TestNG.java:1137)
at org.testng.TestNG.runSuites(TestNG.java:1049)
at org.testng.TestNG.run(TestNG.java:1017)
at org.testng.remote.AbstractRemoteTestNG.run(AbstractRemoteTestNG.java:114)
at org.testng.remote.RemoteTestNG.initAndRun(RemoteTestNG.java:251)
at org.testng.remote.RemoteTestNG.main(RemoteTestNG.java:77)
]]>
            </full-stacktrace>
          </exception> <!-- org.openqa.selenium.WebDriverException -->
          <reporter-output>
          </reporter-output>
        </test-method> <!-- dataDiscoveryCardMetaComp -->
        <test-method status="PASS" signature="dataStore()[pri:5, instance:com.inferyx.framework.dataDiscovery.DataDiscovery@17d0685f]" name="dataStore" duration-ms="2242" started-at="2019-02-06T08:52:43Z" description="dataStore" finished-at="2019-02-06T08:52:45Z">
          <reporter-output>
          </reporter-output>
        </test-method> <!-- dataStore -->
        <test-method status="PASS" signature="dataDiscoveryCardEdit()[pri:6, instance:com.inferyx.framework.dataDiscovery.DataDiscovery@17d0685f]" name="dataDiscoveryCardEdit" duration-ms="2427" started-at="2019-02-06T08:52:45Z" description="dataDiscoveryCardEdit" finished-at="2019-02-06T08:52:48Z">
          <reporter-output>
          </reporter-output>
        </test-method> <!-- dataDiscoveryCardEdit -->
        <test-method status="PASS" signature="knowledgeGraph()[pri:7, instance:com.inferyx.framework.dataDiscovery.DataDiscovery@17d0685f]" name="knowledgeGraph" duration-ms="2298" started-at="2019-02-06T08:52:48Z" description="knowledgeGraph" finished-at="2019-02-06T08:52:50Z">
          <reporter-output>
          </reporter-output>
        </test-method> <!-- knowledgeGraph -->
        <test-method status="PASS" signature="dataDiscoverySampleRecord()[pri:8, instance:com.inferyx.framework.dataDiscovery.DataDiscovery@17d0685f]" name="dataDiscoverySampleRecord" duration-ms="16308" started-at="2019-02-06T08:52:50Z" description="dataDiscoverySampleRecord" finished-at="2019-02-06T08:53:06Z">
          <reporter-output>
          </reporter-output>
        </test-method> <!-- dataDiscoverySampleRecord -->
        <test-method status="PASS" signature="closeIcon()[pri:9, instance:com.inferyx.framework.dataDiscovery.DataDiscovery@17d0685f]" name="closeIcon" duration-ms="11169" started-at="2019-02-06T08:53:06Z" description="closeIcon" finished-at="2019-02-06T08:53:18Z">
          <reporter-output>
          </reporter-output>
        </test-method> <!-- closeIcon -->
      </class> <!-- com.inferyx.framework.dataDiscovery.DataDiscovery -->
    </test> <!-- DATA DISCOVERY -->
    <test name="DATA Visualization" duration-ms="33198" started-at="2019-02-06T08:53:18Z" finished-at="2019-02-06T08:53:51Z">
      <class name="com.inferyx.framework.dataVisualization.DataVisualization">
        <test-method status="PASS" signature="dataVisualization()[pri:1, instance:com.inferyx.framework.dataVisualization.DataVisualization@365185bd]" name="dataVisualization" duration-ms="10215" started-at="2019-02-06T08:53:18Z" description="dataVisualization" finished-at="2019-02-06T08:53:28Z">
          <reporter-output>
          </reporter-output>
        </test-method> <!-- dataVisualization -->
        <test-method status="PASS" signature="Dashboard()[pri:2, instance:com.inferyx.framework.dataVisualization.DataVisualization@365185bd]" name="Dashboard" duration-ms="2154" started-at="2019-02-06T08:53:28Z" description="Dashboard" finished-at="2019-02-06T08:53:30Z">
          <reporter-output>
          </reporter-output>
        </test-method> <!-- Dashboard -->
        <test-method status="PASS" signature="createDashboard()[pri:3, instance:com.inferyx.framework.dataVisualization.DataVisualization@365185bd]" name="createDashboard" duration-ms="4118" started-at="2019-02-06T08:53:30Z" description="createDashboard" finished-at="2019-02-06T08:53:34Z">
          <reporter-output>
          </reporter-output>
        </test-method> <!-- createDashboard -->
        <test-method status="PASS" signature="datshBoardTile()[pri:3, instance:com.inferyx.framework.dataVisualization.DataVisualization@365185bd]" name="datshBoardTile" duration-ms="4187" started-at="2019-02-06T08:53:34Z" description="datshBoardTile" finished-at="2019-02-06T08:53:38Z">
          <reporter-output>
          </reporter-output>
        </test-method> <!-- datshBoardTile -->
        <test-method status="PASS" signature="Vizpod()[pri:4, instance:com.inferyx.framework.dataVisualization.DataVisualization@365185bd]" name="Vizpod" duration-ms="4157" started-at="2019-02-06T08:53:38Z" description="Vizpod" finished-at="2019-02-06T08:53:43Z">
          <reporter-output>
          </reporter-output>
        </test-method> <!-- Vizpod -->
        <test-method status="PASS" signature="vizpodAdd()[pri:5, instance:com.inferyx.framework.dataVisualization.DataVisualization@365185bd]" name="vizpodAdd" duration-ms="6197" started-at="2019-02-06T08:53:43Z" description="vizpodAdd" finished-at="2019-02-06T08:53:49Z">
          <reporter-output>
          </reporter-output>
        </test-method> <!-- vizpodAdd -->
        <test-method status="PASS" signature="Report()[pri:6, instance:com.inferyx.framework.dataVisualization.DataVisualization@365185bd]" name="Report" duration-ms="2143" started-at="2019-02-06T08:53:49Z" description="Report" finished-at="2019-02-06T08:53:51Z">
          <reporter-output>
          </reporter-output>
        </test-method> <!-- Report -->
      </class> <!-- com.inferyx.framework.dataVisualization.DataVisualization -->
    </test> <!-- DATA Visualization -->
    <test name="DATA Preaparation" duration-ms="4996" started-at="2019-02-06T08:53:51Z" finished-at="2019-02-06T08:53:56Z">
      <class name="com.inferyx.framework.dataPreparation.DataPreaparation">
        <test-method status="PASS" signature="dataDiscoveryList()[pri:1, instance:com.inferyx.framework.dataPreparation.DataPreaparation@6ec8211c]" name="dataDiscoveryList" duration-ms="2541" started-at="2019-02-06T08:53:51Z" description="Data Preparation" finished-at="2019-02-06T08:53:53Z">
          <reporter-output>
          </reporter-output>
        </test-method> <!-- dataDiscoveryList -->
        <test-method status="PASS" signature="dataDiscoveryCard()[pri:2, instance:com.inferyx.framework.dataPreparation.DataPreaparation@6ec8211c]" name="dataDiscoveryCard" duration-ms="2452" started-at="2019-02-06T08:53:53Z" description="Datapod" finished-at="2019-02-06T08:53:56Z">
          <reporter-output>
          </reporter-output>
        </test-method> <!-- dataDiscoveryCard -->
      </class> <!-- com.inferyx.framework.dataPreparation.DataPreaparation -->
    </test> <!-- DATA Preaparation -->
    <test name="DatapodTest" duration-ms="67316" started-at="2019-02-06T08:53:56Z" finished-at="2019-02-06T08:55:03Z">
      <class name="com.inferyx.framework.dataPreparation.DatapodTest">
        <test-method status="PASS" signature="setUp()[pri:0, instance:com.inferyx.framework.dataPreparation.DatapodTest@1ad282e0]" name="setUp" is-config="true" duration-ms="5345" started-at="2019-02-06T08:53:56Z" finished-at="2019-02-06T08:54:01Z">
          <reporter-output>
          </reporter-output>
        </test-method> <!-- setUp -->
        <test-method status="PASS" signature="validateAdd(java.lang.String, java.lang.String, java.lang.String, java.lang.String)[pri:1, instance:com.inferyx.framework.dataPreparation.DatapodTest@1ad282e0]" name="validateAdd" duration-ms="11642" started-at="2019-02-06T08:54:01Z" description="Datapod  Add" data-provider="getCRMTestData" finished-at="2019-02-06T08:54:13Z">
          <params>
            <param index="0">
              <value>
                <![CDATA[aa]]>
              </value>
            </param>
            <param index="1">
              <value>
                <![CDATA[aa]]>
              </value>
            </param>
            <param index="2">
              <value>
                <![CDATA[aa]]>
              </value>
            </param>
            <param index="3">
              <value>
                <![CDATA[aa]]>
              </value>
            </param>
          </params>
          <reporter-output>
          </reporter-output>
        </test-method> <!-- validateAdd -->
        <test-method status="PASS" signature="setUp()[pri:0, instance:com.inferyx.framework.dataPreparation.DatapodTest@1ad282e0]" name="setUp" is-config="true" duration-ms="5264" started-at="2019-02-06T08:54:13Z" finished-at="2019-02-06T08:54:18Z">
          <reporter-output>
          </reporter-output>
        </test-method> <!-- setUp -->
        <test-method status="PASS" signature="validateAdd(java.lang.String, java.lang.String, java.lang.String, java.lang.String)[pri:1, instance:com.inferyx.framework.dataPreparation.DatapodTest@1ad282e0]" name="validateAdd" duration-ms="11572" started-at="2019-02-06T08:54:18Z" description="Datapod  Add" data-provider="getCRMTestData" finished-at="2019-02-06T08:54:30Z">
          <params>
            <param index="0">
              <value>
                <![CDATA[ss]]>
              </value>
            </param>
            <param index="1">
              <value>
                <![CDATA[ss]]>
              </value>
            </param>
            <param index="2">
              <value>
                <![CDATA[ss]]>
              </value>
            </param>
            <param index="3">
              <value>
                <![CDATA[ss]]>
              </value>
            </param>
          </params>
          <reporter-output>
          </reporter-output>
        </test-method> <!-- validateAdd -->
        <test-method status="PASS" signature="setUp()[pri:0, instance:com.inferyx.framework.dataPreparation.DatapodTest@1ad282e0]" name="setUp" is-config="true" duration-ms="5258" started-at="2019-02-06T08:54:30Z" finished-at="2019-02-06T08:54:35Z">
          <reporter-output>
          </reporter-output>
        </test-method> <!-- setUp -->
        <test-method status="PASS" signature="validateAdd(java.lang.String, java.lang.String, java.lang.String, java.lang.String)[pri:1, instance:com.inferyx.framework.dataPreparation.DatapodTest@1ad282e0]" name="validateAdd" duration-ms="11443" started-at="2019-02-06T08:54:35Z" description="Datapod  Add" data-provider="getCRMTestData" finished-at="2019-02-06T08:54:46Z">
          <params>
            <param index="0">
              <value>
                <![CDATA[dd]]>
              </value>
            </param>
            <param index="1">
              <value>
                <![CDATA[dd]]>
              </value>
            </param>
            <param index="2">
              <value>
                <![CDATA[dd]]>
              </value>
            </param>
            <param index="3">
              <value>
                <![CDATA[dd]]>
              </value>
            </param>
          </params>
          <reporter-output>
          </reporter-output>
        </test-method> <!-- validateAdd -->
        <test-method status="PASS" signature="setUp()[pri:0, instance:com.inferyx.framework.dataPreparation.DatapodTest@1ad282e0]" name="setUp" is-config="true" duration-ms="5308" started-at="2019-02-06T08:54:46Z" finished-at="2019-02-06T08:54:52Z">
          <reporter-output>
          </reporter-output>
        </test-method> <!-- setUp -->
        <test-method status="PASS" signature="validateAdd(java.lang.String, java.lang.String, java.lang.String, java.lang.String)[pri:1, instance:com.inferyx.framework.dataPreparation.DatapodTest@1ad282e0]" name="validateAdd" duration-ms="11440" started-at="2019-02-06T08:54:52Z" description="Datapod  Add" data-provider="getCRMTestData" finished-at="2019-02-06T08:55:03Z">
          <params>
            <param index="0">
              <value>
                <![CDATA[ff]]>
              </value>
            </param>
            <param index="1">
              <value>
                <![CDATA[firstNafme]]>
              </value>
            </param>
            <param index="2">
              <value>
                <![CDATA[f]]>
              </value>
            </param>
            <param index="3">
              <value>
                <![CDATA[ff]]>
              </value>
            </param>
          </params>
          <reporter-output>
          </reporter-output>
        </test-method> <!-- validateAdd -->
      </class> <!-- com.inferyx.framework.dataPreparation.DatapodTest -->
    </test> <!-- DatapodTest -->
  </suite> <!-- seq tests -->
</testng-results>
