<?xml version="1.0" encoding="UTF-8"?>
<testng-results skipped="0" failed="1" ignored="0" total="9" passed="8">
  <reporter-output>
  </reporter-output>
  <suite name="seq tests" duration-ms="151740" started-at="2019-03-05T08:40:12Z" finished-at="2019-03-05T08:42:44Z">
    <groups>
    </groups>
    <test name="LOGIN" duration-ms="21391" started-at="2019-03-05T08:40:12Z" finished-at="2019-03-05T08:40:34Z">
      <class name="com.inferyx.framework.selenium.LoginPage">
        <test-method status="PASS" signature="openBrowser()[pri:1, instance:com.inferyx.framework.selenium.LoginPage@7a3d45bd]" name="openBrowser" duration-ms="6107" started-at="2019-03-05T08:40:12Z" description="openBrowser" finished-at="2019-03-05T08:40:19Z">
          <reporter-output>
          </reporter-output>
        </test-method> <!-- openBrowser -->
        <test-method status="PASS" signature="login()[pri:2, instance:com.inferyx.framework.selenium.LoginPage@7a3d45bd]" name="login" duration-ms="3106" started-at="2019-03-05T08:40:19Z" description="login check" finished-at="2019-03-05T08:40:22Z">
          <reporter-output>
          </reporter-output>
        </test-method> <!-- login -->
        <test-method status="PASS" signature="appSelection()[pri:3, instance:com.inferyx.framework.selenium.LoginPage@7a3d45bd]" name="appSelection" duration-ms="12123" started-at="2019-03-05T08:40:22Z" description="appSelection" finished-at="2019-03-05T08:40:34Z">
          <reporter-output>
          </reporter-output>
        </test-method> <!-- appSelection -->
      </class> <!-- com.inferyx.framework.selenium.LoginPage -->
    </test> <!-- LOGIN -->
    <test name="Data Profiling" duration-ms="10342" started-at="2019-03-05T08:40:34Z" finished-at="2019-03-05T08:40:44Z">
      <class name="com.inferyx.framework.dataProfiling.DataProfiling">
        <test-method status="PASS" signature="dataProfiling()[pri:1, instance:com.inferyx.framework.dataProfiling.DataProfiling@7a30d1e6]" name="dataProfiling" duration-ms="10338" started-at="2019-03-05T08:40:34Z" description="dataProfiling" finished-at="2019-03-05T08:40:44Z">
          <reporter-output>
          </reporter-output>
        </test-method> <!-- dataProfiling -->
      </class> <!-- com.inferyx.framework.dataProfiling.DataProfiling -->
    </test> <!-- Data Profiling -->
    <test name="Data Profiling Rule List Page" duration-ms="11618" started-at="2019-03-05T08:40:44Z" finished-at="2019-03-05T08:40:56Z">
      <class name="com.inferyx.framework.dataProfiling.rule.listPage.DataProfilingRule">
        <test-method status="PASS" signature="dataProfileRule()[pri:2, instance:com.inferyx.framework.dataProfiling.rule.listPage.DataProfilingRule@4e718207]" name="dataProfileRule" duration-ms="11614" started-at="2019-03-05T08:40:44Z" description="Data Profile Rule" finished-at="2019-03-05T08:40:56Z">
          <reporter-output>
          </reporter-output>
        </test-method> <!-- dataProfileRule -->
      </class> <!-- com.inferyx.framework.dataProfiling.rule.listPage.DataProfilingRule -->
    </test> <!-- Data Profiling Rule List Page -->
    <test name="Data Profiling Group List Page" duration-ms="11126" started-at="2019-03-05T08:40:56Z" finished-at="2019-03-05T08:41:07Z">
      <class name="com.inferyx.framework.dataProfiling.group.listPage.DataProfilingGroup">
        <test-method status="PASS" signature="dataVisualization()[pri:1, instance:com.inferyx.framework.dataProfiling.group.listPage.DataProfilingGroup@1fc2b765]" name="dataVisualization" duration-ms="11121" started-at="2019-03-05T08:40:56Z" description="Data Profile Group" finished-at="2019-03-05T08:41:07Z">
          <reporter-output>
          </reporter-output>
        </test-method> <!-- dataVisualization -->
      </class> <!-- com.inferyx.framework.dataProfiling.group.listPage.DataProfilingGroup -->
    </test> <!-- Data Profiling Group List Page -->
    <test name="Data Profiling Group" duration-ms="97225" started-at="2019-03-05T08:41:07Z" finished-at="2019-03-05T08:42:44Z">
      <class name="com.inferyx.framework.dataProfiling.group.DataProfilingGroupExecute">
        <test-method status="PASS" signature="groupExecute()[pri:18, instance:com.inferyx.framework.dataProfiling.group.DataProfilingGroupExecute@396e2f39]" name="groupExecute" duration-ms="11922" started-at="2019-03-05T08:41:07Z" description="Group Execute Action" finished-at="2019-03-05T08:41:19Z">
          <reporter-output>
          </reporter-output>
        </test-method> <!-- groupExecute -->
        <test-method status="PASS" signature="groupKilled()[pri:19, instance:com.inferyx.framework.dataProfiling.group.DataProfilingGroupExecute@396e2f39]" name="groupKilled" duration-ms="80886" started-at="2019-03-05T08:41:19Z" description="Rule Group Killed" finished-at="2019-03-05T08:42:40Z">
          <reporter-output>
          </reporter-output>
        </test-method> <!-- groupKilled -->
        <test-method status="FAIL" signature="groupRestart()[pri:20, instance:com.inferyx.framework.dataProfiling.group.DataProfilingGroupExecute@396e2f39]" name="groupRestart" duration-ms="4396" started-at="2019-03-05T08:42:40Z" description="Rule Group Restart" finished-at="2019-03-05T08:42:44Z">
          <exception class="org.openqa.selenium.WebDriverException">
            <message>
              <![CDATA[unknown error: Element <a ng-disabled="['Killed','Failed'].indexOf(row.entity.status)==-1" ng-click="grid.appScope.restartExec(row.entity)" disabled="disabled">...</a> is not clickable at point (1118, 609). Other element would receive the click: <li>...</li>
  (Session info: chrome=71.0.3578.98)
  (Driver info: chromedriver=2.41.578700 (2f1ed5f9343c13f73144538f15c00b370eda6706),platform=Linux 4.15.0-45-generic x86_64) (WARNING: The server did not provide any stacktrace information)
Command duration or timeout: 179 milliseconds
Build info: version: '3.2.0', revision: '8c03df6b79', time: '2017-02-23 10:51:31 +0000'
System info: host: 'rohini', ip: '10.10.0.14', os.name: 'Linux', os.arch: 'amd64', os.version: '4.15.0-45-generic', java.version: '1.8.0_191'
Driver info: org.openqa.selenium.chrome.ChromeDriver
Capabilities [{mobileEmulationEnabled=false, hasTouchScreen=false, platform=LINUX, acceptSslCerts=false, goog:chromeOptions={debuggerAddress=localhost:35275}, acceptInsecureCerts=false, webStorageEnabled=true, browserName=chrome, takesScreenshot=true, javascriptEnabled=true, setWindowRect=true, unexpectedAlertBehaviour=, applicationCacheEnabled=false, rotatable=false, networkConnectionEnabled=false, chrome={chromedriverVersion=2.41.578700 (2f1ed5f9343c13f73144538f15c00b370eda6706), userDataDir=/tmp/.org.chromium.Chromium.wTtgyn}, takesHeapSnapshot=true, pageLoadStrategy=normal, databaseEnabled=false, handlesAlerts=true, version=71.0.3578.98, browserConnectionEnabled=false, nativeEvents=true, locationContextEnabled=true, cssSelectorsEnabled=true}]
Session ID: 3338a7b82e5502dd846ca98fc2dde1ae]]>
            </message>
            <full-stacktrace>
              <![CDATA[org.openqa.selenium.WebDriverException: unknown error: Element <a ng-disabled="['Killed','Failed'].indexOf(row.entity.status)==-1" ng-click="grid.appScope.restartExec(row.entity)" disabled="disabled">...</a> is not clickable at point (1118, 609). Other element would receive the click: <li>...</li>
  (Session info: chrome=71.0.3578.98)
  (Driver info: chromedriver=2.41.578700 (2f1ed5f9343c13f73144538f15c00b370eda6706),platform=Linux 4.15.0-45-generic x86_64) (WARNING: The server did not provide any stacktrace information)
Command duration or timeout: 179 milliseconds
Build info: version: '3.2.0', revision: '8c03df6b79', time: '2017-02-23 10:51:31 +0000'
System info: host: 'rohini', ip: '10.10.0.14', os.name: 'Linux', os.arch: 'amd64', os.version: '4.15.0-45-generic', java.version: '1.8.0_191'
Driver info: org.openqa.selenium.chrome.ChromeDriver
Capabilities [{mobileEmulationEnabled=false, hasTouchScreen=false, platform=LINUX, acceptSslCerts=false, goog:chromeOptions={debuggerAddress=localhost:35275}, acceptInsecureCerts=false, webStorageEnabled=true, browserName=chrome, takesScreenshot=true, javascriptEnabled=true, setWindowRect=true, unexpectedAlertBehaviour=, applicationCacheEnabled=false, rotatable=false, networkConnectionEnabled=false, chrome={chromedriverVersion=2.41.578700 (2f1ed5f9343c13f73144538f15c00b370eda6706), userDataDir=/tmp/.org.chromium.Chromium.wTtgyn}, takesHeapSnapshot=true, pageLoadStrategy=normal, databaseEnabled=false, handlesAlerts=true, version=71.0.3578.98, browserConnectionEnabled=false, nativeEvents=true, locationContextEnabled=true, cssSelectorsEnabled=true}]
Session ID: 3338a7b82e5502dd846ca98fc2dde1ae
at sun.reflect.NativeConstructorAccessorImpl.newInstance0(Native Method)
at sun.reflect.NativeConstructorAccessorImpl.newInstance(NativeConstructorAccessorImpl.java:62)
at sun.reflect.DelegatingConstructorAccessorImpl.newInstance(DelegatingConstructorAccessorImpl.java:45)
at java.lang.reflect.Constructor.newInstance(Constructor.java:423)
at org.openqa.selenium.remote.ErrorHandler.createThrowable(ErrorHandler.java:216)
at org.openqa.selenium.remote.ErrorHandler.throwIfResponseFailed(ErrorHandler.java:168)
at org.openqa.selenium.remote.RemoteWebDriver.execute(RemoteWebDriver.java:638)
at org.openqa.selenium.remote.RemoteWebElement.execute(RemoteWebElement.java:274)
at org.openqa.selenium.remote.RemoteWebElement.click(RemoteWebElement.java:84)
at com.inferyx.framework.dataProfiling.group.DataProfilingGroupExecute.groupRestart(DataProfilingGroupExecute.java:92)
at sun.reflect.NativeMethodAccessorImpl.invoke0(Native Method)
at sun.reflect.NativeMethodAccessorImpl.invoke(NativeMethodAccessorImpl.java:62)
at sun.reflect.DelegatingMethodAccessorImpl.invoke(DelegatingMethodAccessorImpl.java:43)
at java.lang.reflect.Method.invoke(Method.java:498)
at org.testng.internal.MethodInvocationHelper.invokeMethod(MethodInvocationHelper.java:124)
at org.testng.internal.Invoker.invokeMethod(Invoker.java:583)
at org.testng.internal.Invoker.invokeTestMethod(Invoker.java:719)
at org.testng.internal.Invoker.invokeTestMethods(Invoker.java:989)
at org.testng.internal.TestMethodWorker.invokeTestMethods(TestMethodWorker.java:125)
at org.testng.internal.TestMethodWorker.run(TestMethodWorker.java:109)
at org.testng.TestRunner.privateRun(TestRunner.java:648)
at org.testng.TestRunner.run(TestRunner.java:505)
at org.testng.SuiteRunner.runTest(SuiteRunner.java:455)
at org.testng.SuiteRunner.runSequentially(SuiteRunner.java:450)
at org.testng.SuiteRunner.privateRun(SuiteRunner.java:415)
at org.testng.SuiteRunner.run(SuiteRunner.java:364)
at org.testng.SuiteRunnerWorker.runSuite(SuiteRunnerWorker.java:52)
at org.testng.SuiteRunnerWorker.run(SuiteRunnerWorker.java:84)
at org.testng.TestNG.runSuitesSequentially(TestNG.java:1208)
at org.testng.TestNG.runSuitesLocally(TestNG.java:1137)
at org.testng.TestNG.runSuites(TestNG.java:1049)
at org.testng.TestNG.run(TestNG.java:1017)
at org.testng.remote.AbstractRemoteTestNG.run(AbstractRemoteTestNG.java:114)
at org.testng.remote.RemoteTestNG.initAndRun(RemoteTestNG.java:251)
at org.testng.remote.RemoteTestNG.main(RemoteTestNG.java:77)
]]>
            </full-stacktrace>
          </exception> <!-- org.openqa.selenium.WebDriverException -->
          <reporter-output>
          </reporter-output>
        </test-method> <!-- groupRestart -->
      </class> <!-- com.inferyx.framework.dataProfiling.group.DataProfilingGroupExecute -->
    </test> <!-- Data Profiling Group -->
  </suite> <!-- seq tests -->
</testng-results>
